Oct 30, 2019 1:03:59 AM duke.task.Deadline <init>
WARNING: Error reading date/time, please use this format "d/MM/yyyy HHmm"
java.text.ParseException: Unparseable date: "2329302392"
	at java.base/java.text.DateFormat.parse(DateFormat.java:395)
	at duke.task.Deadline.<init>(Deadline.java:39)
	at duke.parser.Parser.parse(Parser.java:244)
	at duke.Duke.getCommand(Duke.java:153)
	at duke.MainWindow.handleUserInput(MainWindow.java:140)
	at java.base/jdk.internal.reflect.NativeMethodAccessorImpl.invoke0(Native Method)
	at java.base/jdk.internal.reflect.NativeMethodAccessorImpl.invoke(NativeMethodAccessorImpl.java:62)
	at java.base/jdk.internal.reflect.DelegatingMethodAccessorImpl.invoke(DelegatingMethodAccessorImpl.java:43)
	at java.base/java.lang.reflect.Method.invoke(Method.java:566)
	at com.sun.javafx.reflect.Trampoline.invoke(MethodUtil.java:76)
	at jdk.internal.reflect.GeneratedMethodAccessor2.invoke(Unknown Source)
	at java.base/jdk.internal.reflect.DelegatingMethodAccessorImpl.invoke(DelegatingMethodAccessorImpl.java:43)
	at java.base/java.lang.reflect.Method.invoke(Method.java:566)
	at javafx.base/com.sun.javafx.reflect.MethodUtil.invoke(MethodUtil.java:275)
	at javafx.fxml/com.sun.javafx.fxml.MethodHelper.invoke(MethodHelper.java:83)
	at javafx.fxml/javafx.fxml.FXMLLoader$MethodHandler.invoke(FXMLLoader.java:1784)
	at javafx.fxml/javafx.fxml.FXMLLoader$ControllerMethodEventHandler.handle(FXMLLoader.java:1670)
	at javafx.base/com.sun.javafx.event.CompositeEventHandler.dispatchBubblingEvent(CompositeEventHandler.java:86)
	at javafx.base/com.sun.javafx.event.EventHandlerManager.dispatchBubblingEvent(EventHandlerManager.java:238)
	at javafx.base/com.sun.javafx.event.EventHandlerManager.dispatchBubblingEvent(EventHandlerManager.java:191)
	at javafx.base/com.sun.javafx.event.CompositeEventDispatcher.dispatchBubblingEvent(CompositeEventDispatcher.java:59)
	at javafx.base/com.sun.javafx.event.BasicEventDispatcher.dispatchEvent(BasicEventDispatcher.java:58)
	at javafx.base/com.sun.javafx.event.EventDispatchChainImpl.dispatchEvent(EventDispatchChainImpl.java:114)
	at javafx.base/com.sun.javafx.event.BasicEventDispatcher.dispatchEvent(BasicEventDispatcher.java:56)
	at javafx.base/com.sun.javafx.event.EventDispatchChainImpl.dispatchEvent(EventDispatchChainImpl.java:114)
	at javafx.base/com.sun.javafx.event.BasicEventDispatcher.dispatchEvent(BasicEventDispatcher.java:56)
	at javafx.base/com.sun.javafx.event.EventDispatchChainImpl.dispatchEvent(EventDispatchChainImpl.java:114)
	at javafx.base/com.sun.javafx.event.EventUtil.fireEventImpl(EventUtil.java:74)
	at javafx.base/com.sun.javafx.event.EventUtil.fireEvent(EventUtil.java:49)
	at javafx.base/javafx.event.Event.fireEvent(Event.java:198)
	at javafx.graphics/javafx.scene.Node.fireEvent(Node.java:8865)
	at javafx.controls/com.sun.javafx.scene.control.behavior.TextFieldBehavior.fire(TextFieldBehavior.java:184)
	at javafx.controls/com.sun.javafx.scene.control.behavior.TextInputControlBehavior.lambda$keyMapping$62(TextInputControlBehavior.java:330)
	at javafx.controls/com.sun.javafx.scene.control.inputmap.InputMap.handle(InputMap.java:274)
	at javafx.base/com.sun.javafx.event.CompositeEventHandler$NormalEventHandlerRecord.handleBubblingEvent(CompositeEventHandler.java:218)
	at javafx.base/com.sun.javafx.event.CompositeEventHandler.dispatchBubblingEvent(CompositeEventHandler.java:80)
	at javafx.base/com.sun.javafx.event.EventHandlerManager.dispatchBubblingEvent(EventHandlerManager.java:238)
	at javafx.base/com.sun.javafx.event.EventHandlerManager.dispatchBubblingEvent(EventHandlerManager.java:191)
	at javafx.base/com.sun.javafx.event.CompositeEventDispatcher.dispatchBubblingEvent(CompositeEventDispatcher.java:59)
	at javafx.base/com.sun.javafx.event.BasicEventDispatcher.dispatchEvent(BasicEventDispatcher.java:58)
	at javafx.base/com.sun.javafx.event.EventDispatchChainImpl.dispatchEvent(EventDispatchChainImpl.java:114)
	at javafx.base/com.sun.javafx.event.BasicEventDispatcher.dispatchEvent(BasicEventDispatcher.java:56)
	at javafx.base/com.sun.javafx.event.EventDispatchChainImpl.dispatchEvent(EventDispatchChainImpl.java:114)
	at javafx.base/com.sun.javafx.event.BasicEventDispatcher.dispatchEvent(BasicEventDispatcher.java:56)
	at javafx.base/com.sun.javafx.event.EventDispatchChainImpl.dispatchEvent(EventDispatchChainImpl.java:114)
	at javafx.base/com.sun.javafx.event.EventUtil.fireEventImpl(EventUtil.java:74)
	at javafx.base/com.sun.javafx.event.EventUtil.fireEvent(EventUtil.java:54)
	at javafx.base/javafx.event.Event.fireEvent(Event.java:198)
	at javafx.graphics/javafx.scene.Scene$KeyHandler.process(Scene.java:4083)
	at javafx.graphics/javafx.scene.Scene$KeyHandler.access$1600(Scene.java:4029)
	at javafx.graphics/javafx.scene.Scene.processKeyEvent(Scene.java:2146)
	at javafx.graphics/javafx.scene.Scene$ScenePeerListener.keyEvent(Scene.java:2620)
	at javafx.graphics/com.sun.javafx.tk.quantum.GlassViewEventHandler$KeyEventNotification.run(GlassViewEventHandler.java:217)
	at javafx.graphics/com.sun.javafx.tk.quantum.GlassViewEventHandler$KeyEventNotification.run(GlassViewEventHandler.java:149)
	at java.base/java.security.AccessController.doPrivileged(Native Method)
	at javafx.graphics/com.sun.javafx.tk.quantum.GlassViewEventHandler.lambda$handleKeyEvent$1(GlassViewEventHandler.java:248)
	at javafx.graphics/com.sun.javafx.tk.quantum.QuantumToolkit.runWithoutRenderLock(QuantumToolkit.java:395)
	at javafx.graphics/com.sun.javafx.tk.quantum.GlassViewEventHandler.handleKeyEvent(GlassViewEventHandler.java:247)
	at javafx.graphics/com.sun.glass.ui.View.handleKeyEvent(View.java:547)
	at javafx.graphics/com.sun.glass.ui.View.notifyKey(View.java:971)
	at javafx.graphics/com.sun.glass.ui.win.WinApplication._runLoop(Native Method)
	at javafx.graphics/com.sun.glass.ui.win.WinApplication.lambda$runLoop$3(WinApplication.java:175)
	at java.base/java.lang.Thread.run(Thread.java:834)

Oct 30, 2019 1:03:59 AM duke.MainWindow handleUserInput
WARNING:      New error, please read console:
     Duke will continue as per normal.

java.text.ParseException: Unparseable date: "2329302392"
	at java.base/java.text.DateFormat.parse(DateFormat.java:395)
	at duke.task.Deadline.<init>(Deadline.java:39)
	at duke.parser.Parser.parse(Parser.java:244)
	at duke.Duke.getCommand(Duke.java:153)
	at duke.MainWindow.handleUserInput(MainWindow.java:140)
	at java.base/jdk.internal.reflect.NativeMethodAccessorImpl.invoke0(Native Method)
	at java.base/jdk.internal.reflect.NativeMethodAccessorImpl.invoke(NativeMethodAccessorImpl.java:62)
	at java.base/jdk.internal.reflect.DelegatingMethodAccessorImpl.invoke(DelegatingMethodAccessorImpl.java:43)
	at java.base/java.lang.reflect.Method.invoke(Method.java:566)
	at com.sun.javafx.reflect.Trampoline.invoke(MethodUtil.java:76)
	at jdk.internal.reflect.GeneratedMethodAccessor2.invoke(Unknown Source)
	at java.base/jdk.internal.reflect.DelegatingMethodAccessorImpl.invoke(DelegatingMethodAccessorImpl.java:43)
	at java.base/java.lang.reflect.Method.invoke(Method.java:566)
	at javafx.base/com.sun.javafx.reflect.MethodUtil.invoke(MethodUtil.java:275)
	at javafx.fxml/com.sun.javafx.fxml.MethodHelper.invoke(MethodHelper.java:83)
	at javafx.fxml/javafx.fxml.FXMLLoader$MethodHandler.invoke(FXMLLoader.java:1784)
	at javafx.fxml/javafx.fxml.FXMLLoader$ControllerMethodEventHandler.handle(FXMLLoader.java:1670)
	at javafx.base/com.sun.javafx.event.CompositeEventHandler.dispatchBubblingEvent(CompositeEventHandler.java:86)
	at javafx.base/com.sun.javafx.event.EventHandlerManager.dispatchBubblingEvent(EventHandlerManager.java:238)
	at javafx.base/com.sun.javafx.event.EventHandlerManager.dispatchBubblingEvent(EventHandlerManager.java:191)
	at javafx.base/com.sun.javafx.event.CompositeEventDispatcher.dispatchBubblingEvent(CompositeEventDispatcher.java:59)
	at javafx.base/com.sun.javafx.event.BasicEventDispatcher.dispatchEvent(BasicEventDispatcher.java:58)
	at javafx.base/com.sun.javafx.event.EventDispatchChainImpl.dispatchEvent(EventDispatchChainImpl.java:114)
	at javafx.base/com.sun.javafx.event.BasicEventDispatcher.dispatchEvent(BasicEventDispatcher.java:56)
	at javafx.base/com.sun.javafx.event.EventDispatchChainImpl.dispatchEvent(EventDispatchChainImpl.java:114)
	at javafx.base/com.sun.javafx.event.BasicEventDispatcher.dispatchEvent(BasicEventDispatcher.java:56)
	at javafx.base/com.sun.javafx.event.EventDispatchChainImpl.dispatchEvent(EventDispatchChainImpl.java:114)
	at javafx.base/com.sun.javafx.event.EventUtil.fireEventImpl(EventUtil.java:74)
	at javafx.base/com.sun.javafx.event.EventUtil.fireEvent(EventUtil.java:49)
	at javafx.base/javafx.event.Event.fireEvent(Event.java:198)
	at javafx.graphics/javafx.scene.Node.fireEvent(Node.java:8865)
	at javafx.controls/com.sun.javafx.scene.control.behavior.TextFieldBehavior.fire(TextFieldBehavior.java:184)
	at javafx.controls/com.sun.javafx.scene.control.behavior.TextInputControlBehavior.lambda$keyMapping$62(TextInputControlBehavior.java:330)
	at javafx.controls/com.sun.javafx.scene.control.inputmap.InputMap.handle(InputMap.java:274)
	at javafx.base/com.sun.javafx.event.CompositeEventHandler$NormalEventHandlerRecord.handleBubblingEvent(CompositeEventHandler.java:218)
	at javafx.base/com.sun.javafx.event.CompositeEventHandler.dispatchBubblingEvent(CompositeEventHandler.java:80)
	at javafx.base/com.sun.javafx.event.EventHandlerManager.dispatchBubblingEvent(EventHandlerManager.java:238)
	at javafx.base/com.sun.javafx.event.EventHandlerManager.dispatchBubblingEvent(EventHandlerManager.java:191)
	at javafx.base/com.sun.javafx.event.CompositeEventDispatcher.dispatchBubblingEvent(CompositeEventDispatcher.java:59)
	at javafx.base/com.sun.javafx.event.BasicEventDispatcher.dispatchEvent(BasicEventDispatcher.java:58)
	at javafx.base/com.sun.javafx.event.EventDispatchChainImpl.dispatchEvent(EventDispatchChainImpl.java:114)
	at javafx.base/com.sun.javafx.event.BasicEventDispatcher.dispatchEvent(BasicEventDispatcher.java:56)
	at javafx.base/com.sun.javafx.event.EventDispatchChainImpl.dispatchEvent(EventDispatchChainImpl.java:114)
	at javafx.base/com.sun.javafx.event.BasicEventDispatcher.dispatchEvent(BasicEventDispatcher.java:56)
	at javafx.base/com.sun.javafx.event.EventDispatchChainImpl.dispatchEvent(EventDispatchChainImpl.java:114)
	at javafx.base/com.sun.javafx.event.EventUtil.fireEventImpl(EventUtil.java:74)
	at javafx.base/com.sun.javafx.event.EventUtil.fireEvent(EventUtil.java:54)
	at javafx.base/javafx.event.Event.fireEvent(Event.java:198)
	at javafx.graphics/javafx.scene.Scene$KeyHandler.process(Scene.java:4083)
	at javafx.graphics/javafx.scene.Scene$KeyHandler.access$1600(Scene.java:4029)
	at javafx.graphics/javafx.scene.Scene.processKeyEvent(Scene.java:2146)
	at javafx.graphics/javafx.scene.Scene$ScenePeerListener.keyEvent(Scene.java:2620)
	at javafx.graphics/com.sun.javafx.tk.quantum.GlassViewEventHandler$KeyEventNotification.run(GlassViewEventHandler.java:217)
	at javafx.graphics/com.sun.javafx.tk.quantum.GlassViewEventHandler$KeyEventNotification.run(GlassViewEventHandler.java:149)
	at java.base/java.security.AccessController.doPrivileged(Native Method)
	at javafx.graphics/com.sun.javafx.tk.quantum.GlassViewEventHandler.lambda$handleKeyEvent$1(GlassViewEventHandler.java:248)
	at javafx.graphics/com.sun.javafx.tk.quantum.QuantumToolkit.runWithoutRenderLock(QuantumToolkit.java:395)
	at javafx.graphics/com.sun.javafx.tk.quantum.GlassViewEventHandler.handleKeyEvent(GlassViewEventHandler.java:247)
	at javafx.graphics/com.sun.glass.ui.View.handleKeyEvent(View.java:547)
	at javafx.graphics/com.sun.glass.ui.View.notifyKey(View.java:971)
	at javafx.graphics/com.sun.glass.ui.win.WinApplication._runLoop(Native Method)
	at javafx.graphics/com.sun.glass.ui.win.WinApplication.lambda$runLoop$3(WinApplication.java:175)
	at java.base/java.lang.Thread.run(Thread.java:834)

Oct 30, 2019 4:15:37 PM duke.Duke <init>
SEVERE: Storage text file is not found
Oct 30, 2019 4:15:37 PM duke.Duke <init>
SEVERE: Priority storage text file is not found
Oct 30, 2019 4:15:37 PM duke.Duke <init>
SEVERE: Contact list text file is not found
Oct 30, 2019 4:15:37 PM duke.Duke <init>
SEVERE: Budget list text file is not found
Oct 30, 2019 4:19:47 PM duke.task.Deadline <init>
WARNING: Error reading date/time, please use this format "d/MM/yyyy HHmm"
java.text.ParseException: Unparseable date: "2"
	at java.base/java.text.DateFormat.parse(DateFormat.java:395)
	at duke.task.Deadline.<init>(Deadline.java:39)
	at duke.parser.Parser.parse(Parser.java:244)
	at duke.Duke.run(Duke.java:221)
	at duke.Duke.main(Duke.java:259)

Oct 30, 2019 4:19:47 PM duke.Duke run
WARNING: New error, please fix
java.text.ParseException: Unparseable date: "2"
	at java.base/java.text.DateFormat.parse(DateFormat.java:395)
	at duke.task.Deadline.<init>(Deadline.java:39)
	at duke.parser.Parser.parse(Parser.java:244)
	at duke.Duke.run(Duke.java:221)
	at duke.Duke.main(Duke.java:259)

Oct 30, 2019 4:25:26 PM duke.Duke run
WARNING: New error, please fix
java.io.FileNotFoundException: Users/alec_home/Desktop/CS2113/main/data/priority.txt (No such file or directory)
	at java.base/java.io.FileOutputStream.open0(Native Method)
	at java.base/java.io.FileOutputStream.open(FileOutputStream.java:292)
	at java.base/java.io.FileOutputStream.<init>(FileOutputStream.java:235)
	at java.base/java.io.FileOutputStream.<init>(FileOutputStream.java:124)
	at java.base/java.io.FileWriter.<init>(FileWriter.java:66)
	at duke.storage.PriorityStorage.write(PriorityStorage.java:78)
	at duke.Duke.run(Duke.java:223)
	at duke.Duke.main(Duke.java:259)

Oct 30, 2019 4:26:43 PM duke.Duke <init>
SEVERE: Storage text file is not found
Oct 30, 2019 4:26:43 PM duke.Duke <init>
SEVERE: Priority storage text file is not found
Oct 30, 2019 4:26:43 PM duke.Duke <init>
SEVERE: Contact list text file is not found
Oct 30, 2019 4:26:43 PM duke.Duke <init>
SEVERE: Budget list text file is not found
Oct 30, 2019 4:26:57 PM duke.Duke <init>
SEVERE: Storage text file is not found
Oct 30, 2019 4:26:57 PM duke.Duke <init>
SEVERE: Priority storage text file is not found
Oct 30, 2019 4:26:57 PM duke.Duke <init>
SEVERE: Contact list text file is not found
Oct 30, 2019 4:26:57 PM duke.Duke <init>
SEVERE: Budget list text file is not found
Oct 30, 2019 4:29:29 PM duke.Duke <init>
SEVERE: Storage text file is not found
Oct 30, 2019 4:29:29 PM duke.Duke <init>
SEVERE: Priority storage text file is not found
Oct 30, 2019 4:29:29 PM duke.Duke <init>
SEVERE: Contact list text file is not found
Oct 30, 2019 4:29:29 PM duke.Duke <init>
SEVERE: Budget list text file is not found
Oct 30, 2019 4:29:42 PM duke.Duke <init>
SEVERE: Storage text file is not found
Oct 30, 2019 4:29:42 PM duke.Duke <init>
SEVERE: Priority storage text file is not found
Oct 30, 2019 4:29:42 PM duke.Duke <init>
SEVERE: Contact list text file is not found
Oct 30, 2019 4:29:42 PM duke.Duke <init>
SEVERE: Budget list text file is not found
Oct 30, 2019 4:30:28 PM duke.Duke <init>
SEVERE: Storage text file is not found
Oct 30, 2019 4:30:28 PM duke.Duke <init>
SEVERE: Priority storage text file is not found
Oct 30, 2019 4:30:28 PM duke.Duke <init>
SEVERE: Contact list text file is not found
Oct 30, 2019 4:30:28 PM duke.Duke <init>
SEVERE: Budget list text file is not found
Oct 30, 2019 4:44:30 PM duke.Duke <init>
SEVERE: Storage text file is not found
Oct 30, 2019 4:44:30 PM duke.Duke <init>
SEVERE: Priority storage text file is not found
Oct 30, 2019 4:44:30 PM duke.Duke <init>
SEVERE: Contact list text file is not found
Oct 30, 2019 4:44:30 PM duke.Duke <init>
SEVERE: Budget list text file is not found
Oct 30, 2019 9:21:27 PM duke.Duke <init>
SEVERE: Storage text file is not found
Oct 30, 2019 9:21:27 PM duke.Duke <init>
SEVERE: Priority storage text file is not found
Oct 30, 2019 9:21:27 PM duke.Duke <init>
SEVERE: Contact list text file is not found
Oct 30, 2019 9:21:27 PM duke.Duke <init>
SEVERE: Budget list text file is not found
Oct 30, 2019 9:25:28 PM duke.Duke <init>
SEVERE: Storage text file is not found
Oct 30, 2019 9:25:28 PM duke.Duke <init>
SEVERE: Priority storage text file is not found
Oct 30, 2019 9:25:28 PM duke.Duke <init>
SEVERE: Contact list text file is not found
Oct 30, 2019 9:25:28 PM duke.Duke <init>
SEVERE: Budget list text file is not found
Oct 30, 2019 9:25:37 PM duke.Duke run
WARNING: New error, please fix
java.lang.IllegalArgumentException: Cannot format given Object as a Date
	at java.base/java.text.DateFormat.format(DateFormat.java:338)
	at java.base/java.text.Format.format(Format.java:158)
	at duke.parser.Parser.parse(Parser.java:411)
	at duke.Duke.run(Duke.java:221)
	at duke.Duke.main(Duke.java:259)

Oct 30, 2019 9:25:46 PM duke.Duke run
WARNING: New error, please fix
java.lang.IllegalArgumentException: Cannot format given Object as a Date
	at java.base/java.text.DateFormat.format(DateFormat.java:338)
	at java.base/java.text.Format.format(Format.java:158)
	at duke.parser.Parser.parse(Parser.java:411)
	at duke.Duke.run(Duke.java:221)
	at duke.Duke.main(Duke.java:259)

Oct 30, 2019 9:26:54 PM duke.Duke <init>
SEVERE: Storage text file is not found
Oct 30, 2019 9:26:54 PM duke.Duke <init>
SEVERE: Priority storage text file is not found
Oct 30, 2019 9:26:54 PM duke.Duke <init>
SEVERE: Contact list text file is not found
Oct 30, 2019 9:26:54 PM duke.Duke <init>
SEVERE: Budget list text file is not found
Oct 30, 2019 9:27:46 PM duke.Duke <init>
SEVERE: Storage text file is not found
Oct 30, 2019 9:27:46 PM duke.Duke <init>
SEVERE: Priority storage text file is not found
Oct 30, 2019 9:27:46 PM duke.Duke <init>
SEVERE: Contact list text file is not found
Oct 30, 2019 9:27:46 PM duke.Duke <init>
SEVERE: Budget list text file is not found
Oct 30, 2019 9:27:53 PM duke.Duke run
WARNING: New error, please fix
java.text.ParseException: Unparseable date: "01/12/2019"
	at java.base/java.text.DateFormat.parse(DateFormat.java:395)
	at duke.parser.Parser.parse(Parser.java:411)
	at duke.Duke.run(Duke.java:221)
	at duke.Duke.main(Duke.java:259)

Oct 30, 2019 9:29:00 PM duke.Duke <init>
SEVERE: Storage text file is not found
Oct 30, 2019 9:29:00 PM duke.Duke <init>
SEVERE: Priority storage text file is not found
Oct 30, 2019 9:29:00 PM duke.Duke <init>
SEVERE: Contact list text file is not found
Oct 30, 2019 9:29:00 PM duke.Duke <init>
SEVERE: Budget list text file is not found
Oct 30, 2019 9:29:08 PM duke.Duke run
WARNING: New error, please fix
java.text.ParseException: Unparseable date: "01/12/2019"
	at java.base/java.text.DateFormat.parse(DateFormat.java:395)
	at duke.parser.Parser.parse(Parser.java:411)
	at duke.Duke.run(Duke.java:221)
	at duke.Duke.main(Duke.java:259)

Oct 30, 2019 9:29:37 PM duke.Duke <init>
SEVERE: Storage text file is not found
Oct 30, 2019 9:29:37 PM duke.Duke <init>
SEVERE: Priority storage text file is not found
Oct 30, 2019 9:29:37 PM duke.Duke <init>
SEVERE: Contact list text file is not found
Oct 30, 2019 9:29:37 PM duke.Duke <init>
SEVERE: Budget list text file is not found
Oct 30, 2019 9:29:43 PM duke.Duke run
WARNING: New error, please fix
java.text.ParseException: Unparseable date: "01/12/2019"
	at java.base/java.text.DateFormat.parse(DateFormat.java:395)
	at duke.parser.Parser.parse(Parser.java:411)
	at duke.Duke.run(Duke.java:221)
	at duke.Duke.main(Duke.java:259)

Oct 30, 2019 9:29:51 PM duke.Duke run
WARNING: New error, please fix
java.text.ParseException: Unparseable date: "01/12/2019 0000"
	at java.base/java.text.DateFormat.parse(DateFormat.java:395)
	at duke.parser.Parser.parse(Parser.java:411)
	at duke.Duke.run(Duke.java:221)
	at duke.Duke.main(Duke.java:259)

Oct 30, 2019 9:30:51 PM duke.Duke <init>
SEVERE: Storage text file is not found
Oct 30, 2019 9:30:51 PM duke.Duke <init>
SEVERE: Priority storage text file is not found
Oct 30, 2019 9:30:51 PM duke.Duke <init>
SEVERE: Contact list text file is not found
Oct 30, 2019 9:30:51 PM duke.Duke <init>
SEVERE: Budget list text file is not found
Oct 30, 2019 9:32:34 PM duke.Duke <init>
SEVERE: Storage text file is not found
Oct 30, 2019 9:32:34 PM duke.Duke <init>
SEVERE: Priority storage text file is not found
Oct 30, 2019 9:32:34 PM duke.Duke <init>
SEVERE: Contact list text file is not found
Oct 30, 2019 9:32:34 PM duke.Duke <init>
SEVERE: Budget list text file is not found
Oct 30, 2019 9:36:40 PM duke.Duke <init>
SEVERE: Storage text file is not found
Oct 30, 2019 9:36:40 PM duke.Duke <init>
SEVERE: Priority storage text file is not found
Oct 30, 2019 9:36:40 PM duke.Duke <init>
SEVERE: Contact list text file is not found
Oct 30, 2019 9:36:40 PM duke.Duke <init>
SEVERE: Budget list text file is not found
Oct 30, 2019 9:47:20 PM duke.Duke <init>
SEVERE: Storage text file is not found
Oct 30, 2019 9:47:20 PM duke.Duke <init>
SEVERE: Priority storage text file is not found
Oct 30, 2019 9:47:20 PM duke.Duke <init>
SEVERE: Contact list text file is not found
Oct 30, 2019 9:47:20 PM duke.Duke <init>
SEVERE: Budget list text file is not found
Oct 30, 2019 9:48:28 PM duke.Duke run
WARNING: New error, please fix
java.text.ParseException: Unparseable date: ""
	at java.base/java.text.DateFormat.parse(DateFormat.java:395)
	at duke.parser.Parser.parse(Parser.java:402)
	at duke.Duke.run(Duke.java:221)
	at duke.Duke.main(Duke.java:259)

Oct 30, 2019 9:50:02 PM duke.Duke <init>
SEVERE: Storage text file is not found
Oct 30, 2019 9:50:02 PM duke.Duke <init>
SEVERE: Priority storage text file is not found
Oct 30, 2019 9:50:02 PM duke.Duke <init>
SEVERE: Contact list text file is not found
Oct 30, 2019 9:50:02 PM duke.Duke <init>
SEVERE: Budget list text file is not found
Oct 30, 2019 9:50:26 PM duke.Duke run
WARNING: New error, please fix
java.text.ParseException: Unparseable date: ""
	at java.base/java.text.DateFormat.parse(DateFormat.java:395)
	at duke.parser.Parser.parse(Parser.java:403)
	at duke.Duke.run(Duke.java:221)
	at duke.Duke.main(Duke.java:259)

Oct 30, 2019 9:50:46 PM duke.Duke <init>
SEVERE: Storage text file is not found
Oct 30, 2019 9:50:46 PM duke.Duke <init>
SEVERE: Priority storage text file is not found
Oct 30, 2019 9:50:46 PM duke.Duke <init>
SEVERE: Contact list text file is not found
Oct 30, 2019 9:50:46 PM duke.Duke <init>
SEVERE: Budget list text file is not found
