#
# There is insufficient memory for the Java Runtime Environment to continue.
# Native memory allocation (malloc) failed to allocate 2048 bytes for Failed to allocate _fine_grain_entries.
# Possible reasons:
#   The system is out of physical RAM or swap space
#   The process is running with CompressedOops enabled, and the Java Heap may be blocking the growth of the native heap
# Possible solutions:
#   Reduce memory load on the system
#   Increase physical memory or swap space
#   Check if swap backing store is full
#   Decrease Java heap size (-Xmx/-Xms)
#   Decrease number of Java threads
#   Decrease Java thread stack sizes (-Xss)
#   Set larger code cache with -XX:ReservedCodeCacheSize=
# This output file may be truncated or incomplete.
#
#  Out of Memory Error (t:/workspace/open/src/hotspot/share/gc/g1/heapRegionRemSet.cpp:270), pid=16192, tid=15928
#
# JRE version:  (11.0.4+10) (build )
# Java VM: Java HotSpot(TM) 64-Bit Server VM (11.0.4+10-LTS, mixed mode, aot, sharing, tiered, compressed oops, g1 gc, windows-amd64)
# No core dump will be written. Minidumps are not enabled by default on client versions of Windows
#

---------------  S U M M A R Y ------------

Command Line: --add-modules=javafx.controls,javafx.fxml --module-path=C:\Users\Abhijit\.gradle\caches\modules-2\files-2.1\org.openjfx\javafx-fxml\11.0.2\b3242e4c031558574de2a1da685bb5fcdbb8a530\javafx-fxml-11.0.2-win.jar;C:\Users\Abhijit\.gradle\caches\modules-2\files-2.1\org.openjfx\javafx-controls\11.0.2\6c763707769c18adce406904c771c2ad1fcc370b\javafx-controls-11.0.2-win.jar;C:\Users\Abhijit\.gradle\caches\modules-2\files-2.1\org.openjfx\javafx-graphics\11.0.2\20459ea2cf714942bcbeb78a7f70ba3531dc1a44\javafx-graphics-11.0.2-win.jar;C:\Users\Abhijit\.gradle\caches\modules-2\files-2.1\org.openjfx\javafx-base\11.0.2\1852e57b8cf9a9b6488c33605bccd5d06ff210e1\javafx-base-11.0.2-win.jar -Dfile.encoding=windows-1252 -Duser.country=SG -Duser.language=en -Duser.variant rims/core/Rims

Host: Intel(R) Core(TM) i5-7300U CPU @ 2.60GHz, 4 cores, 7G,  Windows 10 , 64 bit Build 18362 (10.0.18362.329)
Time: Thu Oct 31 11:31:02 2019 Malay Peninsula Standard Time elapsed time: 0 seconds (0d 0h 0m 0s)

---------------  T H R E A D  ---------------

Current thread (0x0000019782797000):  JavaThread "Unknown thread" [_thread_in_vm, id=15928, stack(0x0000003054c00000,0x0000003054d00000)]

Stack: [0x0000003054c00000,0x0000003054d00000]
Native frames: (J=compiled Java code, j=interpreted, Vv=VM code, C=native code)
V  [jvm.dll+0x635bda]
V  [jvm.dll+0x77360f]
V  [jvm.dll+0x774cba]
V  [jvm.dll+0x775373]
V  [jvm.dll+0x25e668]
V  [jvm.dll+0x3673f2]
V  [jvm.dll+0x364185]
V  [jvm.dll+0x2f3974]
V  [jvm.dll+0x366846]
V  [jvm.dll+0x366190]
V  [jvm.dll+0x2f1b18]
V  [jvm.dll+0x2f2c86]
V  [jvm.dll+0x74c777]
V  [jvm.dll+0x74debf]
V  [jvm.dll+0x3735a9]
V  [jvm.dll+0x732e09]
V  [jvm.dll+0x3e2c0d]
V  [jvm.dll+0x3e4ee1]
C  [java.exe+0x3607]
C  [java.exe+0x178dc]
C  [KERNEL32.DLL+0x17bd4]
C  [ntdll.dll+0x6ced1]


---------------  P R O C E S S  ---------------

Threads class SMR info:
_java_thread_list=0x00000197806f5cb0, length=0, elements={
}

Java Threads: ( => current thread )

Other Threads:
  0x00000197827ae800 GCTaskThread "GC Thread#0" [stack: 0x0000003054d00000,0x0000003054e00000] [id=19840]
  0x00000197827de800 ConcurrentGCThread "G1 Main Marker" [stack: 0x0000003054e00000,0x0000003054f00000] [id=20908]
  0x00000197827df800 ConcurrentGCThread "G1 Conc#0" [stack: 0x0000003054f00000,0x0000003055000000] [id=14896]

[error occurred during error reporting (printing all threads), id 0xc0000005, EXCEPTION_ACCESS_VIOLATION (0xc0000005) at pc=0x00007ffa73f303e7]

VM state:not at safepoint (not fully initialized)

VM Mutex/Monitor currently owned by a thread:  ([mutex/lock_event])
[0x00000197827938f0] Heap_lock - owner thread: 0x0000019782797000

Heap address: 0x0000000081200000, size: 2030 MB, Compressed Oops mode: Non-zero based: 0x0000000081200000
Narrow klass base: 0x0000000000000000, Narrow klass shift: 0

GC Heap History (0 events):
No events

Deoptimization events (0 events):
No events

Classes redefined (0 events):
No events

Internal exceptions (0 events):
No events

Events (0 events):
No events


Dynamic libraries:
0x00007ff7421a0000 - 0x00007ff7421e7000 	C:\Program Files\Java\jdk-11.0.4\bin\java.exe
0x00007ffaa6e00000 - 0x00007ffaa6ff0000 	C:\WINDOWS\SYSTEM32\ntdll.dll
0x00007ffaa6ac0000 - 0x00007ffaa6b72000 	C:\WINDOWS\System32\KERNEL32.DLL
0x00007ffaa46e0000 - 0x00007ffaa4983000 	C:\WINDOWS\System32\KERNELBASE.dll
0x00007ffaa6260000 - 0x00007ffaa6303000 	C:\WINDOWS\System32\ADVAPI32.dll
0x00007ffaa4eb0000 - 0x00007ffaa4f4e000 	C:\WINDOWS\System32\msvcrt.dll
0x00007ffaa6b80000 - 0x00007ffaa6c17000 	C:\WINDOWS\System32\sechost.dll
0x00007ffaa6ca0000 - 0x00007ffaa6dc0000 	C:\WINDOWS\System32\RPCRT4.dll
0x00007ffaa5ec0000 - 0x00007ffaa6054000 	C:\WINDOWS\System32\USER32.dll
0x00007ffaa4e80000 - 0x00007ffaa4ea1000 	C:\WINDOWS\System32\win32u.dll
0x00007ffaa6230000 - 0x00007ffaa6256000 	C:\WINDOWS\System32\GDI32.dll
0x00007ffaa4b30000 - 0x00007ffaa4cc4000 	C:\WINDOWS\System32\gdi32full.dll
0x00007ffaa3e40000 - 0x00007ffaa3ede000 	C:\WINDOWS\System32\msvcp_win.dll
0x00007ffaa4a30000 - 0x00007ffaa4b2a000 	C:\WINDOWS\System32\ucrtbase.dll
0x00007ffa8a380000 - 0x00007ffa8a605000 	C:\WINDOWS\WinSxS\amd64_microsoft.windows.common-controls_6595b64144ccf1df_6.0.18362.418_none_e6c6b287130d565d\COMCTL32.dll
0x00007ffa944b0000 - 0x00007ffa944ba000 	C:\WINDOWS\SYSTEM32\VERSION.dll
0x00007ffaa59e0000 - 0x00007ffaa5d16000 	C:\WINDOWS\System32\combase.dll
0x00007ffaa4660000 - 0x00007ffaa46e0000 	C:\WINDOWS\System32\bcryptPrimitives.dll
0x00007ffaa5930000 - 0x00007ffaa595e000 	C:\WINDOWS\System32\IMM32.DLL
0x00007ffa9abc0000 - 0x00007ffa9abd6000 	C:\Program Files\Java\jdk-11.0.4\bin\vcruntime140.dll
0x00007ffa89110000 - 0x00007ffa891ba000 	C:\Program Files\Java\jdk-11.0.4\bin\msvcp140.dll
0x00007ffa73c30000 - 0x00007ffa74757000 	C:\Program Files\Java\jdk-11.0.4\bin\server\jvm.dll
0x00007ffaa5500000 - 0x00007ffaa5508000 	C:\WINDOWS\System32\PSAPI.DLL
0x00007ffa954f0000 - 0x00007ffa954f9000 	C:\WINDOWS\SYSTEM32\WSOCK32.dll
0x00007ffaa5700000 - 0x00007ffaa576f000 	C:\WINDOWS\System32\WS2_32.dll
0x00007ffa9cf80000 - 0x00007ffa9cfa4000 	C:\WINDOWS\SYSTEM32\WINMM.dll
0x00007ffa9cf50000 - 0x00007ffa9cf7d000 	C:\WINDOWS\SYSTEM32\WINMMBASE.dll
0x00007ffaa4990000 - 0x00007ffaa49da000 	C:\WINDOWS\System32\cfgmgr32.dll
0x00007ffaa3d20000 - 0x00007ffaa3d31000 	C:\WINDOWS\System32\kernel.appcore.dll
0x00007ffa99530000 - 0x00007ffa99541000 	C:\Program Files\Java\jdk-11.0.4\bin\verify.dll
0x00007ffaa26b0000 - 0x00007ffaa28a4000 	C:\WINDOWS\SYSTEM32\DBGHELP.DLL
0x00007ffa90e70000 - 0x00007ffa90e9a000 	C:\WINDOWS\SYSTEM32\dbgcore.DLL
0x00007ffa99360000 - 0x00007ffa99389000 	C:\Program Files\Java\jdk-11.0.4\bin\java.dll
0x00007ffa99340000 - 0x00007ffa99356000 	C:\Program Files\Java\jdk-11.0.4\bin\zip.dll
0x00007ffaa1750000 - 0x00007ffaa175a000 	C:\Program Files\Java\jdk-11.0.4\bin\jimage.dll

dbghelp: loaded successfully - version: 4.0.5 - missing functions: none
symbol engine: initialized successfully - sym options: 0x614 - pdb path: .;C:\Program Files\Java\jdk-11.0.4\bin;C:\WINDOWS\SYSTEM32;C:\WINDOWS\WinSxS\amd64_microsoft.windows.common-controls_6595b64144ccf1df_6.0.18362.418_none_e6c6b287130d565d;C:\Program Files\Java\jdk-11.0.4\bin\server

VM Arguments:
jvm_args: --add-modules=javafx.controls,javafx.fxml --module-path=C:\Users\Abhijit\.gradle\caches\modules-2\files-2.1\org.openjfx\javafx-fxml\11.0.2\b3242e4c031558574de2a1da685bb5fcdbb8a530\javafx-fxml-11.0.2-win.jar;C:\Users\Abhijit\.gradle\caches\modules-2\files-2.1\org.openjfx\javafx-controls\11.0.2\6c763707769c18adce406904c771c2ad1fcc370b\javafx-controls-11.0.2-win.jar;C:\Users\Abhijit\.gradle\caches\modules-2\files-2.1\org.openjfx\javafx-graphics\11.0.2\20459ea2cf714942bcbeb78a7f70ba3531dc1a44\javafx-graphics-11.0.2-win.jar;C:\Users\Abhijit\.gradle\caches\modules-2\files-2.1\org.openjfx\javafx-base\11.0.2\1852e57b8cf9a9b6488c33605bccd5d06ff210e1\javafx-base-11.0.2-win.jar -Dfile.encoding=windows-1252 -Duser.country=SG -Duser.language=en -Duser.variant 
java_command: rims/core/Rims
java_class_path (initial): C:\Users\Abhijit\Documents\Schoolwork\Y2S1 2019\CS2113T\rim\build\classes\java\main;C:\Users\Abhijit\Documents\Schoolwork\Y2S1 2019\CS2113T\rim\build\resources\main;C:\Users\Abhijit\.gradle\caches\modules-2\files-2.1\org.openjfx\javafx-fxml\11.0.2\b3242e4c031558574de2a1da685bb5fcdbb8a530\javafx-fxml-11.0.2-win.jar;C:\Users\Abhijit\.gradle\caches\modules-2\files-2.1\org.openjfx\javafx-controls\11.0.2\6c763707769c18adce406904c771c2ad1fcc370b\javafx-controls-11.0.2-win.jar;C:\Users\Abhijit\.gradle\caches\modules-2\files-2.1\org.openjfx\javafx-controls\11.0.2\4ab633cf1eea60f76e2ae9905aedac862da88b08\javafx-controls-11.0.2.jar;C:\Users\Abhijit\.gradle\caches\modules-2\files-2.1\org.openjfx\javafx-graphics\11.0.2\20459ea2cf714942bcbeb78a7f70ba3531dc1a44\javafx-graphics-11.0.2-win.jar;C:\Users\Abhijit\.gradle\caches\modules-2\files-2.1\org.openjfx\javafx-graphics\11.0.2\e522eb4ea422eceeee207b1c266ba3db19b2343a\javafx-graphics-11.0.2.jar;C:\Users\Abhijit\.gradle\caches\modules-2\files-2.1\org.openjfx\javafx-base\11.0.2\1852e57b8cf9a9b6488c33605bccd5d06ff210e1\javafx-base-11.0.2-win.jar;C:\Users\Abhijit\.gradle\caches\modules-2\files-2.1\org.openjfx\javafx-base\11.0.2\7fb2e4a8528ec9e434a9ac9ee98b39af79e6dcb8\javafx-base-11.0.2.jar
Launcher Type: SUN_STANDARD

[Global flags]
     intx CICompilerCount                          = 3                                         {product} {ergonomic}
     uint ConcGCThreads                            = 1                                         {product} {ergonomic}
     uint G1ConcRefinementThreads                  = 4                                         {product} {ergonomic}
   size_t G1HeapRegionSize                         = 1048576                                   {product} {ergonomic}
    uintx GCDrainStackTargetSize                   = 64                                        {product} {ergonomic}
   size_t InitialHeapSize                          = 134217728                                 {product} {ergonomic}
   size_t MarkStackSize                            = 4194304                                   {product} {ergonomic}
   size_t MaxHeapSize                              = 2128609280                                {product} {ergonomic}
   size_t MinHeapDeltaBytes                        = 1048576                                   {product} {ergonomic}
    uintx NonNMethodCodeHeapSize                   = 5830092                                {pd product} {ergonomic}
    uintx NonProfiledCodeHeapSize                  = 122914074                              {pd product} {ergonomic}
    uintx ProfiledCodeHeapSize                     = 122914074                              {pd product} {ergonomic}
    uintx ReservedCodeCacheSize                    = 251658240                              {pd product} {ergonomic}
     bool SegmentedCodeCache                       = true                                      {product} {ergonomic}
     bool UseCompressedClassPointers               = true                                 {lp64_product} {ergonomic}
     bool UseCompressedOops                        = true                                 {lp64_product} {ergonomic}
     bool UseG1GC                                  = true                                      {product} {ergonomic}
     bool UseLargePagesIndividualAllocation        = false                                  {pd product} {ergonomic}

Logging:
Log output configuration:
 #0: stdout all=warning uptime,level,tags
 #1: stderr all=off uptime,level,tags

Environment Variables:
JAVA_HOME=C:\Program Files\Java\jdk-11.0.4
CLASSPATH=C:\Users\Abhijit\Documents\Schoolwork\Y2S1 2019\CS2113T\rim\\gradle\wrapper\gradle-wrapper.jar
PATH=C:\Python27\;C:\Python27\Scripts;C:\WINDOWS\system32;C:\WINDOWS;C:\WINDOWS\System32\Wbem;C:\WINDOWS\System32\WindowsPowerShell\v1.0\;C:\WINDOWS\System32\OpenSSH\;C:\ProgramData\chocolatey\bin;C:\Program Files\Git\cmd;C:\Program Files\PuTTY\;C:\Program Files\Java\jdk-11.0.4\bin;C:\Program Files\Java\jdk1.8.0_212\bin;C:\Program Files (x86)\Yarn\bin\;C:\Program Files\nodejs\;C:\Program Files (x86)\Calibre2\;C:\Users\Abhijit\AppData\Local\Programs\Python\Python37\Scripts\;C:\Users\Abhijit\AppData\Local\Programs\Python\Python37\;C:\Users\Abhijit\AppData\Local\Microsoft\WindowsApps;C:\Users\Abhijit\AppData\Local\Programs\Microsoft VS Code\bin;C:\Users\Abhijit\AppData\Local\hyper\app-2.1.1\resources\bin;C:\Users\Abhijit\AppData\Local\Android\Sdk\platform-tools;C:\Users\Abhijit\AppData\Local\Yarn\bin;C:\Users\Abhijit\AppData\Roaming\npm;C:\Users\Abhijit\AppData\Local\GitHubDesktop\bin
USERNAME=Abhijit
OS=Windows_NT
PROCESSOR_IDENTIFIER=Intel64 Family 6 Model 142 Stepping 9, GenuineIntel



---------------  S Y S T E M  ---------------

OS: Windows 10 , 64 bit Build 18362 (10.0.18362.329)

CPU:total 4 (initial active 4) (2 cores per cpu, 2 threads per core) family 6 model 142 stepping 9, cmov, cx8, fxsr, mmx, sse, sse2, sse3, ssse3, sse4.1, sse4.2, popcnt, avx, avx2, aes, clmul, erms, rtm, 3dnowpref, lzcnt, ht, tsc, tscinvbit, bmi1, bmi2, adx, fma

Memory: 4k page, system-wide physical 8117M (790M free)
TotalPageFile size 23100M (AvailPageFile size 5M)
current process WorkingSet (physical memory assigned to process): 14M, peak: 14M
current process commit charge ("private bytes"): 184M, peak: 184M

vm_info: Java HotSpot(TM) 64-Bit Server VM (11.0.4+10-LTS) for windows-amd64 JRE (11.0.4+10-LTS), built on Jul  4 2019 16:28:13 by "mach5one" with MS VC++ 15.5 (VS2017)

END.
