#
# There is insufficient memory for the Java Runtime Environment to continue.
# Native memory allocation (malloc) failed to allocate 911296 bytes for Chunk::new
# Possible reasons:
#   The system is out of physical RAM or swap space
#   In 32 bit mode, the process size limit was hit
# Possible solutions:
#   Reduce memory load on the system
#   Increase physical memory or swap space
#   Check if swap backing store is full
#   Use 64 bit Java on a 64 bit OS
#   Decrease Java heap size (-Xmx/-Xms)
#   Decrease number of Java threads
#   Decrease Java thread stack sizes (-Xss)
#   Set larger code cache with -XX:ReservedCodeCacheSize=
# This output file may be truncated or incomplete.
#
#  Out of Memory Error (allocation.cpp:390), pid=19792, tid=0x0000000000000438
#
# JRE version: Java(TM) SE Runtime Environment (8.0_181-b13) (build 1.8.0_181-b13)
# Java VM: Java HotSpot(TM) 64-Bit Server VM (25.181-b13 mixed mode windows-amd64 compressed oops)
# Failed to write core dump. Minidumps are not enabled by default on client versions of Windows
#

---------------  T H R E A D  ---------------

Current thread (0x0000000015bdc000):  JavaThread "C2 CompilerThread1" daemon [_thread_in_native, id=1080, stack(0x00000000164a0000,0x00000000165a0000)]

Stack: [0x00000000164a0000,0x00000000165a0000]
[error occurred during error reporting (printing stack bounds), id 0xc0000005]

Native frames: (J=compiled Java code, j=interpreted, Vv=VM code, C=native code)


Current CompileTask:
C2:   7636 1477   !   4       java.net.URLClassLoader$1::run (63 bytes)


---------------  P R O C E S S  ---------------

Java Threads: ( => current thread )
  0x0000000017f65800 JavaThread "Cache worker for journal cache (C:\Users\Gerald Lim Wee Koon\.gradle\caches\journal-1)" [_thread_blocked, id=2180, stack(0x000000001a6c0000,0x000000001a7c0000)]
  0x0000000017f69000 JavaThread "File lock request listener" [_thread_in_native, id=19108, stack(0x000000001a5c0000,0x000000001a6c0000)]
  0x0000000017f64800 JavaThread "Cache worker for file hash cache (C:\Users\Gerald Lim Wee Koon\.gradle\caches\5.5.1\fileHashes)" [_thread_blocked, id=2636, stack(0x000000001a4c0000,0x000000001a5c0000)]
  0x0000000017527000 JavaThread "Thread-9" [_thread_blocked, id=19920, stack(0x000000001a3c0000,0x000000001a4c0000)]
  0x0000000017d5e800 JavaThread "Stdin handler" [_thread_blocked, id=4736, stack(0x000000001a2c0000,0x000000001a3c0000)]
  0x0000000017185000 JavaThread "Asynchronous log dispatcher for DefaultDaemonConnection: socket connection from /127.0.0.1:60635 to /127.0.0.1:60636" [_thread_blocked, id=20580, stack(0x000000001a0c0000,0x000000001a1c0000)]
  0x0000000017521800 JavaThread "Daemon worker" [_thread_in_vm, id=284, stack(0x0000000019fc0000,0x000000001a0c0000)]
  0x0000000017519000 JavaThread "Cancel handler" [_thread_blocked, id=13452, stack(0x0000000019ec0000,0x0000000019fc0000)]
  0x00000000181b7000 JavaThread "Handler for socket connection from /127.0.0.1:60635 to /127.0.0.1:60636" [_thread_in_native, id=144, stack(0x0000000019bc0000,0x0000000019cc0000)]
  0x00000000181b3800 JavaThread "Daemon" [_thread_blocked, id=20048, stack(0x0000000019ac0000,0x0000000019bc0000)]
  0x0000000017465000 JavaThread "Daemon periodic checks" [_thread_blocked, id=992, stack(0x00000000199c0000,0x0000000019ac0000)]
  0x0000000015e5d000 JavaThread "Incoming local TCP Connector on port 60635" [_thread_in_native, id=8352, stack(0x0000000019780000,0x0000000019880000)]
  0x0000000017b3d000 JavaThread "Daemon health stats" [_thread_blocked, id=18120, stack(0x0000000019140000,0x0000000019240000)]
  0x0000000015c48800 JavaThread "Service Thread" daemon [_thread_blocked, id=11900, stack(0x00000000167a0000,0x00000000168a0000)]
  0x0000000015c04000 JavaThread "C1 CompilerThread3" daemon [_thread_blocked, id=19644, stack(0x00000000166a0000,0x00000000167a0000)]
  0x0000000015be0000 JavaThread "C2 CompilerThread2" daemon [_thread_in_native, id=16932, stack(0x00000000165a0000,0x00000000166a0000)]
=>0x0000000015bdc000 JavaThread "C2 CompilerThread1" daemon [_thread_in_native, id=1080, stack(0x00000000164a0000,0x00000000165a0000)]
  0x0000000015bd0000 JavaThread "C2 CompilerThread0" daemon [_thread_in_native, id=9928, stack(0x00000000163a0000,0x00000000164a0000)]
  0x0000000015bc9000 JavaThread "Attach Listener" daemon [_thread_blocked, id=9320, stack(0x00000000162a0000,0x00000000163a0000)]
  0x0000000015bc8000 JavaThread "Signal Dispatcher" daemon [_thread_blocked, id=11844, stack(0x00000000161a0000,0x00000000162a0000)]
  0x0000000015bc0800 JavaThread "Finalizer" daemon [_thread_blocked, id=16924, stack(0x0000000015fa0000,0x00000000160a0000)]
  0x0000000013cdd000 JavaThread "Reference Handler" daemon [_thread_blocked, id=19892, stack(0x0000000015aa0000,0x0000000015ba0000)]
  0x0000000002422800 JavaThread "main" [_thread_blocked, id=19728, stack(0x0000000002260000,0x0000000002360000)]

Other Threads:
  0x0000000013cd9800 VMThread [stack: 0x00000000159a0000,0x0000000015aa0000] [id=12144]
  0x0000000015c4a800 WatcherThread [stack: 0x00000000168a0000,0x00000000169a0000] [id=20200]

VM state:not at safepoint (normal execution)

VM Mutex/Monitor currently owned by a thread: None

Heap:
 PSYoungGen      total 76288K, used 23902K [0x00000000f5580000, 0x00000000faa80000, 0x0000000100000000)
  eden space 65536K, 21% used [0x00000000f5580000,0x00000000f63900b8,0x00000000f9580000)
  from space 10752K, 88% used [0x00000000fa000000,0x00000000fa9477a0,0x00000000faa80000)
  to   space 10752K, 0% used [0x00000000f9580000,0x00000000f9580000,0x00000000fa000000)
 ParOldGen       total 175104K, used 16K [0x00000000e0000000, 0x00000000eab00000, 0x00000000f5580000)
  object space 175104K, 0% used [0x00000000e0000000,0x00000000e0004000,0x00000000eab00000)
 Metaspace       used 15786K, capacity 16180K, committed 16384K, reserved 1062912K
  class space    used 2313K, capacity 2446K, committed 2560K, reserved 1048576K

Card table byte_map: [0x00000000118e0000,0x00000000119f0000] byte_map_base: 0x00000000111e0000

Marking Bits: (ParMarkBitMap*) 0x0000000067242d00
 Begin Bits: [0x00000000121f0000, 0x00000000129f0000)
 End Bits:   [0x00000000129f0000, 0x00000000131f0000)

Polling page: 0x0000000000560000

CodeCache: size=245760Kb used=5357Kb max_used=5373Kb free=240402Kb
 bounds [0x0000000002520000, 0x0000000002a70000, 0x0000000011520000]
 total_blobs=1930 nmethods=1541 adapters=301
 compilation: enabled

Compilation events (10 events):
Event: 7.591 Thread 0x0000000015c04000 1542       3       org.gradle.internal.service.DefaultServiceRegistry$SingletonService::getService (18 bytes)
Event: 7.591 Thread 0x0000000015c04000 nmethod 1542 0x0000000002a56c50 code [0x0000000002a56de0, 0x0000000002a57058]
Event: 7.591 Thread 0x0000000015c04000 1543       3       org.gradle.internal.service.DefaultServiceRegistry::access$1200 (6 bytes)
Event: 7.591 Thread 0x0000000015c04000 nmethod 1543 0x0000000002a5a790 code [0x0000000002a5a900, 0x0000000002a5aa68]
Event: 7.592 Thread 0x0000000015c04000 1544       3       org.gradle.internal.service.DefaultServiceRegistry::isSatisfiedBy (44 bytes)
Event: 7.592 Thread 0x0000000015c04000 nmethod 1544 0x0000000002a5ab10 code [0x0000000002a5acc0, 0x0000000002a5b408]
Event: 7.606 Thread 0x0000000015c04000 1545       3       java.lang.String::lastIndexOf (151 bytes)
Event: 7.607 Thread 0x0000000015c04000 nmethod 1545 0x0000000002a5b550 code [0x0000000002a5b700, 0x0000000002a5bc50]
Event: 7.625 Thread 0x0000000015c04000 1546       3       java.lang.Throwable::<init> (39 bytes)
Event: 7.626 Thread 0x0000000015c04000 nmethod 1546 0x0000000002a5c0d0 code [0x0000000002a5c240, 0x0000000002a5c548]

GC Heap History (4 events):
Event: 2.825 GC heap before
{Heap before GC invocations=1 (full 0):
 PSYoungGen      total 76288K, used 65536K [0x00000000f5580000, 0x00000000faa80000, 0x0000000100000000)
  eden space 65536K, 100% used [0x00000000f5580000,0x00000000f9580000,0x00000000f9580000)
  from space 10752K, 0% used [0x00000000fa000000,0x00000000fa000000,0x00000000faa80000)
  to   space 10752K, 0% used [0x00000000f9580000,0x00000000f9580000,0x00000000fa000000)
 ParOldGen       total 175104K, used 0K [0x00000000e0000000, 0x00000000eab00000, 0x00000000f5580000)
  object space 175104K, 0% used [0x00000000e0000000,0x00000000e0000000,0x00000000eab00000)
 Metaspace       used 7149K, capacity 7370K, committed 7424K, reserved 1056768K
  class space    used 923K, capacity 1013K, committed 1024K, reserved 1048576K
Event: 2.838 GC heap after
Heap after GC invocations=1 (full 0):
 PSYoungGen      total 76288K, used 5928K [0x00000000f5580000, 0x00000000faa80000, 0x0000000100000000)
  eden space 65536K, 0% used [0x00000000f5580000,0x00000000f5580000,0x00000000f9580000)
  from space 10752K, 55% used [0x00000000f9580000,0x00000000f9b4a098,0x00000000fa000000)
  to   space 10752K, 0% used [0x00000000fa000000,0x00000000fa000000,0x00000000faa80000)
 ParOldGen       total 175104K, used 8K [0x00000000e0000000, 0x00000000eab00000, 0x00000000f5580000)
  object space 175104K, 0% used [0x00000000e0000000,0x00000000e0002000,0x00000000eab00000)
 Metaspace       used 7149K, capacity 7370K, committed 7424K, reserved 1056768K
  class space    used 923K, capacity 1013K, committed 1024K, reserved 1048576K
}
Event: 7.237 GC heap before
{Heap before GC invocations=2 (full 0):
 PSYoungGen      total 76288K, used 71464K [0x00000000f5580000, 0x00000000faa80000, 0x0000000100000000)
  eden space 65536K, 100% used [0x00000000f5580000,0x00000000f9580000,0x00000000f9580000)
  from space 10752K, 55% used [0x00000000f9580000,0x00000000f9b4a098,0x00000000fa000000)
  to   space 10752K, 0% used [0x00000000fa000000,0x00000000fa000000,0x00000000faa80000)
 ParOldGen       total 175104K, used 8K [0x00000000e0000000, 0x00000000eab00000, 0x00000000f5580000)
  object space 175104K, 0% used [0x00000000e0000000,0x00000000e0002000,0x00000000eab00000)
 Metaspace       used 14569K, capacity 14854K, committed 15104K, reserved 1062912K
  class space    used 2108K, capacity 2213K, committed 2304K, reserved 1048576K
Event: 7.258 GC heap after
Heap after GC invocations=2 (full 0):
 PSYoungGen      total 76288K, used 9501K [0x00000000f5580000, 0x00000000faa80000, 0x0000000100000000)
  eden space 65536K, 0% used [0x00000000f5580000,0x00000000f5580000,0x00000000f9580000)
  from space 10752K, 88% used [0x00000000fa000000,0x00000000fa9477a0,0x00000000faa80000)
  to   space 10752K, 0% used [0x00000000f9580000,0x00000000f9580000,0x00000000fa000000)
 ParOldGen       total 175104K, used 16K [0x00000000e0000000, 0x00000000eab00000, 0x00000000f5580000)
  object space 175104K, 0% used [0x00000000e0000000,0x00000000e0004000,0x00000000eab00000)
 Metaspace       used 14569K, capacity 14854K, committed 15104K, reserved 1062912K
  class space    used 2108K, capacity 2213K, committed 2304K, reserved 1048576K
}

Deoptimization events (10 events):
Event: 6.454 Thread 0x00000000181b7000 Uncommon trap: reason=unstable_if action=reinterpret pc=0x0000000002910d70 method=java.util.concurrent.ConcurrentHashMap.putVal(Ljava/lang/Object;Ljava/lang/Object;Z)Ljava/lang/Object; @ 206
Event: 6.547 Thread 0x0000000017521800 Uncommon trap: reason=bimorphic action=maybe_recompile pc=0x00000000027ca4f8 method=java.util.HashMap.putVal(ILjava/lang/Object;Ljava/lang/Object;ZZ)Ljava/lang/Object; @ 253
Event: 6.547 Thread 0x0000000017521800 Uncommon trap: reason=bimorphic action=maybe_recompile pc=0x00000000027ca4f8 method=java.util.HashMap.putVal(ILjava/lang/Object;Ljava/lang/Object;ZZ)Ljava/lang/Object; @ 253
Event: 6.547 Thread 0x0000000017521800 Uncommon trap: reason=bimorphic action=maybe_recompile pc=0x00000000027ca4f8 method=java.util.HashMap.putVal(ILjava/lang/Object;Ljava/lang/Object;ZZ)Ljava/lang/Object; @ 253
Event: 6.942 Thread 0x0000000017521800 Uncommon trap: reason=class_check action=maybe_recompile pc=0x0000000002810e18 method=java.util.regex.Matcher.match(II)Z @ 86
Event: 6.972 Thread 0x0000000017521800 Uncommon trap: reason=class_check action=maybe_recompile pc=0x0000000002810e18 method=java.util.regex.Matcher.match(II)Z @ 86
Event: 6.973 Thread 0x0000000017521800 Uncommon trap: reason=class_check action=maybe_recompile pc=0x0000000002810e18 method=java.util.regex.Matcher.match(II)Z @ 86
Event: 6.973 Thread 0x0000000017521800 Uncommon trap: reason=class_check action=maybe_recompile pc=0x00000000027dd89c method=java.util.regex.Matcher.match(II)Z @ 86
Event: 7.450 Thread 0x0000000017521800 Uncommon trap: reason=unstable_if action=reinterpret pc=0x000000000290afb4 method=java.lang.String.lastIndexOf([CII[CIII)I @ 66
Event: 7.481 Thread 0x0000000017521800 Uncommon trap: reason=unstable_if action=reinterpret pc=0x00000000029228d4 method=java.nio.charset.CoderResult.isUnderflow()Z @ 4

Classes redefined (0 events):
No events

Internal exceptions (10 events):
Event: 3.108 Thread 0x0000000002422800 Exception <a 'java/lang/NoSuchFieldError': method resolution failed> (0x00000000f61310b8) thrown at [C:\re\workspace\8-2-build-windows-amd64-cygwin\jdk8u181\11358\hotspot\src\share\vm\prims\methodHandles.cpp, line 1167]
Event: 3.111 Thread 0x0000000002422800 Exception <a 'java/lang/NoSuchFieldError': method resolution failed> (0x00000000f613edb8) thrown at [C:\re\workspace\8-2-build-windows-amd64-cygwin\jdk8u181\11358\hotspot\src\share\vm\prims\methodHandles.cpp, line 1167]
Event: 6.378 Thread 0x0000000002422800 Exception <a 'java/io/IOException'> (0x00000000f695cb40) thrown at [C:\re\workspace\8-2-build-windows-amd64-cygwin\jdk8u181\11358\hotspot\src\share\vm\prims\jni.cpp, line 709]
Event: 6.455 Thread 0x00000000181b7000 Exception <a 'java/lang/NoSuchMethodError': <clinit>> (0x00000000f6c487f0) thrown at [C:\re\workspace\8-2-build-windows-amd64-cygwin\jdk8u181\11358\hotspot\src\share\vm\prims\jni.cpp, line 1613]
Event: 6.458 Thread 0x00000000181b7000 Exception <a 'java/lang/NoSuchMethodError': <clinit>> (0x00000000f6c525a0) thrown at [C:\re\workspace\8-2-build-windows-amd64-cygwin\jdk8u181\11358\hotspot\src\share\vm\prims\jni.cpp, line 1613]
Event: 6.460 Thread 0x00000000181b7000 Exception <a 'java/lang/NoSuchMethodError': <clinit>> (0x00000000f6c66ce0) thrown at [C:\re\workspace\8-2-build-windows-amd64-cygwin\jdk8u181\11358\hotspot\src\share\vm\prims\jni.cpp, line 1613]
Event: 6.476 Thread 0x00000000181b7000 Exception <a 'java/lang/NoSuchMethodError': <clinit>> (0x00000000f6cc3258) thrown at [C:\re\workspace\8-2-build-windows-amd64-cygwin\jdk8u181\11358\hotspot\src\share\vm\prims\jni.cpp, line 1613]
Event: 6.487 Thread 0x00000000181b7000 Exception <a 'java/lang/NoSuchMethodError': <clinit>> (0x00000000f6cfb2a0) thrown at [C:\re\workspace\8-2-build-windows-amd64-cygwin\jdk8u181\11358\hotspot\src\share\vm\prims\jni.cpp, line 1613]
Event: 6.495 Thread 0x00000000181b7000 Exception <a 'java/lang/NoSuchMethodError': <clinit>> (0x00000000f6d318e0) thrown at [C:\re\workspace\8-2-build-windows-amd64-cygwin\jdk8u181\11358\hotspot\src\share\vm\prims\jni.cpp, line 1613]
Event: 6.496 Thread 0x00000000181b7000 Exception <a 'java/lang/NoSuchMethodError': <clinit>> (0x00000000f6d3cc80) thrown at [C:\re\workspace\8-2-build-windows-amd64-cygwin\jdk8u181\11358\hotspot\src\share\vm\prims\jni.cpp, line 1613]

Events (10 events):
Event: 7.620 loading class org/gradle/internal/classloader/CachingClassLoader$Spec
Event: 7.620 loading class org/gradle/internal/classloader/CachingClassLoader$Spec done
Event: 7.621 loading class com/google/common/collect/MapMakerInternalMap$StrongKeyWeakValueEntry$Helper
Event: 7.621 loading class com/google/common/collect/MapMakerInternalMap$StrongKeyWeakValueEntry$Helper done
Event: 7.622 loading class com/google/common/collect/MapMakerInternalMap$StrongKeyWeakValueSegment
Event: 7.622 loading class com/google/common/collect/MapMakerInternalMap$StrongKeyWeakValueSegment done
Event: 7.624 loading class org/gradle/model/internal/inspect/ModelRuleSourceDetector$2
Event: 7.624 loading class org/gradle/model/internal/inspect/ModelRuleSourceDetector$2 done
Event: 7.625 loading class org/gradle/model/internal/inspect/ModelRuleSourceDetector$1
Event: 7.625 loading class org/gradle/model/internal/inspect/ModelRuleSourceDetector$1 done


Dynamic libraries:
0x00007ff745ce0000 - 0x00007ff745d17000 	C:\Program Files\Java\jdk1.8.0_181\bin\java.exe
0x00007ffc37d20000 - 0x00007ffc37f10000 	C:\WINDOWS\SYSTEM32\ntdll.dll
0x00007ffc35de0000 - 0x00007ffc35e92000 	C:\WINDOWS\System32\KERNEL32.DLL
0x00007ffc35aa0000 - 0x00007ffc35d43000 	C:\WINDOWS\System32\KERNELBASE.dll
0x00007ffc36c90000 - 0x00007ffc36d33000 	C:\WINDOWS\System32\ADVAPI32.dll
0x00007ffc37a10000 - 0x00007ffc37aae000 	C:\WINDOWS\System32\msvcrt.dll
0x00007ffc36740000 - 0x00007ffc367d7000 	C:\WINDOWS\System32\sechost.dll
0x00007ffc37b20000 - 0x00007ffc37c40000 	C:\WINDOWS\System32\RPCRT4.dll
0x00007ffc36520000 - 0x00007ffc366b3000 	C:\WINDOWS\System32\USER32.dll
0x00007ffc34e50000 - 0x00007ffc34e71000 	C:\WINDOWS\System32\win32u.dll
0x00007ffc37cb0000 - 0x00007ffc37cd6000 	C:\WINDOWS\System32\GDI32.dll
0x00007ffc34e80000 - 0x00007ffc35014000 	C:\WINDOWS\System32\gdi32full.dll
0x00007ffc34d00000 - 0x00007ffc34d9e000 	C:\WINDOWS\System32\msvcp_win.dll
0x00007ffc35920000 - 0x00007ffc35a1a000 	C:\WINDOWS\System32\ucrtbase.dll
0x00007ffc24dc0000 - 0x00007ffc25045000 	C:\WINDOWS\WinSxS\amd64_microsoft.windows.common-controls_6595b64144ccf1df_6.0.18362.356_none_e6c4af7d130f27cc\COMCTL32.dll
0x00007ffc37620000 - 0x00007ffc37956000 	C:\WINDOWS\System32\combase.dll
0x00007ffc35a20000 - 0x00007ffc35aa0000 	C:\WINDOWS\System32\bcryptPrimitives.dll
0x00007ffc36e10000 - 0x00007ffc36e3e000 	C:\WINDOWS\System32\IMM32.DLL
0x0000000067fc0000 - 0x0000000068092000 	C:\Program Files\Java\jdk1.8.0_181\jre\bin\msvcr100.dll
0x0000000066a20000 - 0x00000000672c2000 	C:\Program Files\Java\jdk1.8.0_181\jre\bin\server\jvm.dll
0x00007ffc35dd0000 - 0x00007ffc35dd8000 	C:\WINDOWS\System32\PSAPI.DLL
0x00007ffc26e30000 - 0x00007ffc26e54000 	C:\WINDOWS\SYSTEM32\WINMM.dll
0x00007ffc2c750000 - 0x00007ffc2c75a000 	C:\WINDOWS\SYSTEM32\VERSION.dll
0x00007ffc20120000 - 0x00007ffc20129000 	C:\WINDOWS\SYSTEM32\WSOCK32.dll
0x00007ffc37ab0000 - 0x00007ffc37b1f000 	C:\WINDOWS\System32\WS2_32.dll
0x00007ffc26df0000 - 0x00007ffc26e1d000 	C:\WINDOWS\SYSTEM32\winmmbase.dll
0x00007ffc34cb0000 - 0x00007ffc34cfa000 	C:\WINDOWS\System32\cfgmgr32.dll
0x0000000068790000 - 0x000000006879f000 	C:\Program Files\Java\jdk1.8.0_181\jre\bin\verify.dll
0x0000000067f90000 - 0x0000000067fb9000 	C:\Program Files\Java\jdk1.8.0_181\jre\bin\java.dll
0x0000000067f70000 - 0x0000000067f86000 	C:\Program Files\Java\jdk1.8.0_181\jre\bin\zip.dll
0x00007ffc36f10000 - 0x00007ffc375f5000 	C:\WINDOWS\System32\SHELL32.dll
0x00007ffc37960000 - 0x00007ffc37a09000 	C:\WINDOWS\System32\shcore.dll
0x00007ffc35050000 - 0x00007ffc357ce000 	C:\WINDOWS\System32\windows.storage.dll
0x00007ffc34c70000 - 0x00007ffc34c8f000 	C:\WINDOWS\System32\profapi.dll
0x00007ffc34c20000 - 0x00007ffc34c6a000 	C:\WINDOWS\System32\powrprof.dll
0x00007ffc34bf0000 - 0x00007ffc34c00000 	C:\WINDOWS\System32\UMPDC.dll
0x00007ffc36bb0000 - 0x00007ffc36c02000 	C:\WINDOWS\System32\shlwapi.dll
0x00007ffc34c00000 - 0x00007ffc34c11000 	C:\WINDOWS\System32\kernel.appcore.dll
0x00007ffc35db0000 - 0x00007ffc35dc7000 	C:\WINDOWS\System32\cryptsp.dll
0x0000000067f50000 - 0x0000000067f6a000 	C:\Program Files\Java\jdk1.8.0_181\jre\bin\net.dll
0x00007ffc34460000 - 0x00007ffc344c7000 	C:\WINDOWS\system32\mswsock.dll
0x0000000067f30000 - 0x0000000067f41000 	C:\Program Files\Java\jdk1.8.0_181\jre\bin\nio.dll
0x00007ffc2c010000 - 0x00007ffc2c036000 	C:\Users\Gerald Lim Wee Koon\.gradle\native\29\windows-amd64\native-platform.dll
0x0000000068780000 - 0x000000006878d000 	C:\Program Files\Java\jdk1.8.0_181\jre\bin\management.dll
0x00007ffc33fd0000 - 0x00007ffc34003000 	C:\WINDOWS\system32\rsaenh.dll
0x00007ffc35020000 - 0x00007ffc35046000 	C:\WINDOWS\System32\bcrypt.dll
0x00007ffc34b10000 - 0x00007ffc34b35000 	C:\WINDOWS\SYSTEM32\USERENV.dll
0x00007ffc34630000 - 0x00007ffc3463c000 	C:\WINDOWS\SYSTEM32\CRYPTBASE.dll
0x00007ffc34170000 - 0x00007ffc341aa000 	C:\WINDOWS\SYSTEM32\IPHLPAPI.DLL
0x00007ffc36a00000 - 0x00007ffc36a08000 	C:\WINDOWS\System32\NSI.dll
0x00007ffc26380000 - 0x00007ffc26396000 	C:\WINDOWS\SYSTEM32\dhcpcsvc6.DLL
0x00007ffc26fd0000 - 0x00007ffc26fec000 	C:\WINDOWS\SYSTEM32\dhcpcsvc.DLL
0x00007ffc341b0000 - 0x00007ffc3427a000 	C:\WINDOWS\SYSTEM32\DNSAPI.dll

VM Arguments:
jvm_args: -XX:MaxMetaspaceSize=256m -XX:+HeapDumpOnOutOfMemoryError -Xms256m -Xmx512m -Dfile.encoding=windows-1252 -Duser.country=US -Duser.language=en -Duser.variant 
java_command: org.gradle.launcher.daemon.bootstrap.GradleDaemon 5.5.1
java_class_path (initial): C:\Users\Gerald Lim Wee Koon\.gradle\wrapper\dists\gradle-5.5.1-all\8yl0syll3fr5m1v472nzznadi\gradle-5.5.1\lib\gradle-launcher-5.5.1.jar
Launcher Type: SUN_STANDARD

Environment Variables:
USERNAME=Gerald Lim Wee Koon
OS=Windows_NT
PROCESSOR_IDENTIFIER=Intel64 Family 6 Model 158 Stepping 9, GenuineIntel



---------------  S Y S T E M  ---------------

OS: Windows 10.0 , 64 bit Build 18362 (10.0.18362.329)

CPU:total 8 (initial active 8) (4 cores per cpu, 2 threads per core) family 6 model 158 stepping 9, cmov, cx8, fxsr, mmx, sse, sse2, sse3, ssse3, sse4.1, sse4.2, popcnt, avx, avx2, aes, clmul, erms, 3dnowpref, lzcnt, ht, tsc, tscinvbit, bmi1, bmi2, adx

Memory: 4k page, physical 8239676k(1268800k free), swap 15772740k(5552k free)

vm_info: Java HotSpot(TM) 64-Bit Server VM (25.181-b13) for windows-amd64 JRE (1.8.0_181-b13), built on Jul  7 2018 04:01:33 by "java_re" with MS VC++ 10.0 (VS2010)

time: Sat Oct 05 15:55:33 2019
elapsed time: 7 seconds (0d 0h 0m 7s)

