#
# There is insufficient memory for the Java Runtime Environment to continue.
# Native memory allocation (malloc) failed to allocate 1160496 bytes for Chunk::new
# Possible reasons:
#   The system is out of physical RAM or swap space
#   The process is running with CompressedOops enabled, and the Java Heap may be blocking the growth of the native heap
# Possible solutions:
#   Reduce memory load on the system
#   Increase physical memory or swap space
#   Check if swap backing store is full
#   Decrease Java heap size (-Xmx/-Xms)
#   Decrease number of Java threads
#   Decrease Java thread stack sizes (-Xss)
#   Set larger code cache with -XX:ReservedCodeCacheSize=
#   JVM is running with Unscaled Compressed Oops mode in which the Java heap is
#     placed in the first 4GB address space. The Java Heap base address is the
#     maximum limit for the native heap growth. Please use -XX:HeapBaseMinAddress
#     to set the Java Heap base and to place the Java Heap above 4GB virtual address.
# This output file may be truncated or incomplete.
#
#  Out of Memory Error (t:/workspace/open/src/hotspot/share/memory/arena.cpp:197), pid=14512, tid=7220
#
# JRE version: Java(TM) SE Runtime Environment (11.0.4+10) (build 11.0.4+10-LTS)
# Java VM: Java HotSpot(TM) 64-Bit Server VM (11.0.4+10-LTS, mixed mode, tiered, compressed oops, g1 gc, windows-amd64)
# No core dump will be written. Minidumps are not enabled by default on client versions of Windows
#

---------------  S U M M A R Y ------------

Command Line: --add-opens=java.base/java.util=ALL-UNNAMED --add-opens=java.base/java.lang=ALL-UNNAMED --add-opens=java.base/java.lang.invoke=ALL-UNNAMED --add-opens=java.prefs/java.util.prefs=ALL-UNNAMED -XX:MaxMetaspaceSize=256m -XX:+HeapDumpOnOutOfMemoryError -Xms256m -Xmx512m -Dfile.encoding=windows-1252 -Duser.country=SG -Duser.language=en -Duser.variant org.gradle.launcher.daemon.bootstrap.GradleDaemon 5.5.1

Host: Intel(R) Core(TM) i5-7300U CPU @ 2.60GHz, 4 cores, 7G,  Windows 10 , 64 bit Build 18362 (10.0.18362.329)
Time: Thu Oct 31 11:31:02 2019 Malay Peninsula Standard Time elapsed time: 135 seconds (0d 0h 2m 15s)

---------------  T H R E A D  ---------------

Current thread (0x0000022afe0f9000):  JavaThread "C2 CompilerThread1" daemon [_thread_in_native, id=7220, stack(0x000000e3f0500000,0x000000e3f0600000)]


Current CompileTask:
C2: 135427 7113       4       com.sun.tools.javac.code.Symtab::lookupPackage (243 bytes)

Stack: [0x000000e3f0500000,0x000000e3f0600000]
Native frames: (J=compiled Java code, j=interpreted, Vv=VM code, C=native code)
V  [jvm.dll+0x635bda]
V  [jvm.dll+0x77360f]
V  [jvm.dll+0x774cba]
V  [jvm.dll+0x775373]
V  [jvm.dll+0x25e668]
V  [jvm.dll+0xc2391]
V  [jvm.dll+0xc291c]
V  [jvm.dll+0x36db92]
V  [jvm.dll+0x1a93ef]
V  [jvm.dll+0x218562]
V  [jvm.dll+0x2175fa]
V  [jvm.dll+0x194230]
V  [jvm.dll+0x2265bf]
V  [jvm.dll+0x224bc8]
V  [jvm.dll+0x7389ed]
V  [jvm.dll+0x634c82]
C  [ucrtbase.dll+0x20e72]
C  [KERNEL32.DLL+0x17bd4]
C  [ntdll.dll+0x6ced1]


---------------  P R O C E S S  ---------------

Threads class SMR info:
_java_thread_list=0x0000022a8f478e80, length=44, elements={
0x0000022aeff47000, 0x0000022afba7a800, 0x0000022afbaa9000, 0x0000022afbabe800,
0x0000022afbabf800, 0x0000022afc414000, 0x0000022afc420000, 0x0000022afbac3000,
0x0000022afc57f000, 0x0000022afc592000, 0x0000022afdee5800, 0x0000022afd788000,
0x0000022afd788800, 0x0000022afe114000, 0x0000022afe10f800, 0x0000022afe114800,
0x0000022afe111800, 0x0000022afc6de800, 0x0000022afc6dc000, 0x0000022afc6db000,
0x0000022afc6da800, 0x0000022afc6dd000, 0x0000022afc6dd800, 0x0000022afc6d8000,
0x0000022afc6d8800, 0x0000022afc6e2800, 0x0000022afc6e3800, 0x0000022afc6e4000,
0x0000022afc6e5000, 0x0000022afc6e1800, 0x0000022afc6df000, 0x0000022afc6e1000,
0x0000022afc6e0000, 0x0000022afc6e6800, 0x0000022afe112000, 0x0000022afe115800,
0x0000022a8fec7000, 0x0000022a8fec4800, 0x0000022afe0f9000, 0x0000022a8fec5800,
0x0000022a8fec6800, 0x0000022a8fec4000, 0x0000022a8fec8000, 0x0000022a8fec8800
}

Java Threads: ( => current thread )
  0x0000022aeff47000 JavaThread "main" [_thread_blocked, id=21252, stack(0x000000e3ee400000,0x000000e3ee500000)]
  0x0000022afba7a800 JavaThread "Reference Handler" daemon [_thread_blocked, id=1904, stack(0x000000e3eeb00000,0x000000e3eec00000)]
  0x0000022afbaa9000 JavaThread "Finalizer" daemon [_thread_blocked, id=2664, stack(0x000000e3eec00000,0x000000e3eed00000)]
  0x0000022afbabe800 JavaThread "Signal Dispatcher" daemon [_thread_blocked, id=20508, stack(0x000000e3eed00000,0x000000e3eee00000)]
  0x0000022afbabf800 JavaThread "Attach Listener" daemon [_thread_blocked, id=16580, stack(0x000000e3eee00000,0x000000e3eef00000)]
  0x0000022afc414000 JavaThread "C2 CompilerThread0" daemon [_thread_in_native, id=3744, stack(0x000000e3eef00000,0x000000e3ef000000)]
  0x0000022afc420000 JavaThread "C1 CompilerThread0" daemon [_thread_blocked, id=10556, stack(0x000000e3ef000000,0x000000e3ef100000)]
  0x0000022afbac3000 JavaThread "Sweeper thread" daemon [_thread_blocked, id=18128, stack(0x000000e3ef100000,0x000000e3ef200000)]
  0x0000022afc57f000 JavaThread "Common-Cleaner" daemon [_thread_blocked, id=6972, stack(0x000000e3ef200000,0x000000e3ef300000)]
  0x0000022afc592000 JavaThread "Service Thread" daemon [_thread_blocked, id=5328, stack(0x000000e3ef300000,0x000000e3ef400000)]
  0x0000022afdee5800 JavaThread "Daemon health stats" [_thread_blocked, id=16048, stack(0x000000e3ef900000,0x000000e3efa00000)]
  0x0000022afd788000 JavaThread "Incoming local TCP Connector on port 56114" [_thread_in_native, id=21000, stack(0x000000e3ef800000,0x000000e3ef900000)]
  0x0000022afd788800 JavaThread "Daemon periodic checks" [_thread_blocked, id=10544, stack(0x000000e3efa00000,0x000000e3efb00000)]
  0x0000022afe114000 JavaThread "Cache worker for file hash cache (C:\Users\Abhijit\.gradle\caches\5.5.1\fileHashes)" [_thread_blocked, id=15748, stack(0x000000e3f0200000,0x000000e3f0300000)]
  0x0000022afe10f800 JavaThread "File lock request listener" [_thread_in_native, id=21476, stack(0x000000e3f0300000,0x000000e3f0400000)]
  0x0000022afe114800 JavaThread "Cache worker for journal cache (C:\Users\Abhijit\.gradle\caches\journal-1)" [_thread_blocked, id=17992, stack(0x000000e3f0400000,0x000000e3f0500000)]
  0x0000022afe111800 JavaThread "Cache worker for execution history cache (C:\Users\Abhijit\.gradle\caches\5.5.1\executionHistory)" [_thread_blocked, id=9564, stack(0x000000e3f0900000,0x000000e3f0a00000)]
  0x0000022afc6de800 JavaThread "Memory manager" [_thread_blocked, id=9932, stack(0x000000e3f0f00000,0x000000e3f1000000)]
  0x0000022afc6dc000 JavaThread "Cache worker for file content cache (C:\Users\Abhijit\.gradle\caches\5.5.1\fileContent)" [_thread_blocked, id=10668, stack(0x000000e3f1000000,0x000000e3f1100000)]
  0x0000022afc6db000 JavaThread "Cache worker for Java compile cache (C:\Users\Abhijit\.gradle\caches\5.5.1\javaCompile)" [_thread_blocked, id=22412, stack(0x000000e3f1600000,0x000000e3f1700000)]
  0x0000022afc6da800 JavaThread "Daemon Thread 2" [_thread_blocked, id=4376, stack(0x000000e3ee100000,0x000000e3ee200000)]
  0x0000022afc6dd000 JavaThread "Handler for socket connection from /127.0.0.1:56114 to /127.0.0.1:56157" [_thread_in_native, id=7540, stack(0x000000e3ee200000,0x000000e3ee300000)]
  0x0000022afc6dd800 JavaThread "Cancel handler" [_thread_blocked, id=8168, stack(0x000000e3ee300000,0x000000e3ee400000)]
  0x0000022afc6d8000 JavaThread "Daemon worker Thread 2" [_thread_in_Java, id=9828, stack(0x000000e3efb00000,0x000000e3efc00000)]
  0x0000022afc6d8800 JavaThread "Asynchronous log dispatcher for DefaultDaemonConnection: socket connection from /127.0.0.1:56114 to /127.0.0.1:56157" [_thread_blocked, id=11072, stack(0x000000e3efc00000,0x000000e3efd00000)]
  0x0000022afc6e2800 JavaThread "Stdin handler" [_thread_blocked, id=17552, stack(0x000000e3efd00000,0x000000e3efe00000)]
  0x0000022afc6e3800 JavaThread "Thread-41" [_thread_blocked, id=17672, stack(0x000000e3efe00000,0x000000e3eff00000)]
  0x0000022afc6e4000 JavaThread "Cache worker for file hash cache (C:\Users\Abhijit\Documents\Schoolwork\Y2S1 2019\CS2113T\rim\.gradle\5.5.1\fileHashes)" [_thread_blocked, id=18252, stack(0x000000e3eff00000,0x000000e3f0000000)]
  0x0000022afc6e5000 JavaThread "Cache worker for cache directory md-supplier (C:\Users\Abhijit\.gradle\caches\5.5.1\md-supplier)" [_thread_blocked, id=18752, stack(0x000000e3f0000000,0x000000e3f0100000)]
  0x0000022afc6e1800 JavaThread "Cache worker for cache directory md-rule (C:\Users\Abhijit\.gradle\caches\5.5.1\md-rule)" [_thread_blocked, id=9404, stack(0x000000e3f0100000,0x000000e3f0200000)]
  0x0000022afc6df000 JavaThread "Build operations" [_thread_blocked, id=17404, stack(0x000000e3f0700000,0x000000e3f0800000)]
  0x0000022afc6e1000 JavaThread "Build operations Thread 2" [_thread_blocked, id=17600, stack(0x000000e3f0800000,0x000000e3f0900000)]
  0x0000022afc6e0000 JavaThread "Build operations Thread 3" [_thread_blocked, id=20136, stack(0x000000e3f0a00000,0x000000e3f0b00000)]
  0x0000022afc6e6800 JavaThread "Build operations Thread 4" [_thread_blocked, id=13176, stack(0x000000e3f0b00000,0x000000e3f0c00000)]
  0x0000022afe112000 JavaThread "Cache worker for Build Output Cleanup Cache (C:\Users\Abhijit\Documents\Schoolwork\Y2S1 2019\CS2113T\rim\.gradle\buildOutputCleanup)" [_thread_blocked, id=6404, stack(0x000000e3f0c00000,0x000000e3f0d00000)]
  0x0000022afe115800 JavaThread "Cache worker for file content cache (C:\Users\Abhijit\Documents\Schoolwork\Y2S1 2019\CS2113T\rim\.gradle\5.5.1\fileContent)" [_thread_blocked, id=15532, stack(0x000000e3f0d00000,0x000000e3f0e00000)]
  0x0000022a8fec7000 JavaThread "Cache worker for execution history cache (C:\Users\Abhijit\Documents\Schoolwork\Y2S1 2019\CS2113T\rim\.gradle\5.5.1\executionHistory)" [_thread_blocked, id=1720, stack(0x000000e3f1300000,0x000000e3f1400000)]
  0x0000022a8fec4800 JavaThread "Cache worker for Java compile cache (C:\Users\Abhijit\Documents\Schoolwork\Y2S1 2019\CS2113T\rim\.gradle\5.5.1\javaCompile)" [_thread_blocked, id=7912, stack(0x000000e3f1400000,0x000000e3f1500000)]
=>0x0000022afe0f9000 JavaThread "C2 CompilerThread1" daemon [_thread_in_native, id=7220, stack(0x000000e3f0500000,0x000000e3f0600000)]
  0x0000022a8fec5800 JavaThread "Exec process Thread 5" [_thread_blocked, id=17924, stack(0x000000e3f1500000,0x000000e3f1600000)]
  0x0000022a8fec6800 JavaThread "DisconnectableInputStream source reader" daemon [_thread_blocked, id=12404, stack(0x000000e3f1700000,0x000000e3f1800000)]
  0x0000022a8fec4000 JavaThread "Exec process Thread 6" [_thread_blocked, id=16700, stack(0x000000e3f1a00000,0x000000e3f1b00000)]
  0x0000022a8fec8000 JavaThread "Exec process Thread 7" [_thread_blocked, id=3276, stack(0x000000e3f1b00000,0x000000e3f1c00000)]
  0x0000022a8fec8800 JavaThread "Exec process Thread 8" [_thread_blocked, id=21652, stack(0x000000e3f1c00000,0x000000e3f1d00000)]

Other Threads:
  0x0000022afba75800 VMThread "VM Thread" [stack: 0x000000e3eea00000,0x000000e3eeb00000] [id=996]
  0x0000022afc5ab000 WatcherThread [stack: 0x000000e3ef400000,0x000000e3ef500000] [id=21400]
  0x0000022aeff5e000 GCTaskThread "GC Thread#0" [stack: 0x000000e3ee500000,0x000000e3ee600000] [id=13976]
  0x0000022afcc84800 GCTaskThread "GC Thread#1" [stack: 0x000000e3ef500000,0x000000e3ef600000] [id=10804]
  0x0000022afcc85000 GCTaskThread "GC Thread#2" [stack: 0x000000e3ef600000,0x000000e3ef700000] [id=13336]
  0x0000022afce3a000 GCTaskThread "GC Thread#3" [stack: 0x000000e3ef700000,0x000000e3ef800000] [id=22524]
  0x0000022aeff6d800 ConcurrentGCThread "G1 Main Marker" [stack: 0x000000e3ee600000,0x000000e3ee700000] [id=14788]
  0x0000022aeff6f800 ConcurrentGCThread "G1 Conc#0" [stack: 0x000000e3ee700000,0x000000e3ee800000] [id=18100]
  0x0000022afb910800 ConcurrentGCThread "G1 Refine#0" [stack: 0x000000e3ee800000,0x000000e3ee900000] [id=5336]
  0x0000022a915a3800 ConcurrentGCThread "G1 Refine#1" [stack: 0x000000e3f1800000,0x000000e3f1900000] [id=15048]
  0x0000022a8fc64000 ConcurrentGCThread "G1 Refine#2" [stack: 0x000000e3f1900000,0x000000e3f1a00000] [id=5216]
  0x0000022afb911800 ConcurrentGCThread "G1 Young RemSet Sampling" [stack: 0x000000e3ee900000,0x000000e3eea00000] [id=17872]

Threads with active compile tasks:
C2 CompilerThread07327       4       com.sun.tools.javac.util.ListBuffer::append (66 bytes)
C2 CompilerThread17113       4       com.sun.tools.javac.code.Symtab::lookupPackage (243 bytes)

VM state:not at safepoint (normal execution)

VM Mutex/Monitor currently owned by a thread: None

Heap address: 0x00000000e0000000, size: 512 MB, Compressed Oops mode: 32-bit
Narrow klass base: 0x0000000000000000, Narrow klass shift: 3
Compressed class space size: 260046848 Address: 0x0000000100000000

Heap:
 garbage-first heap   total 262144K, used 92576K [0x00000000e0000000, 0x0000000100000000)
  region size 1024K, 49 young (50176K), 2 survivors (2048K)
 Metaspace       used 59967K, capacity 61318K, committed 61440K, reserved 307200K
  class space    used 7694K, capacity 8154K, committed 8192K, reserved 253952K
Heap Regions: E=young(eden), S=young(survivor), O=old, HS=humongous(starts), HC=humongous(continues), CS=collection set, F=free, A=archive, TAMS=top-at-mark-start (previous, next)
|   0|0x00000000e0000000, 0x00000000e0100000, 0x00000000e0100000|100%| O|  |TAMS 0x00000000e0100000, 0x00000000e0000000| Untracked 
|   1|0x00000000e0100000, 0x00000000e0200000, 0x00000000e0200000|100%| O|  |TAMS 0x00000000e0200000, 0x00000000e0100000| Untracked 
|   2|0x00000000e0200000, 0x00000000e0300000, 0x00000000e0300000|100%|HS|  |TAMS 0x00000000e0300000, 0x00000000e0200000| Complete 
|   3|0x00000000e0300000, 0x00000000e0400000, 0x00000000e0400000|100%|HS|  |TAMS 0x00000000e0400000, 0x00000000e0300000| Complete 
|   4|0x00000000e0400000, 0x00000000e0500000, 0x00000000e0500000|100%|HC|  |TAMS 0x00000000e0500000, 0x00000000e0400000| Complete 
|   5|0x00000000e0500000, 0x00000000e0600000, 0x00000000e0600000|100%| O|  |TAMS 0x00000000e0600000, 0x00000000e0500000| Untracked 
|   6|0x00000000e0600000, 0x00000000e0700000, 0x00000000e0700000|100%| O|  |TAMS 0x00000000e0700000, 0x00000000e0600000| Untracked 
|   7|0x00000000e0700000, 0x00000000e0800000, 0x00000000e0800000|100%| O|  |TAMS 0x00000000e0800000, 0x00000000e0700000| Untracked 
|   8|0x00000000e0800000, 0x00000000e0900000, 0x00000000e0900000|100%| O|  |TAMS 0x00000000e0900000, 0x00000000e0800000| Untracked 
|   9|0x00000000e0900000, 0x00000000e0a00000, 0x00000000e0a00000|100%| O|  |TAMS 0x00000000e0a00000, 0x00000000e0900000| Untracked 
|  10|0x00000000e0a00000, 0x00000000e0b00000, 0x00000000e0b00000|100%| O|  |TAMS 0x00000000e0b00000, 0x00000000e0a00000| Untracked 
|  11|0x00000000e0b00000, 0x00000000e0c00000, 0x00000000e0c00000|100%| O|  |TAMS 0x00000000e0c00000, 0x00000000e0b00000| Untracked 
|  12|0x00000000e0c00000, 0x00000000e0d00000, 0x00000000e0d00000|100%| O|  |TAMS 0x00000000e0d00000, 0x00000000e0c00000| Untracked 
|  13|0x00000000e0d00000, 0x00000000e0e00000, 0x00000000e0e00000|100%| O|  |TAMS 0x00000000e0e00000, 0x00000000e0d00000| Untracked 
|  14|0x00000000e0e00000, 0x00000000e0f00000, 0x00000000e0f00000|100%| O|  |TAMS 0x00000000e0f00000, 0x00000000e0e00000| Untracked 
|  15|0x00000000e0f00000, 0x00000000e1000000, 0x00000000e1000000|100%| O|  |TAMS 0x00000000e1000000, 0x00000000e0f00000| Untracked 
|  16|0x00000000e1000000, 0x00000000e1100000, 0x00000000e1100000|100%| O|  |TAMS 0x00000000e1100000, 0x00000000e1000000| Untracked 
|  17|0x00000000e1100000, 0x00000000e1200000, 0x00000000e1200000|100%| O|  |TAMS 0x00000000e1200000, 0x00000000e1100000| Untracked 
|  18|0x00000000e1200000, 0x00000000e1300000, 0x00000000e1300000|100%| O|  |TAMS 0x00000000e1300000, 0x00000000e1200000| Untracked 
|  19|0x00000000e1300000, 0x00000000e1400000, 0x00000000e1400000|100%| O|  |TAMS 0x00000000e1400000, 0x00000000e1300000| Untracked 
|  20|0x00000000e1400000, 0x00000000e1500000, 0x00000000e1500000|100%| O|  |TAMS 0x00000000e1500000, 0x00000000e1400000| Untracked 
|  21|0x00000000e1500000, 0x00000000e1600000, 0x00000000e1600000|100%| O|  |TAMS 0x00000000e1600000, 0x00000000e1500000| Untracked 
|  22|0x00000000e1600000, 0x00000000e1700000, 0x00000000e1700000|100%| O|  |TAMS 0x00000000e1700000, 0x00000000e1600000| Untracked 
|  23|0x00000000e1700000, 0x00000000e1800000, 0x00000000e1800000|100%| O|  |TAMS 0x00000000e1800000, 0x00000000e1700000| Untracked 
|  24|0x00000000e1800000, 0x00000000e1900000, 0x00000000e1900000|100%| O|  |TAMS 0x00000000e1900000, 0x00000000e1800000| Untracked 
|  25|0x00000000e1900000, 0x00000000e1a00000, 0x00000000e1a00000|100%| O|  |TAMS 0x00000000e1a00000, 0x00000000e1900000| Untracked 
|  26|0x00000000e1a00000, 0x00000000e1b00000, 0x00000000e1b00000|100%| O|  |TAMS 0x00000000e1b00000, 0x00000000e1a00000| Untracked 
|  27|0x00000000e1b00000, 0x00000000e1c00000, 0x00000000e1c00000|100%| O|  |TAMS 0x00000000e1c00000, 0x00000000e1b00000| Untracked 
|  28|0x00000000e1c00000, 0x00000000e1d00000, 0x00000000e1d00000|100%| O|  |TAMS 0x00000000e1d00000, 0x00000000e1c00000| Untracked 
|  29|0x00000000e1d00000, 0x00000000e1e00000, 0x00000000e1e00000|100%| O|  |TAMS 0x00000000e1e00000, 0x00000000e1d00000| Untracked 
|  30|0x00000000e1e00000, 0x00000000e1f00000, 0x00000000e1f00000|100%| O|  |TAMS 0x00000000e1f00000, 0x00000000e1e00000| Untracked 
|  31|0x00000000e1f00000, 0x00000000e2000000, 0x00000000e2000000|100%| O|  |TAMS 0x00000000e2000000, 0x00000000e1f00000| Untracked 
|  32|0x00000000e2000000, 0x00000000e2100000, 0x00000000e2100000|100%| O|  |TAMS 0x00000000e2100000, 0x00000000e2000000| Untracked 
|  33|0x00000000e2100000, 0x00000000e2200000, 0x00000000e2200000|100%| O|  |TAMS 0x00000000e2200000, 0x00000000e2100000| Untracked 
|  34|0x00000000e2200000, 0x00000000e2300000, 0x00000000e2300000|100%| O|  |TAMS 0x00000000e2300000, 0x00000000e2200000| Untracked 
|  35|0x00000000e2300000, 0x00000000e2400000, 0x00000000e2400000|100%| O|  |TAMS 0x00000000e2400000, 0x00000000e2300000| Untracked 
|  36|0x00000000e2400000, 0x00000000e2500000, 0x00000000e2500000|100%| O|  |TAMS 0x00000000e2500000, 0x00000000e2400000| Untracked 
|  37|0x00000000e2500000, 0x00000000e2600000, 0x00000000e2600000|100%| O|  |TAMS 0x00000000e2600000, 0x00000000e2500000| Untracked 
|  38|0x00000000e2600000, 0x00000000e2700000, 0x00000000e2700000|100%| O|  |TAMS 0x00000000e2700000, 0x00000000e2600000| Untracked 
|  39|0x00000000e2700000, 0x00000000e2800000, 0x00000000e2800000|100%| O|  |TAMS 0x00000000e2800000, 0x00000000e2700000| Untracked 
|  40|0x00000000e2800000, 0x00000000e2900000, 0x00000000e2900000|100%| O|  |TAMS 0x00000000e2900000, 0x00000000e2800000| Untracked 
|  41|0x00000000e2900000, 0x00000000e2a00000, 0x00000000e2a00000|100%| O|  |TAMS 0x00000000e2a00000, 0x00000000e2900000| Untracked 
|  42|0x00000000e2a00000, 0x00000000e2b00000, 0x00000000e2b00000|100%| O|  |TAMS 0x00000000e2b00000, 0x00000000e2a00000| Untracked 
|  43|0x00000000e2b00000, 0x00000000e2b68000, 0x00000000e2c00000| 40%| O|  |TAMS 0x00000000e2b68000, 0x00000000e2b00000| Untracked 
|  44|0x00000000e2c00000, 0x00000000e2c00000, 0x00000000e2d00000|  0%| F|  |TAMS 0x00000000e2c00000, 0x00000000e2c00000| Untracked 
|  45|0x00000000e2d00000, 0x00000000e2d00000, 0x00000000e2e00000|  0%| F|  |TAMS 0x00000000e2d00000, 0x00000000e2d00000| Untracked 
|  46|0x00000000e2e00000, 0x00000000e2e00000, 0x00000000e2f00000|  0%| F|  |TAMS 0x00000000e2e00000, 0x00000000e2e00000| Untracked 
|  47|0x00000000e2f00000, 0x00000000e2f00000, 0x00000000e3000000|  0%| F|  |TAMS 0x00000000e2f00000, 0x00000000e2f00000| Untracked 
|  48|0x00000000e3000000, 0x00000000e3000000, 0x00000000e3100000|  0%| F|  |TAMS 0x00000000e3000000, 0x00000000e3000000| Untracked 
|  49|0x00000000e3100000, 0x00000000e3100000, 0x00000000e3200000|  0%| F|  |TAMS 0x00000000e3100000, 0x00000000e3100000| Untracked 
|  50|0x00000000e3200000, 0x00000000e3200000, 0x00000000e3300000|  0%| F|  |TAMS 0x00000000e3200000, 0x00000000e3200000| Untracked 
|  51|0x00000000e3300000, 0x00000000e3300000, 0x00000000e3400000|  0%| F|  |TAMS 0x00000000e3300000, 0x00000000e3300000| Untracked 
|  52|0x00000000e3400000, 0x00000000e3400000, 0x00000000e3500000|  0%| F|  |TAMS 0x00000000e3400000, 0x00000000e3400000| Untracked 
|  53|0x00000000e3500000, 0x00000000e3500000, 0x00000000e3600000|  0%| F|  |TAMS 0x00000000e3500000, 0x00000000e3500000| Untracked 
|  54|0x00000000e3600000, 0x00000000e3600000, 0x00000000e3700000|  0%| F|  |TAMS 0x00000000e3600000, 0x00000000e3600000| Untracked 
|  55|0x00000000e3700000, 0x00000000e3700000, 0x00000000e3800000|  0%| F|  |TAMS 0x00000000e3700000, 0x00000000e3700000| Untracked 
|  56|0x00000000e3800000, 0x00000000e3800000, 0x00000000e3900000|  0%| F|  |TAMS 0x00000000e3800000, 0x00000000e3800000| Untracked 
|  57|0x00000000e3900000, 0x00000000e3900000, 0x00000000e3a00000|  0%| F|  |TAMS 0x00000000e3900000, 0x00000000e3900000| Untracked 
|  58|0x00000000e3a00000, 0x00000000e3a00000, 0x00000000e3b00000|  0%| F|  |TAMS 0x00000000e3a00000, 0x00000000e3a00000| Untracked 
|  59|0x00000000e3b00000, 0x00000000e3b00000, 0x00000000e3c00000|  0%| F|  |TAMS 0x00000000e3b00000, 0x00000000e3b00000| Untracked 
|  60|0x00000000e3c00000, 0x00000000e3c00000, 0x00000000e3d00000|  0%| F|  |TAMS 0x00000000e3c00000, 0x00000000e3c00000| Untracked 
|  61|0x00000000e3d00000, 0x00000000e3d00000, 0x00000000e3e00000|  0%| F|  |TAMS 0x00000000e3d00000, 0x00000000e3d00000| Untracked 
|  62|0x00000000e3e00000, 0x00000000e3e00000, 0x00000000e3f00000|  0%| F|  |TAMS 0x00000000e3e00000, 0x00000000e3e00000| Untracked 
|  63|0x00000000e3f00000, 0x00000000e3f00000, 0x00000000e4000000|  0%| F|  |TAMS 0x00000000e3f00000, 0x00000000e3f00000| Untracked 
|  64|0x00000000e4000000, 0x00000000e4000000, 0x00000000e4100000|  0%| F|  |TAMS 0x00000000e4000000, 0x00000000e4000000| Untracked 
|  65|0x00000000e4100000, 0x00000000e4100000, 0x00000000e4200000|  0%| F|  |TAMS 0x00000000e4100000, 0x00000000e4100000| Untracked 
|  66|0x00000000e4200000, 0x00000000e4200000, 0x00000000e4300000|  0%| F|  |TAMS 0x00000000e4200000, 0x00000000e4200000| Untracked 
|  67|0x00000000e4300000, 0x00000000e4300000, 0x00000000e4400000|  0%| F|  |TAMS 0x00000000e4300000, 0x00000000e4300000| Untracked 
|  68|0x00000000e4400000, 0x00000000e4400000, 0x00000000e4500000|  0%| F|  |TAMS 0x00000000e4400000, 0x00000000e4400000| Untracked 
|  69|0x00000000e4500000, 0x00000000e4500000, 0x00000000e4600000|  0%| F|  |TAMS 0x00000000e4500000, 0x00000000e4500000| Untracked 
|  70|0x00000000e4600000, 0x00000000e4600000, 0x00000000e4700000|  0%| F|  |TAMS 0x00000000e4600000, 0x00000000e4600000| Untracked 
|  71|0x00000000e4700000, 0x00000000e4700000, 0x00000000e4800000|  0%| F|  |TAMS 0x00000000e4700000, 0x00000000e4700000| Untracked 
|  72|0x00000000e4800000, 0x00000000e4800000, 0x00000000e4900000|  0%| F|  |TAMS 0x00000000e4800000, 0x00000000e4800000| Untracked 
|  73|0x00000000e4900000, 0x00000000e4900000, 0x00000000e4a00000|  0%| F|  |TAMS 0x00000000e4900000, 0x00000000e4900000| Untracked 
|  74|0x00000000e4a00000, 0x00000000e4a00000, 0x00000000e4b00000|  0%| F|  |TAMS 0x00000000e4a00000, 0x00000000e4a00000| Untracked 
|  75|0x00000000e4b00000, 0x00000000e4b00000, 0x00000000e4c00000|  0%| F|  |TAMS 0x00000000e4b00000, 0x00000000e4b00000| Untracked 
|  76|0x00000000e4c00000, 0x00000000e4c00000, 0x00000000e4d00000|  0%| F|  |TAMS 0x00000000e4c00000, 0x00000000e4c00000| Untracked 
|  77|0x00000000e4d00000, 0x00000000e4d00000, 0x00000000e4e00000|  0%| F|  |TAMS 0x00000000e4d00000, 0x00000000e4d00000| Untracked 
|  78|0x00000000e4e00000, 0x00000000e4e00000, 0x00000000e4f00000|  0%| F|  |TAMS 0x00000000e4e00000, 0x00000000e4e00000| Untracked 
|  79|0x00000000e4f00000, 0x00000000e4f00000, 0x00000000e5000000|  0%| F|  |TAMS 0x00000000e4f00000, 0x00000000e4f00000| Untracked 
|  80|0x00000000e5000000, 0x00000000e5000000, 0x00000000e5100000|  0%| F|  |TAMS 0x00000000e5000000, 0x00000000e5000000| Untracked 
|  81|0x00000000e5100000, 0x00000000e5100000, 0x00000000e5200000|  0%| F|  |TAMS 0x00000000e5100000, 0x00000000e5100000| Untracked 
|  82|0x00000000e5200000, 0x00000000e5200000, 0x00000000e5300000|  0%| F|  |TAMS 0x00000000e5200000, 0x00000000e5200000| Untracked 
|  83|0x00000000e5300000, 0x00000000e5300000, 0x00000000e5400000|  0%| F|  |TAMS 0x00000000e5300000, 0x00000000e5300000| Untracked 
|  84|0x00000000e5400000, 0x00000000e5400000, 0x00000000e5500000|  0%| F|  |TAMS 0x00000000e5400000, 0x00000000e5400000| Untracked 
|  85|0x00000000e5500000, 0x00000000e5500000, 0x00000000e5600000|  0%| F|  |TAMS 0x00000000e5500000, 0x00000000e5500000| Untracked 
|  86|0x00000000e5600000, 0x00000000e5600000, 0x00000000e5700000|  0%| F|  |TAMS 0x00000000e5600000, 0x00000000e5600000| Untracked 
|  87|0x00000000e5700000, 0x00000000e5700000, 0x00000000e5800000|  0%| F|  |TAMS 0x00000000e5700000, 0x00000000e5700000| Untracked 
|  88|0x00000000e5800000, 0x00000000e5800000, 0x00000000e5900000|  0%| F|  |TAMS 0x00000000e5800000, 0x00000000e5800000| Untracked 
|  89|0x00000000e5900000, 0x00000000e5900000, 0x00000000e5a00000|  0%| F|  |TAMS 0x00000000e5900000, 0x00000000e5900000| Untracked 
|  90|0x00000000e5a00000, 0x00000000e5a00000, 0x00000000e5b00000|  0%| F|  |TAMS 0x00000000e5a00000, 0x00000000e5a00000| Untracked 
|  91|0x00000000e5b00000, 0x00000000e5b00000, 0x00000000e5c00000|  0%| F|  |TAMS 0x00000000e5b00000, 0x00000000e5b00000| Untracked 
|  92|0x00000000e5c00000, 0x00000000e5c00000, 0x00000000e5d00000|  0%| F|  |TAMS 0x00000000e5c00000, 0x00000000e5c00000| Untracked 
|  93|0x00000000e5d00000, 0x00000000e5d00000, 0x00000000e5e00000|  0%| F|  |TAMS 0x00000000e5d00000, 0x00000000e5d00000| Untracked 
|  94|0x00000000e5e00000, 0x00000000e5e00000, 0x00000000e5f00000|  0%| F|  |TAMS 0x00000000e5e00000, 0x00000000e5e00000| Untracked 
|  95|0x00000000e5f00000, 0x00000000e5f00000, 0x00000000e6000000|  0%| F|  |TAMS 0x00000000e5f00000, 0x00000000e5f00000| Untracked 
|  96|0x00000000e6000000, 0x00000000e6000000, 0x00000000e6100000|  0%| F|  |TAMS 0x00000000e6000000, 0x00000000e6000000| Untracked 
|  97|0x00000000e6100000, 0x00000000e6100000, 0x00000000e6200000|  0%| F|  |TAMS 0x00000000e6100000, 0x00000000e6100000| Untracked 
|  98|0x00000000e6200000, 0x00000000e6200000, 0x00000000e6300000|  0%| F|  |TAMS 0x00000000e6200000, 0x00000000e6200000| Untracked 
|  99|0x00000000e6300000, 0x00000000e6300000, 0x00000000e6400000|  0%| F|  |TAMS 0x00000000e6300000, 0x00000000e6300000| Untracked 
| 100|0x00000000e6400000, 0x00000000e6400000, 0x00000000e6500000|  0%| F|  |TAMS 0x00000000e6400000, 0x00000000e6400000| Untracked 
| 101|0x00000000e6500000, 0x00000000e6500000, 0x00000000e6600000|  0%| F|  |TAMS 0x00000000e6500000, 0x00000000e6500000| Untracked 
| 102|0x00000000e6600000, 0x00000000e6600000, 0x00000000e6700000|  0%| F|  |TAMS 0x00000000e6600000, 0x00000000e6600000| Untracked 
| 103|0x00000000e6700000, 0x00000000e6700000, 0x00000000e6800000|  0%| F|  |TAMS 0x00000000e6700000, 0x00000000e6700000| Untracked 
| 104|0x00000000e6800000, 0x00000000e6800000, 0x00000000e6900000|  0%| F|  |TAMS 0x00000000e6800000, 0x00000000e6800000| Untracked 
| 105|0x00000000e6900000, 0x00000000e6900000, 0x00000000e6a00000|  0%| F|  |TAMS 0x00000000e6900000, 0x00000000e6900000| Untracked 
| 106|0x00000000e6a00000, 0x00000000e6a00000, 0x00000000e6b00000|  0%| F|  |TAMS 0x00000000e6a00000, 0x00000000e6a00000| Untracked 
| 107|0x00000000e6b00000, 0x00000000e6b00000, 0x00000000e6c00000|  0%| F|  |TAMS 0x00000000e6b00000, 0x00000000e6b00000| Untracked 
| 108|0x00000000e6c00000, 0x00000000e6c00000, 0x00000000e6d00000|  0%| F|  |TAMS 0x00000000e6c00000, 0x00000000e6c00000| Untracked 
| 109|0x00000000e6d00000, 0x00000000e6d00000, 0x00000000e6e00000|  0%| F|  |TAMS 0x00000000e6d00000, 0x00000000e6d00000| Untracked 
| 110|0x00000000e6e00000, 0x00000000e6e00000, 0x00000000e6f00000|  0%| F|  |TAMS 0x00000000e6e00000, 0x00000000e6e00000| Untracked 
| 111|0x00000000e6f00000, 0x00000000e6f00000, 0x00000000e7000000|  0%| F|  |TAMS 0x00000000e6f00000, 0x00000000e6f00000| Untracked 
| 112|0x00000000e7000000, 0x00000000e7000000, 0x00000000e7100000|  0%| F|  |TAMS 0x00000000e7000000, 0x00000000e7000000| Untracked 
| 113|0x00000000e7100000, 0x00000000e7100000, 0x00000000e7200000|  0%| F|  |TAMS 0x00000000e7100000, 0x00000000e7100000| Untracked 
| 114|0x00000000e7200000, 0x00000000e7200000, 0x00000000e7300000|  0%| F|  |TAMS 0x00000000e7200000, 0x00000000e7200000| Untracked 
| 115|0x00000000e7300000, 0x00000000e7300000, 0x00000000e7400000|  0%| F|  |TAMS 0x00000000e7300000, 0x00000000e7300000| Untracked 
| 116|0x00000000e7400000, 0x00000000e7400000, 0x00000000e7500000|  0%| F|  |TAMS 0x00000000e7400000, 0x00000000e7400000| Untracked 
| 117|0x00000000e7500000, 0x00000000e7500000, 0x00000000e7600000|  0%| F|  |TAMS 0x00000000e7500000, 0x00000000e7500000| Untracked 
| 118|0x00000000e7600000, 0x00000000e7600000, 0x00000000e7700000|  0%| F|  |TAMS 0x00000000e7600000, 0x00000000e7600000| Untracked 
| 119|0x00000000e7700000, 0x00000000e7700000, 0x00000000e7800000|  0%| F|  |TAMS 0x00000000e7700000, 0x00000000e7700000| Untracked 
| 120|0x00000000e7800000, 0x00000000e7800000, 0x00000000e7900000|  0%| F|  |TAMS 0x00000000e7800000, 0x00000000e7800000| Untracked 
| 121|0x00000000e7900000, 0x00000000e7900000, 0x00000000e7a00000|  0%| F|  |TAMS 0x00000000e7900000, 0x00000000e7900000| Untracked 
| 122|0x00000000e7a00000, 0x00000000e7a00000, 0x00000000e7b00000|  0%| F|  |TAMS 0x00000000e7a00000, 0x00000000e7a00000| Untracked 
| 123|0x00000000e7b00000, 0x00000000e7b00000, 0x00000000e7c00000|  0%| F|  |TAMS 0x00000000e7b00000, 0x00000000e7b00000| Untracked 
| 124|0x00000000e7c00000, 0x00000000e7c00000, 0x00000000e7d00000|  0%| F|  |TAMS 0x00000000e7c00000, 0x00000000e7c00000| Untracked 
| 125|0x00000000e7d00000, 0x00000000e7d00000, 0x00000000e7e00000|  0%| F|  |TAMS 0x00000000e7d00000, 0x00000000e7d00000| Untracked 
| 126|0x00000000e7e00000, 0x00000000e7e00000, 0x00000000e7f00000|  0%| F|  |TAMS 0x00000000e7e00000, 0x00000000e7e00000| Untracked 
| 127|0x00000000e7f00000, 0x00000000e7f00000, 0x00000000e8000000|  0%| F|  |TAMS 0x00000000e7f00000, 0x00000000e7f00000| Untracked 
| 128|0x00000000e8000000, 0x00000000e8000000, 0x00000000e8100000|  0%| F|  |TAMS 0x00000000e8000000, 0x00000000e8000000| Untracked 
| 129|0x00000000e8100000, 0x00000000e8100000, 0x00000000e8200000|  0%| F|  |TAMS 0x00000000e8100000, 0x00000000e8100000| Untracked 
| 130|0x00000000e8200000, 0x00000000e8200000, 0x00000000e8300000|  0%| F|  |TAMS 0x00000000e8200000, 0x00000000e8200000| Untracked 
| 131|0x00000000e8300000, 0x00000000e8300000, 0x00000000e8400000|  0%| F|  |TAMS 0x00000000e8300000, 0x00000000e8300000| Untracked 
| 132|0x00000000e8400000, 0x00000000e8400000, 0x00000000e8500000|  0%| F|  |TAMS 0x00000000e8400000, 0x00000000e8400000| Untracked 
| 133|0x00000000e8500000, 0x00000000e8500000, 0x00000000e8600000|  0%| F|  |TAMS 0x00000000e8500000, 0x00000000e8500000| Untracked 
| 134|0x00000000e8600000, 0x00000000e8600000, 0x00000000e8700000|  0%| F|  |TAMS 0x00000000e8600000, 0x00000000e8600000| Untracked 
| 135|0x00000000e8700000, 0x00000000e8700000, 0x00000000e8800000|  0%| F|  |TAMS 0x00000000e8700000, 0x00000000e8700000| Untracked 
| 136|0x00000000e8800000, 0x00000000e8800000, 0x00000000e8900000|  0%| F|  |TAMS 0x00000000e8800000, 0x00000000e8800000| Untracked 
| 137|0x00000000e8900000, 0x00000000e8900000, 0x00000000e8a00000|  0%| F|  |TAMS 0x00000000e8900000, 0x00000000e8900000| Untracked 
| 138|0x00000000e8a00000, 0x00000000e8a00000, 0x00000000e8b00000|  0%| F|  |TAMS 0x00000000e8a00000, 0x00000000e8a00000| Untracked 
| 139|0x00000000e8b00000, 0x00000000e8b00000, 0x00000000e8c00000|  0%| F|  |TAMS 0x00000000e8b00000, 0x00000000e8b00000| Untracked 
| 140|0x00000000e8c00000, 0x00000000e8c00000, 0x00000000e8d00000|  0%| F|  |TAMS 0x00000000e8c00000, 0x00000000e8c00000| Untracked 
| 141|0x00000000e8d00000, 0x00000000e8d00000, 0x00000000e8e00000|  0%| F|  |TAMS 0x00000000e8d00000, 0x00000000e8d00000| Untracked 
| 142|0x00000000e8e00000, 0x00000000e8e00000, 0x00000000e8f00000|  0%| F|  |TAMS 0x00000000e8e00000, 0x00000000e8e00000| Untracked 
| 143|0x00000000e8f00000, 0x00000000e8f00000, 0x00000000e9000000|  0%| F|  |TAMS 0x00000000e8f00000, 0x00000000e8f00000| Untracked 
| 144|0x00000000e9000000, 0x00000000e9000000, 0x00000000e9100000|  0%| F|  |TAMS 0x00000000e9000000, 0x00000000e9000000| Untracked 
| 145|0x00000000e9100000, 0x00000000e9100000, 0x00000000e9200000|  0%| F|  |TAMS 0x00000000e9100000, 0x00000000e9100000| Untracked 
| 146|0x00000000e9200000, 0x00000000e9200000, 0x00000000e9300000|  0%| F|  |TAMS 0x00000000e9200000, 0x00000000e9200000| Untracked 
| 147|0x00000000e9300000, 0x00000000e9300000, 0x00000000e9400000|  0%| F|  |TAMS 0x00000000e9300000, 0x00000000e9300000| Untracked 
| 148|0x00000000e9400000, 0x00000000e9400000, 0x00000000e9500000|  0%| F|  |TAMS 0x00000000e9400000, 0x00000000e9400000| Untracked 
| 149|0x00000000e9500000, 0x00000000e9500000, 0x00000000e9600000|  0%| F|  |TAMS 0x00000000e9500000, 0x00000000e9500000| Untracked 
| 150|0x00000000e9600000, 0x00000000e9600000, 0x00000000e9700000|  0%| F|  |TAMS 0x00000000e9600000, 0x00000000e9600000| Untracked 
| 151|0x00000000e9700000, 0x00000000e9700000, 0x00000000e9800000|  0%| F|  |TAMS 0x00000000e9700000, 0x00000000e9700000| Untracked 
| 152|0x00000000e9800000, 0x00000000e9800000, 0x00000000e9900000|  0%| F|  |TAMS 0x00000000e9800000, 0x00000000e9800000| Untracked 
| 153|0x00000000e9900000, 0x00000000e9900000, 0x00000000e9a00000|  0%| F|  |TAMS 0x00000000e9900000, 0x00000000e9900000| Untracked 
| 154|0x00000000e9a00000, 0x00000000e9a00000, 0x00000000e9b00000|  0%| F|  |TAMS 0x00000000e9a00000, 0x00000000e9a00000| Untracked 
| 155|0x00000000e9b00000, 0x00000000e9b00000, 0x00000000e9c00000|  0%| F|  |TAMS 0x00000000e9b00000, 0x00000000e9b00000| Untracked 
| 156|0x00000000e9c00000, 0x00000000e9c00000, 0x00000000e9d00000|  0%| F|  |TAMS 0x00000000e9c00000, 0x00000000e9c00000| Untracked 
| 157|0x00000000e9d00000, 0x00000000e9d00000, 0x00000000e9e00000|  0%| F|  |TAMS 0x00000000e9d00000, 0x00000000e9d00000| Untracked 
| 158|0x00000000e9e00000, 0x00000000e9e00000, 0x00000000e9f00000|  0%| F|  |TAMS 0x00000000e9e00000, 0x00000000e9e00000| Untracked 
| 159|0x00000000e9f00000, 0x00000000e9f00000, 0x00000000ea000000|  0%| F|  |TAMS 0x00000000e9f00000, 0x00000000e9f00000| Untracked 
| 160|0x00000000ea000000, 0x00000000ea000000, 0x00000000ea100000|  0%| F|  |TAMS 0x00000000ea000000, 0x00000000ea000000| Untracked 
| 161|0x00000000ea100000, 0x00000000ea100000, 0x00000000ea200000|  0%| F|  |TAMS 0x00000000ea100000, 0x00000000ea100000| Untracked 
| 162|0x00000000ea200000, 0x00000000ea200000, 0x00000000ea300000|  0%| F|  |TAMS 0x00000000ea200000, 0x00000000ea200000| Untracked 
| 163|0x00000000ea300000, 0x00000000ea300000, 0x00000000ea400000|  0%| F|  |TAMS 0x00000000ea300000, 0x00000000ea300000| Untracked 
| 164|0x00000000ea400000, 0x00000000ea400000, 0x00000000ea500000|  0%| F|  |TAMS 0x00000000ea400000, 0x00000000ea400000| Untracked 
| 165|0x00000000ea500000, 0x00000000ea500000, 0x00000000ea600000|  0%| F|  |TAMS 0x00000000ea500000, 0x00000000ea500000| Untracked 
| 166|0x00000000ea600000, 0x00000000ea600000, 0x00000000ea700000|  0%| F|  |TAMS 0x00000000ea600000, 0x00000000ea600000| Untracked 
| 167|0x00000000ea700000, 0x00000000ea700000, 0x00000000ea800000|  0%| F|  |TAMS 0x00000000ea700000, 0x00000000ea700000| Untracked 
| 168|0x00000000ea800000, 0x00000000ea800000, 0x00000000ea900000|  0%| F|  |TAMS 0x00000000ea800000, 0x00000000ea800000| Untracked 
| 169|0x00000000ea900000, 0x00000000ea900000, 0x00000000eaa00000|  0%| F|  |TAMS 0x00000000ea900000, 0x00000000ea900000| Untracked 
| 170|0x00000000eaa00000, 0x00000000eaa00000, 0x00000000eab00000|  0%| F|  |TAMS 0x00000000eaa00000, 0x00000000eaa00000| Untracked 
| 171|0x00000000eab00000, 0x00000000eab00000, 0x00000000eac00000|  0%| F|  |TAMS 0x00000000eab00000, 0x00000000eab00000| Untracked 
| 172|0x00000000eac00000, 0x00000000eac00000, 0x00000000ead00000|  0%| F|  |TAMS 0x00000000eac00000, 0x00000000eac00000| Untracked 
| 173|0x00000000ead00000, 0x00000000ead00000, 0x00000000eae00000|  0%| F|  |TAMS 0x00000000ead00000, 0x00000000ead00000| Untracked 
| 174|0x00000000eae00000, 0x00000000eae00000, 0x00000000eaf00000|  0%| F|  |TAMS 0x00000000eae00000, 0x00000000eae00000| Untracked 
| 175|0x00000000eaf00000, 0x00000000eaf00000, 0x00000000eb000000|  0%| F|  |TAMS 0x00000000eaf00000, 0x00000000eaf00000| Untracked 
| 176|0x00000000eb000000, 0x00000000eb000000, 0x00000000eb100000|  0%| F|  |TAMS 0x00000000eb000000, 0x00000000eb000000| Untracked 
| 177|0x00000000eb100000, 0x00000000eb100000, 0x00000000eb200000|  0%| F|  |TAMS 0x00000000eb100000, 0x00000000eb100000| Untracked 
| 178|0x00000000eb200000, 0x00000000eb200000, 0x00000000eb300000|  0%| F|  |TAMS 0x00000000eb200000, 0x00000000eb200000| Untracked 
| 179|0x00000000eb300000, 0x00000000eb300000, 0x00000000eb400000|  0%| F|  |TAMS 0x00000000eb300000, 0x00000000eb300000| Untracked 
| 180|0x00000000eb400000, 0x00000000eb400000, 0x00000000eb500000|  0%| F|  |TAMS 0x00000000eb400000, 0x00000000eb400000| Untracked 
| 181|0x00000000eb500000, 0x00000000eb500000, 0x00000000eb600000|  0%| F|  |TAMS 0x00000000eb500000, 0x00000000eb500000| Untracked 
| 182|0x00000000eb600000, 0x00000000eb600000, 0x00000000eb700000|  0%| F|  |TAMS 0x00000000eb600000, 0x00000000eb600000| Untracked 
| 183|0x00000000eb700000, 0x00000000eb700000, 0x00000000eb800000|  0%| F|  |TAMS 0x00000000eb700000, 0x00000000eb700000| Untracked 
| 184|0x00000000eb800000, 0x00000000eb800000, 0x00000000eb900000|  0%| F|  |TAMS 0x00000000eb800000, 0x00000000eb800000| Untracked 
| 185|0x00000000eb900000, 0x00000000eb900000, 0x00000000eba00000|  0%| F|  |TAMS 0x00000000eb900000, 0x00000000eb900000| Untracked 
| 186|0x00000000eba00000, 0x00000000eba00000, 0x00000000ebb00000|  0%| F|  |TAMS 0x00000000eba00000, 0x00000000eba00000| Untracked 
| 187|0x00000000ebb00000, 0x00000000ebb00000, 0x00000000ebc00000|  0%| F|  |TAMS 0x00000000ebb00000, 0x00000000ebb00000| Untracked 
| 188|0x00000000ebc00000, 0x00000000ebc00000, 0x00000000ebd00000|  0%| F|  |TAMS 0x00000000ebc00000, 0x00000000ebc00000| Untracked 
| 189|0x00000000ebd00000, 0x00000000ebd00000, 0x00000000ebe00000|  0%| F|  |TAMS 0x00000000ebd00000, 0x00000000ebd00000| Untracked 
| 190|0x00000000ebe00000, 0x00000000ebe00000, 0x00000000ebf00000|  0%| F|  |TAMS 0x00000000ebe00000, 0x00000000ebe00000| Untracked 
| 191|0x00000000ebf00000, 0x00000000ebf00000, 0x00000000ec000000|  0%| F|  |TAMS 0x00000000ebf00000, 0x00000000ebf00000| Untracked 
| 192|0x00000000ec000000, 0x00000000ec000000, 0x00000000ec100000|  0%| F|  |TAMS 0x00000000ec000000, 0x00000000ec000000| Untracked 
| 193|0x00000000ec100000, 0x00000000ec100000, 0x00000000ec200000|  0%| F|  |TAMS 0x00000000ec100000, 0x00000000ec100000| Untracked 
| 194|0x00000000ec200000, 0x00000000ec200000, 0x00000000ec300000|  0%| F|  |TAMS 0x00000000ec200000, 0x00000000ec200000| Untracked 
| 195|0x00000000ec300000, 0x00000000ec300000, 0x00000000ec400000|  0%| F|  |TAMS 0x00000000ec300000, 0x00000000ec300000| Untracked 
| 196|0x00000000ec400000, 0x00000000ec400000, 0x00000000ec500000|  0%| F|  |TAMS 0x00000000ec400000, 0x00000000ec400000| Untracked 
| 197|0x00000000ec500000, 0x00000000ec500000, 0x00000000ec600000|  0%| F|  |TAMS 0x00000000ec500000, 0x00000000ec500000| Untracked 
| 198|0x00000000ec600000, 0x00000000ec600000, 0x00000000ec700000|  0%| F|  |TAMS 0x00000000ec600000, 0x00000000ec600000| Untracked 
| 199|0x00000000ec700000, 0x00000000ec700000, 0x00000000ec800000|  0%| F|  |TAMS 0x00000000ec700000, 0x00000000ec700000| Untracked 
| 200|0x00000000ec800000, 0x00000000ec800000, 0x00000000ec900000|  0%| F|  |TAMS 0x00000000ec800000, 0x00000000ec800000| Untracked 
| 201|0x00000000ec900000, 0x00000000ec900000, 0x00000000eca00000|  0%| F|  |TAMS 0x00000000ec900000, 0x00000000ec900000| Untracked 
| 202|0x00000000eca00000, 0x00000000eca00000, 0x00000000ecb00000|  0%| F|  |TAMS 0x00000000eca00000, 0x00000000eca00000| Untracked 
| 203|0x00000000ecb00000, 0x00000000ecb00000, 0x00000000ecc00000|  0%| F|  |TAMS 0x00000000ecb00000, 0x00000000ecb00000| Untracked 
| 204|0x00000000ecc00000, 0x00000000ecc00000, 0x00000000ecd00000|  0%| F|  |TAMS 0x00000000ecc00000, 0x00000000ecc00000| Untracked 
| 205|0x00000000ecd00000, 0x00000000ecd00000, 0x00000000ece00000|  0%| F|  |TAMS 0x00000000ecd00000, 0x00000000ecd00000| Untracked 
| 206|0x00000000ece00000, 0x00000000ece00000, 0x00000000ecf00000|  0%| F|  |TAMS 0x00000000ece00000, 0x00000000ece00000| Untracked 
| 207|0x00000000ecf00000, 0x00000000ecfb7578, 0x00000000ed000000| 71%| E|  |TAMS 0x00000000ecf00000, 0x00000000ecf00000| Complete 
| 208|0x00000000ed000000, 0x00000000ed100000, 0x00000000ed100000|100%| E|CS|TAMS 0x00000000ed000000, 0x00000000ed000000| Complete 
| 209|0x00000000ed100000, 0x00000000ed200000, 0x00000000ed200000|100%| E|CS|TAMS 0x00000000ed100000, 0x00000000ed100000| Complete 
| 210|0x00000000ed200000, 0x00000000ed300000, 0x00000000ed300000|100%| E|CS|TAMS 0x00000000ed200000, 0x00000000ed200000| Complete 
| 211|0x00000000ed300000, 0x00000000ed400000, 0x00000000ed400000|100%| E|CS|TAMS 0x00000000ed300000, 0x00000000ed300000| Complete 
| 212|0x00000000ed400000, 0x00000000ed500000, 0x00000000ed500000|100%| E|CS|TAMS 0x00000000ed400000, 0x00000000ed400000| Complete 
| 213|0x00000000ed500000, 0x00000000ed600000, 0x00000000ed600000|100%| E|CS|TAMS 0x00000000ed500000, 0x00000000ed500000| Complete 
| 214|0x00000000ed600000, 0x00000000ed700000, 0x00000000ed700000|100%| E|CS|TAMS 0x00000000ed600000, 0x00000000ed600000| Complete 
| 215|0x00000000ed700000, 0x00000000ed800000, 0x00000000ed800000|100%| E|CS|TAMS 0x00000000ed700000, 0x00000000ed700000| Complete 
| 216|0x00000000ed800000, 0x00000000ed900000, 0x00000000ed900000|100%| E|CS|TAMS 0x00000000ed800000, 0x00000000ed800000| Complete 
| 217|0x00000000ed900000, 0x00000000eda00000, 0x00000000eda00000|100%| E|CS|TAMS 0x00000000ed900000, 0x00000000ed900000| Complete 
| 218|0x00000000eda00000, 0x00000000edb00000, 0x00000000edb00000|100%| E|CS|TAMS 0x00000000eda00000, 0x00000000eda00000| Complete 
| 219|0x00000000edb00000, 0x00000000edc00000, 0x00000000edc00000|100%| E|CS|TAMS 0x00000000edb00000, 0x00000000edb00000| Complete 
| 220|0x00000000edc00000, 0x00000000edd00000, 0x00000000edd00000|100%| E|CS|TAMS 0x00000000edc00000, 0x00000000edc00000| Complete 
| 221|0x00000000edd00000, 0x00000000ede00000, 0x00000000ede00000|100%| E|CS|TAMS 0x00000000edd00000, 0x00000000edd00000| Complete 
| 222|0x00000000ede00000, 0x00000000edf00000, 0x00000000edf00000|100%| E|CS|TAMS 0x00000000ede00000, 0x00000000ede00000| Complete 
| 223|0x00000000edf00000, 0x00000000ee000000, 0x00000000ee000000|100%| E|CS|TAMS 0x00000000edf00000, 0x00000000edf00000| Complete 
| 224|0x00000000ee000000, 0x00000000ee100000, 0x00000000ee100000|100%| E|CS|TAMS 0x00000000ee000000, 0x00000000ee000000| Complete 
| 225|0x00000000ee100000, 0x00000000ee200000, 0x00000000ee200000|100%| E|CS|TAMS 0x00000000ee100000, 0x00000000ee100000| Complete 
| 226|0x00000000ee200000, 0x00000000ee300000, 0x00000000ee300000|100%| E|CS|TAMS 0x00000000ee200000, 0x00000000ee200000| Complete 
| 227|0x00000000ee300000, 0x00000000ee400000, 0x00000000ee400000|100%| E|CS|TAMS 0x00000000ee300000, 0x00000000ee300000| Complete 
| 228|0x00000000ee400000, 0x00000000ee500000, 0x00000000ee500000|100%| E|CS|TAMS 0x00000000ee400000, 0x00000000ee400000| Complete 
| 229|0x00000000ee500000, 0x00000000ee600000, 0x00000000ee600000|100%| E|CS|TAMS 0x00000000ee500000, 0x00000000ee500000| Complete 
| 230|0x00000000ee600000, 0x00000000ee700000, 0x00000000ee700000|100%| E|CS|TAMS 0x00000000ee600000, 0x00000000ee600000| Complete 
| 231|0x00000000ee700000, 0x00000000ee800000, 0x00000000ee800000|100%| E|CS|TAMS 0x00000000ee700000, 0x00000000ee700000| Complete 
| 232|0x00000000ee800000, 0x00000000ee900000, 0x00000000ee900000|100%| E|CS|TAMS 0x00000000ee800000, 0x00000000ee800000| Complete 
| 233|0x00000000ee900000, 0x00000000eea00000, 0x00000000eea00000|100%| E|CS|TAMS 0x00000000ee900000, 0x00000000ee900000| Complete 
| 234|0x00000000eea00000, 0x00000000eeb00000, 0x00000000eeb00000|100%| E|  |TAMS 0x00000000eea00000, 0x00000000eea00000| Complete 
| 235|0x00000000eeb00000, 0x00000000eec00000, 0x00000000eec00000|100%| E|CS|TAMS 0x00000000eeb00000, 0x00000000eeb00000| Complete 
| 236|0x00000000eec00000, 0x00000000eed00000, 0x00000000eed00000|100%| E|CS|TAMS 0x00000000eec00000, 0x00000000eec00000| Complete 
| 237|0x00000000eed00000, 0x00000000eee00000, 0x00000000eee00000|100%| S|CS|TAMS 0x00000000eed00000, 0x00000000eed00000| Complete 
| 238|0x00000000eee00000, 0x00000000eef00000, 0x00000000eef00000|100%| S|CS|TAMS 0x00000000eee00000, 0x00000000eee00000| Complete 
| 239|0x00000000eef00000, 0x00000000ef000000, 0x00000000ef000000|100%| E|CS|TAMS 0x00000000eef00000, 0x00000000eef00000| Complete 
| 240|0x00000000ef000000, 0x00000000ef100000, 0x00000000ef100000|100%| E|CS|TAMS 0x00000000ef000000, 0x00000000ef000000| Complete 
| 241|0x00000000ef100000, 0x00000000ef200000, 0x00000000ef200000|100%| E|CS|TAMS 0x00000000ef100000, 0x00000000ef100000| Complete 
| 242|0x00000000ef200000, 0x00000000ef300000, 0x00000000ef300000|100%| E|CS|TAMS 0x00000000ef200000, 0x00000000ef200000| Complete 
| 243|0x00000000ef300000, 0x00000000ef400000, 0x00000000ef400000|100%| E|CS|TAMS 0x00000000ef300000, 0x00000000ef300000| Complete 
| 244|0x00000000ef400000, 0x00000000ef500000, 0x00000000ef500000|100%| E|CS|TAMS 0x00000000ef400000, 0x00000000ef400000| Complete 
| 245|0x00000000ef500000, 0x00000000ef600000, 0x00000000ef600000|100%| E|CS|TAMS 0x00000000ef500000, 0x00000000ef500000| Complete 
| 246|0x00000000ef600000, 0x00000000ef700000, 0x00000000ef700000|100%| E|CS|TAMS 0x00000000ef600000, 0x00000000ef600000| Complete 
| 247|0x00000000ef700000, 0x00000000ef800000, 0x00000000ef800000|100%| E|CS|TAMS 0x00000000ef700000, 0x00000000ef700000| Complete 
| 248|0x00000000ef800000, 0x00000000ef900000, 0x00000000ef900000|100%| E|CS|TAMS 0x00000000ef800000, 0x00000000ef800000| Complete 
| 249|0x00000000ef900000, 0x00000000efa00000, 0x00000000efa00000|100%| E|CS|TAMS 0x00000000ef900000, 0x00000000ef900000| Complete 
| 250|0x00000000efa00000, 0x00000000efb00000, 0x00000000efb00000|100%| E|CS|TAMS 0x00000000efa00000, 0x00000000efa00000| Complete 
| 251|0x00000000efb00000, 0x00000000efc00000, 0x00000000efc00000|100%| E|CS|TAMS 0x00000000efb00000, 0x00000000efb00000| Complete 
| 252|0x00000000efc00000, 0x00000000efd00000, 0x00000000efd00000|100%| E|CS|TAMS 0x00000000efc00000, 0x00000000efc00000| Complete 
| 253|0x00000000efd00000, 0x00000000efe00000, 0x00000000efe00000|100%| E|CS|TAMS 0x00000000efd00000, 0x00000000efd00000| Complete 
| 254|0x00000000efe00000, 0x00000000eff00000, 0x00000000eff00000|100%| E|CS|TAMS 0x00000000efe00000, 0x00000000efe00000| Complete 
| 255|0x00000000eff00000, 0x00000000f0000000, 0x00000000f0000000|100%| E|CS|TAMS 0x00000000eff00000, 0x00000000eff00000| Complete 

Card table byte_map: [0x0000022af8290000,0x0000022af8390000] _byte_map_base: 0x0000022af7b90000

Marking Bits (Prev, Next): (CMBitMap*) 0x0000022aeff6aa20, (CMBitMap*) 0x0000022aeff6a9e8
 Prev Bits: [0x0000022af8c90000, 0x0000022af9490000)
 Next Bits: [0x0000022af8490000, 0x0000022af8c90000)

Polling page: 0x0000022aedec0000

Metaspace:

Usage:
  Non-class:     51.92 MB capacity,    51.05 MB ( 98%) used,   759.10 KB (  1%) free+waste,   127.00 KB ( <1%) overhead. 
      Class:      7.96 MB capacity,     7.51 MB ( 94%) used,   401.95 KB (  5%) free+waste,    57.69 KB ( <1%) overhead. 
       Both:     59.88 MB capacity,    58.57 MB ( 98%) used,     1.13 MB (  2%) free+waste,   184.69 KB ( <1%) overhead. 

Virtual space:
  Non-class space:       52.00 MB reserved,      52.00 MB (100%) committed 
      Class space:      248.00 MB reserved,       8.00 MB (  3%) committed 
             Both:      300.00 MB reserved,      60.00 MB ( 20%) committed 

Chunk freelists:
   Non-Class:  2.50 KB
       Class:  0 bytes
        Both:  2.50 KB

CodeHeap 'non-profiled nmethods': size=120064Kb used=3893Kb max_used=3893Kb free=116170Kb
 bounds [0x0000022a87ac0000, 0x0000022a87e90000, 0x0000022a8f000000]
CodeHeap 'profiled nmethods': size=120000Kb used=17336Kb max_used=17336Kb free=102663Kb
 bounds [0x0000022a80590000, 0x0000022a81690000, 0x0000022a87ac0000]
CodeHeap 'non-nmethods': size=5696Kb used=2234Kb max_used=2275Kb free=3461Kb
 bounds [0x0000022a80000000, 0x0000022a80270000, 0x0000022a80590000]
 total_blobs=9883 nmethods=7317 adapters=720
 compilation: enabled
              stopped_count=0, restarted_count=0
 full_count=0

Compilation events (10 events):
Event: 135.314 Thread 0x0000022afc420000 7538       2       org.apache.commons.io.FilenameUtils::failIfNullBytePresent (37 bytes)
Event: 135.314 Thread 0x0000022afc420000 nmethod 7538 0x0000022a8167cd10 code [0x0000022a8167cf00, 0x0000022a8167d350]
Event: 135.315 Thread 0x0000022afc420000 7539       2       java.lang.ProcessEnvironment$EntryComparator::compare (13 bytes)
Event: 135.315 Thread 0x0000022afc420000 nmethod 7539 0x0000022a8167d690 code [0x0000022a8167d880, 0x0000022a8167db70]
Event: 135.315 Thread 0x0000022afc420000 7540       2       java.lang.ProcessEnvironment$EntryComparator::compare (25 bytes)
Event: 135.315 Thread 0x0000022afc420000 nmethod 7540 0x0000022a8167dd10 code [0x0000022a8167dee0, 0x0000022a8167e130]
Event: 135.393 Thread 0x0000022afc420000 7541   !   2       java.nio.charset.Charset::defaultCharset (53 bytes)
Event: 135.393 Thread 0x0000022afc420000 nmethod 7541 0x0000022a8167e290 code [0x0000022a8167e4c0, 0x0000022a8167ead0]
Event: 135.393 Thread 0x0000022afc420000 7542       2       java.lang.StringUTF16::charAt (11 bytes)
Event: 135.393 Thread 0x0000022afc420000 nmethod 7542 0x0000022a8167ed10 code [0x0000022a8167eec0, 0x0000022a8167f050]

GC Heap History (10 events):
Event: 4.410 GC heap before
{Heap before GC invocations=6 (full 0):
 garbage-first heap   total 262144K, used 77169K [0x00000000e0000000, 0x0000000100000000)
  region size 1024K, 64 young (65536K), 3 survivors (3072K)
 Metaspace       used 31889K, capacity 32299K, committed 32384K, reserved 282624K
  class space    used 3998K, capacity 4191K, committed 4224K, reserved 253952K
}
Event: 4.419 GC heap after
{Heap after GC invocations=7 (full 0):
 garbage-first heap   total 262144K, used 19609K [0x00000000e0000000, 0x0000000100000000)
  region size 1024K, 7 young (7168K), 7 survivors (7168K)
 Metaspace       used 31889K, capacity 32299K, committed 32384K, reserved 282624K
  class space    used 3998K, capacity 4191K, committed 4224K, reserved 253952K
}
Event: 4.910 GC heap before
{Heap before GC invocations=7 (full 0):
 garbage-first heap   total 262144K, used 52377K [0x00000000e0000000, 0x0000000100000000)
  region size 1024K, 40 young (40960K), 7 survivors (7168K)
 Metaspace       used 35276K, capacity 35700K, committed 35840K, reserved 286720K
  class space    used 4552K, capacity 4705K, committed 4736K, reserved 253952K
}
Event: 4.918 GC heap after
{Heap after GC invocations=8 (full 0):
 garbage-first heap   total 262144K, used 20954K [0x00000000e0000000, 0x0000000100000000)
  region size 1024K, 8 young (8192K), 8 survivors (8192K)
 Metaspace       used 35276K, capacity 35700K, committed 35840K, reserved 286720K
  class space    used 4552K, capacity 4705K, committed 4736K, reserved 253952K
}
Event: 6.457 GC heap before
{Heap before GC invocations=9 (full 0):
 garbage-first heap   total 262144K, used 135642K [0x00000000e0000000, 0x0000000100000000)
  region size 1024K, 117 young (119808K), 8 survivors (8192K)
 Metaspace       used 43199K, capacity 43915K, committed 44032K, reserved 292864K
  class space    used 5637K, capacity 5877K, committed 5888K, reserved 253952K
}
Event: 6.476 GC heap after
{Heap after GC invocations=10 (full 0):
 garbage-first heap   total 262144K, used 28554K [0x00000000e0000000, 0x0000000100000000)
  region size 1024K, 15 young (15360K), 15 survivors (15360K)
 Metaspace       used 43199K, capacity 43915K, committed 44032K, reserved 292864K
  class space    used 5637K, capacity 5877K, committed 5888K, reserved 253952K
}
Event: 9.156 GC heap before
{Heap before GC invocations=10 (full 0):
 garbage-first heap   total 262144K, used 162698K [0x00000000e0000000, 0x0000000100000000)
  region size 1024K, 147 young (150528K), 15 survivors (15360K)
 Metaspace       used 56594K, capacity 57770K, committed 58112K, reserved 305152K
  class space    used 7441K, capacity 7848K, committed 7936K, reserved 253952K
}
Event: 9.192 GC heap after
{Heap after GC invocations=11 (full 0):
 garbage-first heap   total 262144K, used 44049K [0x00000000e0000000, 0x0000000100000000)
  region size 1024K, 19 young (19456K), 19 survivors (19456K)
 Metaspace       used 56594K, capacity 57770K, committed 58112K, reserved 305152K
  class space    used 7441K, capacity 7848K, committed 7936K, reserved 253952K
}
Event: 51.838 GC heap before
{Heap before GC invocations=11 (full 0):
 garbage-first heap   total 262144K, used 60433K [0x00000000e0000000, 0x0000000100000000)
  region size 1024K, 36 young (36864K), 19 survivors (19456K)
 Metaspace       used 58954K, capacity 60241K, committed 60288K, reserved 307200K
  class space    used 7681K, capacity 8149K, committed 8192K, reserved 253952K
}
Event: 51.863 GC heap after
{Heap after GC invocations=12 (full 0):
 garbage-first heap   total 262144K, used 46496K [0x00000000e0000000, 0x0000000100000000)
  region size 1024K, 2 young (2048K), 2 survivors (2048K)
 Metaspace       used 58954K, capacity 60241K, committed 60288K, reserved 307200K
  class space    used 7681K, capacity 8149K, committed 8192K, reserved 253952K
}

Deoptimization events (10 events):
Event: 134.303 Thread 0x0000022afc6d8000 Uncommon trap: reason=intrinsic_or_type_checked_inlining action=make_not_entrant pc=0x0000022a87e3cc90 method=java.util.ArrayList.toArray([Ljava/lang/Object;)[Ljava/lang/Object; @ 36 c2
Event: 134.479 Thread 0x0000022afc6d8000 Uncommon trap: reason=class_check action=make_not_entrant pc=0x0000022a87e53edc method=java.util.ArrayList.toArray([Ljava/lang/Object;)[Ljava/lang/Object; @ 21 c2
Event: 134.602 Thread 0x0000022afc6d8000 Uncommon trap: reason=class_check action=maybe_recompile pc=0x0000022a87df4278 method=com.sun.tools.javac.code.Symtab.lookupPackage(Lcom/sun/tools/javac/code/Symbol$ModuleSymbol;Lcom/sun/tools/javac/util/Name;)Lcom/sun/tools/javac/code/Symbol$PackageSymbo
Event: 134.602 Thread 0x0000022afc6d8000 Uncommon trap: reason=class_check action=maybe_recompile pc=0x0000022a87df4278 method=com.sun.tools.javac.code.Symtab.lookupPackage(Lcom/sun/tools/javac/code/Symbol$ModuleSymbol;Lcom/sun/tools/javac/util/Name;)Lcom/sun/tools/javac/code/Symbol$PackageSymbo
Event: 134.602 Thread 0x0000022afc6d8000 Uncommon trap: reason=class_check action=maybe_recompile pc=0x0000022a87df4278 method=com.sun.tools.javac.code.Symtab.lookupPackage(Lcom/sun/tools/javac/code/Symbol$ModuleSymbol;Lcom/sun/tools/javac/util/Name;)Lcom/sun/tools/javac/code/Symbol$PackageSymbo
Event: 134.602 Thread 0x0000022afc6d8000 Uncommon trap: reason=class_check action=maybe_recompile pc=0x0000022a87df4278 method=com.sun.tools.javac.code.Symtab.lookupPackage(Lcom/sun/tools/javac/code/Symbol$ModuleSymbol;Lcom/sun/tools/javac/util/Name;)Lcom/sun/tools/javac/code/Symbol$PackageSymbo
Event: 134.680 Thread 0x0000022afc6d8000 Uncommon trap: reason=unstable_if action=reinterpret pc=0x0000022a87dbe074 method=javax.lang.model.SourceVersion.isIdentifier(Ljava/lang/CharSequence;)Z @ 54 c2
Event: 135.103 Thread 0x0000022afc6d8000 Uncommon trap: reason=unstable_if action=reinterpret pc=0x0000022a87ac807c method=java.lang.String.isLatin1()Z @ 10 c2
Event: 135.108 Thread 0x0000022afc6d8000 Uncommon trap: reason=unstable_fused_if action=reinterpret pc=0x0000022a87e588ac method=com.sun.tools.javac.util.Convert.chars2utf([CI[BII)I @ 28 c2
Event: 135.108 Thread 0x0000022afc6d8000 Uncommon trap: reason=unstable_fused_if action=reinterpret pc=0x0000022a87daaf58 method=com.sun.tools.javac.util.Convert.chars2utf([CI[BII)I @ 28 c2

Classes redefined (0 events):
No events

Internal exceptions (10 events):
Event: 135.128 Thread 0x0000022afc6d8000 Exception <a 'sun/nio/fs/WindowsException'{0x00000000ed4984e0}> (0x00000000ed4984e0) thrown at [t:/workspace/open/src/hotspot/share/prims/jni.cpp, line 615]
Event: 135.157 Thread 0x0000022afc6d8000 Exception <a 'sun/nio/fs/WindowsException'{0x00000000ed359158}> (0x00000000ed359158) thrown at [t:/workspace/open/src/hotspot/share/prims/jni.cpp, line 615]
Event: 135.169 Thread 0x0000022afc6d8000 Exception <a 'sun/nio/fs/WindowsException'{0x00000000ed3a8478}> (0x00000000ed3a8478) thrown at [t:/workspace/open/src/hotspot/share/prims/jni.cpp, line 615]
Event: 135.181 Thread 0x0000022afc6d8000 Exception <a 'sun/nio/fs/WindowsException'{0x00000000ed3e03d8}> (0x00000000ed3e03d8) thrown at [t:/workspace/open/src/hotspot/share/prims/jni.cpp, line 615]
Event: 135.199 Thread 0x0000022afc6d8000 Exception <a 'sun/nio/fs/WindowsException'{0x00000000ed289150}> (0x00000000ed289150) thrown at [t:/workspace/open/src/hotspot/share/prims/jni.cpp, line 615]
Event: 135.205 Thread 0x0000022afc6d8000 Exception <a 'sun/nio/fs/WindowsException'{0x00000000ed295c10}> (0x00000000ed295c10) thrown at [t:/workspace/open/src/hotspot/share/prims/jni.cpp, line 615]
Event: 135.257 Thread 0x0000022afc6d8000 Exception <a 'sun/nio/fs/WindowsException'{0x00000000ed1a1b88}> (0x00000000ed1a1b88) thrown at [t:/workspace/open/src/hotspot/share/prims/jni.cpp, line 615]
Event: 135.278 Thread 0x0000022afc6d8000 Exception <a 'sun/nio/fs/WindowsException'{0x00000000ed1ccae0}> (0x00000000ed1ccae0) thrown at [t:/workspace/open/src/hotspot/share/prims/jni.cpp, line 615]
Event: 135.282 Thread 0x0000022afc6d8000 Exception <a 'sun/nio/fs/WindowsException'{0x00000000ed1dd2f8}> (0x00000000ed1dd2f8) thrown at [t:/workspace/open/src/hotspot/share/prims/jni.cpp, line 615]
Event: 135.286 Thread 0x0000022afc6d8000 Exception <a 'sun/nio/fs/WindowsException'{0x00000000ed1eba20}> (0x00000000ed1eba20) thrown at [t:/workspace/open/src/hotspot/share/prims/jni.cpp, line 615]

Events (10 events):
Event: 135.108 Thread 0x0000022afc6d8000 DEOPT UNPACKING pc=0x0000022a80028f2f sp=0x000000e3efbf7288 mode 2
Event: 135.148 Executing VM operation: ICBufferFull
Event: 135.148 Executing VM operation: ICBufferFull done
Event: 135.289 Executing VM operation: RevokeBias
Event: 135.289 Executing VM operation: RevokeBias done
Event: 135.314 Thread 0x0000022a8fec5800 Thread added: 0x0000022a8fec5800
Event: 135.318 Thread 0x0000022a8fec6800 Thread added: 0x0000022a8fec6800
Event: 135.318 Thread 0x0000022a8fec4000 Thread added: 0x0000022a8fec4000
Event: 135.318 Thread 0x0000022a8fec8000 Thread added: 0x0000022a8fec8000
Event: 135.318 Thread 0x0000022a8fec8800 Thread added: 0x0000022a8fec8800


Dynamic libraries:
0x00007ff7421a0000 - 0x00007ff7421e7000 	C:\Program Files\Java\jdk-11.0.4\bin\java.exe
0x00007ffaa6e00000 - 0x00007ffaa6ff0000 	C:\WINDOWS\SYSTEM32\ntdll.dll
0x00007ffaa6ac0000 - 0x00007ffaa6b72000 	C:\WINDOWS\System32\KERNEL32.DLL
0x00007ffaa46e0000 - 0x00007ffaa4983000 	C:\WINDOWS\System32\KERNELBASE.dll
0x00007ffaa6260000 - 0x00007ffaa6303000 	C:\WINDOWS\System32\ADVAPI32.dll
0x00007ffaa4eb0000 - 0x00007ffaa4f4e000 	C:\WINDOWS\System32\msvcrt.dll
0x00007ffaa6b80000 - 0x00007ffaa6c17000 	C:\WINDOWS\System32\sechost.dll
0x00007ffaa6ca0000 - 0x00007ffaa6dc0000 	C:\WINDOWS\System32\RPCRT4.dll
0x00007ffaa5ec0000 - 0x00007ffaa6054000 	C:\WINDOWS\System32\USER32.dll
0x00007ffaa4e80000 - 0x00007ffaa4ea1000 	C:\WINDOWS\System32\win32u.dll
0x00007ffaa6230000 - 0x00007ffaa6256000 	C:\WINDOWS\System32\GDI32.dll
0x00007ffaa4b30000 - 0x00007ffaa4cc4000 	C:\WINDOWS\System32\gdi32full.dll
0x00007ffaa3e40000 - 0x00007ffaa3ede000 	C:\WINDOWS\System32\msvcp_win.dll
0x00007ffaa4a30000 - 0x00007ffaa4b2a000 	C:\WINDOWS\System32\ucrtbase.dll
0x00007ffa8a380000 - 0x00007ffa8a605000 	C:\WINDOWS\WinSxS\amd64_microsoft.windows.common-controls_6595b64144ccf1df_6.0.18362.418_none_e6c6b287130d565d\COMCTL32.dll
0x00007ffaa59e0000 - 0x00007ffaa5d16000 	C:\WINDOWS\System32\combase.dll
0x00007ffa944b0000 - 0x00007ffa944ba000 	C:\WINDOWS\SYSTEM32\VERSION.dll
0x00007ffaa4660000 - 0x00007ffaa46e0000 	C:\WINDOWS\System32\bcryptPrimitives.dll
0x00007ffaa5930000 - 0x00007ffaa595e000 	C:\WINDOWS\System32\IMM32.DLL
0x00007ffa9abc0000 - 0x00007ffa9abd6000 	C:\Program Files\Java\jdk-11.0.4\bin\vcruntime140.dll
0x00007ffa89110000 - 0x00007ffa891ba000 	C:\Program Files\Java\jdk-11.0.4\bin\msvcp140.dll
0x00007ffa73c30000 - 0x00007ffa74757000 	C:\Program Files\Java\jdk-11.0.4\bin\server\jvm.dll
0x00007ffaa5500000 - 0x00007ffaa5508000 	C:\WINDOWS\System32\PSAPI.DLL
0x00007ffa954f0000 - 0x00007ffa954f9000 	C:\WINDOWS\SYSTEM32\WSOCK32.dll
0x00007ffa9cf80000 - 0x00007ffa9cfa4000 	C:\WINDOWS\SYSTEM32\WINMM.dll
0x00007ffaa5700000 - 0x00007ffaa576f000 	C:\WINDOWS\System32\WS2_32.dll
0x00007ffa9cf50000 - 0x00007ffa9cf7d000 	C:\WINDOWS\SYSTEM32\WINMMBASE.dll
0x00007ffaa4990000 - 0x00007ffaa49da000 	C:\WINDOWS\System32\cfgmgr32.dll
0x00007ffaa3d20000 - 0x00007ffaa3d31000 	C:\WINDOWS\System32\kernel.appcore.dll
0x00007ffa99530000 - 0x00007ffa99541000 	C:\Program Files\Java\jdk-11.0.4\bin\verify.dll
0x00007ffaa26b0000 - 0x00007ffaa28a4000 	C:\WINDOWS\SYSTEM32\DBGHELP.DLL
0x00007ffa90e70000 - 0x00007ffa90e9a000 	C:\WINDOWS\SYSTEM32\dbgcore.DLL
0x00007ffa99360000 - 0x00007ffa99389000 	C:\Program Files\Java\jdk-11.0.4\bin\java.dll
0x00007ffa99340000 - 0x00007ffa99356000 	C:\Program Files\Java\jdk-11.0.4\bin\zip.dll
0x00007ffaa1750000 - 0x00007ffaa175a000 	C:\Program Files\Java\jdk-11.0.4\bin\jimage.dll
0x00007ffaa63d0000 - 0x00007ffaa6ab5000 	C:\WINDOWS\System32\SHELL32.dll
0x00007ffaa5510000 - 0x00007ffaa55b9000 	C:\WINDOWS\System32\shcore.dll
0x00007ffaa3ee0000 - 0x00007ffaa465f000 	C:\WINDOWS\System32\windows.storage.dll
0x00007ffaa3ce0000 - 0x00007ffaa3cff000 	C:\WINDOWS\System32\profapi.dll
0x00007ffaa3d40000 - 0x00007ffaa3d8a000 	C:\WINDOWS\System32\powrprof.dll
0x00007ffaa3cd0000 - 0x00007ffaa3ce0000 	C:\WINDOWS\System32\UMPDC.dll
0x00007ffaa5620000 - 0x00007ffaa5672000 	C:\WINDOWS\System32\shlwapi.dll
0x00007ffaa4a10000 - 0x00007ffaa4a27000 	C:\WINDOWS\System32\cryptsp.dll
0x00007ffa99320000 - 0x00007ffa99339000 	C:\Program Files\Java\jdk-11.0.4\bin\net.dll
0x00007ffa9c800000 - 0x00007ffa9c8f0000 	C:\WINDOWS\SYSTEM32\WINHTTP.dll
0x00007ffa8d2b0000 - 0x00007ffa8d486000 	C:\WINDOWS\SYSTEM32\urlmon.dll
0x00007ffa8d710000 - 0x00007ffa8d9b6000 	C:\WINDOWS\SYSTEM32\iertutil.dll
0x00007ffaa36b0000 - 0x00007ffaa36bc000 	C:\WINDOWS\SYSTEM32\CRYPTBASE.DLL
0x00007ffaa34e0000 - 0x00007ffaa3547000 	C:\WINDOWS\system32\mswsock.dll
0x00007ffa99300000 - 0x00007ffa99313000 	C:\Program Files\Java\jdk-11.0.4\bin\nio.dll
0x00007ffa94170000 - 0x00007ffa94196000 	C:\Users\Abhijit\.gradle\native\29\windows-amd64\native-platform.dll
0x00007ffa998f0000 - 0x00007ffa998f9000 	C:\Program Files\Java\jdk-11.0.4\bin\management.dll
0x00007ffa99520000 - 0x00007ffa9952c000 	C:\Program Files\Java\jdk-11.0.4\bin\management_ext.dll
0x00007ffaa3050000 - 0x00007ffaa3083000 	C:\WINDOWS\system32\rsaenh.dll
0x00007ffaa49e0000 - 0x00007ffaa4a06000 	C:\WINDOWS\System32\bcrypt.dll
0x00007ffaa3bf0000 - 0x00007ffaa3c15000 	C:\WINDOWS\SYSTEM32\USERENV.dll
0x00007ffaa31f0000 - 0x00007ffaa322a000 	C:\WINDOWS\SYSTEM32\IPHLPAPI.DLL
0x00007ffaa5920000 - 0x00007ffaa5928000 	C:\WINDOWS\System32\NSI.dll
0x00007ffa935e0000 - 0x00007ffa935f6000 	C:\WINDOWS\SYSTEM32\dhcpcsvc6.DLL
0x00007ffa97c40000 - 0x00007ffa97c5c000 	C:\WINDOWS\SYSTEM32\dhcpcsvc.DLL
0x00007ffaa3230000 - 0x00007ffaa32fa000 	C:\WINDOWS\SYSTEM32\DNSAPI.dll

dbghelp: loaded successfully - version: 4.0.5 - missing functions: none
symbol engine: initialized successfully - sym options: 0x614 - pdb path: .;C:\Program Files\Java\jdk-11.0.4\bin;C:\WINDOWS\SYSTEM32;C:\WINDOWS\WinSxS\amd64_microsoft.windows.common-controls_6595b64144ccf1df_6.0.18362.418_none_e6c6b287130d565d;C:\Program Files\Java\jdk-11.0.4\bin\server;C:\Users\Abhijit\.gradle\native\29\windows-amd64

VM Arguments:
jvm_args: --add-opens=java.base/java.util=ALL-UNNAMED --add-opens=java.base/java.lang=ALL-UNNAMED --add-opens=java.base/java.lang.invoke=ALL-UNNAMED --add-opens=java.prefs/java.util.prefs=ALL-UNNAMED -XX:MaxMetaspaceSize=256m -XX:+HeapDumpOnOutOfMemoryError -Xms256m -Xmx512m -Dfile.encoding=windows-1252 -Duser.country=SG -Duser.language=en -Duser.variant 
java_command: org.gradle.launcher.daemon.bootstrap.GradleDaemon 5.5.1
java_class_path (initial): C:\Users\Abhijit\.gradle\wrapper\dists\gradle-5.5.1-bin\cfsov38hb3r1zj4ic9bbjcc7n\gradle-5.5.1\lib\gradle-launcher-5.5.1.jar
Launcher Type: SUN_STANDARD

[Global flags]
     intx CICompilerCount                          = 3                                         {product} {ergonomic}
   size_t CompressedClassSpaceSize                 = 260046848                                 {product} {ergonomic}
     uint ConcGCThreads                            = 1                                         {product} {ergonomic}
     uint G1ConcRefinementThreads                  = 4                                         {product} {ergonomic}
   size_t G1HeapRegionSize                         = 1048576                                   {product} {ergonomic}
    uintx GCDrainStackTargetSize                   = 64                                        {product} {ergonomic}
     bool HeapDumpOnOutOfMemoryError               = true                                   {manageable} {command line}
   size_t InitialHeapSize                          = 268435456                                 {product} {command line}
   size_t MarkStackSize                            = 4194304                                   {product} {ergonomic}
   size_t MaxHeapSize                              = 536870912                                 {product} {command line}
   size_t MaxMetaspaceSize                         = 268435456                                 {product} {command line}
   size_t MaxNewSize                               = 321912832                                 {product} {ergonomic}
   size_t MinHeapDeltaBytes                        = 1048576                                   {product} {ergonomic}
    uintx NonNMethodCodeHeapSize                   = 5830092                                {pd product} {ergonomic}
    uintx NonProfiledCodeHeapSize                  = 122914074                              {pd product} {ergonomic}
    uintx ProfiledCodeHeapSize                     = 122914074                              {pd product} {ergonomic}
    uintx ReservedCodeCacheSize                    = 251658240                              {pd product} {ergonomic}
     bool SegmentedCodeCache                       = true                                      {product} {ergonomic}
     bool UseCompressedClassPointers               = true                                 {lp64_product} {ergonomic}
     bool UseCompressedOops                        = true                                 {lp64_product} {ergonomic}
     bool UseG1GC                                  = true                                      {product} {ergonomic}
     bool UseLargePagesIndividualAllocation        = false                                  {pd product} {ergonomic}

Logging:
Log output configuration:
 #0: stdout all=warning uptime,level,tags
 #1: stderr all=off uptime,level,tags

Environment Variables:
JAVA_HOME=C:\Program Files\Java\jdk-11.0.4
CLASSPATH=C:\Users\Abhijit\Documents\Schoolwork\Y2S1 2019\CS2113T\rim\\gradle\wrapper\gradle-wrapper.jar
PATH=C:\Python27\;C:\Python27\Scripts;C:\WINDOWS\system32;C:\WINDOWS;C:\WINDOWS\System32\Wbem;C:\WINDOWS\System32\WindowsPowerShell\v1.0\;C:\WINDOWS\System32\OpenSSH\;C:\ProgramData\chocolatey\bin;C:\Program Files\Git\cmd;C:\Program Files\PuTTY\;C:\Program Files\Java\jdk-11.0.4\bin;C:\Program Files\Java\jdk1.8.0_212\bin;C:\Program Files (x86)\Yarn\bin\;C:\Program Files\nodejs\;C:\Program Files (x86)\Calibre2\;C:\Users\Abhijit\AppData\Local\Programs\Python\Python37\Scripts\;C:\Users\Abhijit\AppData\Local\Programs\Python\Python37\;C:\Users\Abhijit\AppData\Local\Microsoft\WindowsApps;C:\Users\Abhijit\AppData\Local\Programs\Microsoft VS Code\bin;C:\Users\Abhijit\AppData\Local\hyper\app-2.1.1\resources\bin;C:\Users\Abhijit\AppData\Local\Android\Sdk\platform-tools;C:\Users\Abhijit\AppData\Local\Yarn\bin;C:\Users\Abhijit\AppData\Roaming\npm;C:\Users\Abhijit\AppData\Local\GitHubDesktop\bin
USERNAME=Abhijit
OS=Windows_NT
PROCESSOR_IDENTIFIER=Intel64 Family 6 Model 142 Stepping 9, GenuineIntel



---------------  S Y S T E M  ---------------

OS: Windows 10 , 64 bit Build 18362 (10.0.18362.329)

CPU:total 4 (initial active 4) (2 cores per cpu, 2 threads per core) family 6 model 142 stepping 9, cmov, cx8, fxsr, mmx, sse, sse2, sse3, ssse3, sse4.1, sse4.2, popcnt, avx, avx2, aes, clmul, erms, rtm, 3dnowpref, lzcnt, ht, tsc, tscinvbit, bmi1, bmi2, adx, fma

Memory: 4k page, system-wide physical 8117M (795M free)
TotalPageFile size 23100M (AvailPageFile size 200M)
current process WorkingSet (physical memory assigned to process): 400M, peak: 408M
current process commit charge ("private bytes"): 475M, peak: 483M

vm_info: Java HotSpot(TM) 64-Bit Server VM (11.0.4+10-LTS) for windows-amd64 JRE (11.0.4+10-LTS), built on Jul  4 2019 16:28:13 by "mach5one" with MS VC++ 15.5 (VS2017)

END.
