#
# There is insufficient memory for the Java Runtime Environment to continue.
# Native memory allocation (malloc) failed to allocate 932256 bytes for Chunk::new
# Possible reasons:
#   The system is out of physical RAM or swap space
#   In 32 bit mode, the process size limit was hit
# Possible solutions:
#   Reduce memory load on the system
#   Increase physical memory or swap space
#   Check if swap backing store is full
#   Use 64 bit Java on a 64 bit OS
#   Decrease Java heap size (-Xmx/-Xms)
#   Decrease number of Java threads
#   Decrease Java thread stack sizes (-Xss)
#   Set larger code cache with -XX:ReservedCodeCacheSize=
# This output file may be truncated or incomplete.
#
#  Out of Memory Error (allocation.cpp:390), pid=13888, tid=0x00000000000026f4
#
# JRE version: Java(TM) SE Runtime Environment (8.0_181-b13) (build 1.8.0_181-b13)
# Java VM: Java HotSpot(TM) 64-Bit Server VM (25.181-b13 mixed mode windows-amd64 compressed oops)
# Failed to write core dump. Minidumps are not enabled by default on client versions of Windows
#

---------------  T H R E A D  ---------------

Current thread (0x000000001646b000):  JavaThread "C2 CompilerThread0" daemon [_thread_in_native, id=9972, stack(0x0000000016c40000,0x0000000016d40000)]

Stack: [0x0000000016c40000,0x0000000016d40000]
[error occurred during error reporting (printing stack bounds), id 0xc0000005]

Native frames: (J=compiled Java code, j=interpreted, Vv=VM code, C=native code)


Current CompileTask:
C2:   8217 1478   !   4       java.net.URLClassLoader$1::run (63 bytes)


---------------  P R O C E S S  ---------------

Java Threads: ( => current thread )
  0x0000000018361000 JavaThread "Cache worker for journal cache (C:\Users\Gerald Lim Wee Koon\.gradle\caches\journal-1)" [_thread_blocked, id=19496, stack(0x000000001afa0000,0x000000001b0a0000)]
  0x0000000018360800 JavaThread "File lock request listener" [_thread_in_native, id=7924, stack(0x000000001aea0000,0x000000001afa0000)]
  0x000000001835d800 JavaThread "Cache worker for file hash cache (C:\Users\Gerald Lim Wee Koon\.gradle\caches\5.5.1\fileHashes)" [_thread_blocked, id=20940, stack(0x000000001ada0000,0x000000001aea0000)]
  0x00000000176f9800 JavaThread "Thread-9" [_thread_blocked, id=20696, stack(0x000000001aca0000,0x000000001ada0000)]
  0x0000000017e55000 JavaThread "Stdin handler" [_thread_blocked, id=14332, stack(0x000000001aba0000,0x000000001aca0000)]
  0x0000000017e58800 JavaThread "Asynchronous log dispatcher for DefaultDaemonConnection: socket connection from /127.0.0.1:60643 to /127.0.0.1:60644" [_thread_blocked, id=21408, stack(0x000000001a9a0000,0x000000001aaa0000)]
  0x0000000017b8f800 JavaThread "Daemon worker" [_thread_in_native, id=21144, stack(0x000000001a8a0000,0x000000001a9a0000)]
  0x0000000017b8d800 JavaThread "Cancel handler" [_thread_blocked, id=12084, stack(0x000000001a7a0000,0x000000001a8a0000)]
  0x0000000018828000 JavaThread "Handler for socket connection from /127.0.0.1:60643 to /127.0.0.1:60644" [_thread_in_native, id=20628, stack(0x000000001a4a0000,0x000000001a5a0000)]
  0x000000001791f800 JavaThread "Daemon" [_thread_blocked, id=21484, stack(0x000000001a3a0000,0x000000001a4a0000)]
  0x0000000018807800 JavaThread "Daemon periodic checks" [_thread_blocked, id=20148, stack(0x000000001a2a0000,0x000000001a3a0000)]
  0x00000000187c0800 JavaThread "Incoming local TCP Connector on port 60643" [_thread_in_native, id=14356, stack(0x000000001a060000,0x000000001a160000)]
  0x00000000186fa000 JavaThread "Daemon health stats" [_thread_blocked, id=10816, stack(0x0000000019a20000,0x0000000019b20000)]
  0x00000000164e7000 JavaThread "Service Thread" daemon [_thread_blocked, id=13720, stack(0x0000000017040000,0x0000000017140000)]
  0x000000001649e000 JavaThread "C1 CompilerThread3" daemon [_thread_blocked, id=19740, stack(0x0000000016f40000,0x0000000017040000)]
  0x000000001647a000 JavaThread "C2 CompilerThread2" daemon [_thread_in_native, id=2396, stack(0x0000000016e40000,0x0000000016f40000)]
  0x0000000016472000 JavaThread "C2 CompilerThread1" daemon [_thread_in_native, id=13244, stack(0x0000000016d40000,0x0000000016e40000)]
=>0x000000001646b000 JavaThread "C2 CompilerThread0" daemon [_thread_in_native, id=9972, stack(0x0000000016c40000,0x0000000016d40000)]
  0x0000000016468000 JavaThread "Attach Listener" daemon [_thread_blocked, id=7628, stack(0x0000000016b40000,0x0000000016c40000)]
  0x0000000016467000 JavaThread "Signal Dispatcher" daemon [_thread_blocked, id=12332, stack(0x0000000016a40000,0x0000000016b40000)]
  0x0000000016460800 JavaThread "Finalizer" daemon [_thread_blocked, id=19996, stack(0x0000000016840000,0x0000000016940000)]
  0x0000000002d99000 JavaThread "Reference Handler" daemon [_thread_blocked, id=1400, stack(0x0000000016340000,0x0000000016440000)]
  0x0000000002ca2800 JavaThread "main" [_thread_blocked, id=14616, stack(0x0000000002ba0000,0x0000000002ca0000)]

Other Threads:
  0x0000000014559800 VMThread [stack: 0x0000000016240000,0x0000000016340000] [id=19316]
  0x00000000164e9000 WatcherThread [stack: 0x0000000017140000,0x0000000017240000] [id=7636]

VM state:not at safepoint (normal execution)

VM Mutex/Monitor currently owned by a thread: None

Heap:
 PSYoungGen      total 76288K, used 26236K [0x00000000f5580000, 0x00000000faa80000, 0x0000000100000000)
  eden space 65536K, 25% used [0x00000000f5580000,0x00000000f65d73f8,0x00000000f9580000)
  from space 10752K, 88% used [0x00000000fa000000,0x00000000fa947fb0,0x00000000faa80000)
  to   space 10752K, 0% used [0x00000000f9580000,0x00000000f9580000,0x00000000fa000000)
 ParOldGen       total 175104K, used 16K [0x00000000e0000000, 0x00000000eab00000, 0x00000000f5580000)
  object space 175104K, 0% used [0x00000000e0000000,0x00000000e0004000,0x00000000eab00000)
 Metaspace       used 15960K, capacity 16372K, committed 16640K, reserved 1062912K
  class space    used 2338K, capacity 2446K, committed 2560K, reserved 1048576K

Card table byte_map: [0x0000000012160000,0x0000000012270000] byte_map_base: 0x0000000011a60000

Marking Bits: (ParMarkBitMap*) 0x0000000067242d00
 Begin Bits: [0x0000000012a70000, 0x0000000013270000)
 End Bits:   [0x0000000013270000, 0x0000000013a70000)

Polling page: 0x0000000001240000

CodeCache: size=245760Kb used=5406Kb max_used=5421Kb free=240353Kb
 bounds [0x0000000002da0000, 0x0000000003300000, 0x0000000011da0000]
 total_blobs=1933 nmethods=1544 adapters=301
 compilation: enabled

Compilation events (10 events):
Event: 8.116 Thread 0x0000000016472000 nmethod 1499 0x00000000032c6810 code [0x00000000032c6940, 0x00000000032c69b8]
Event: 8.116 Thread 0x0000000016472000 1484  s    4       java.lang.StringBuffer::toString (36 bytes)
Event: 8.130 Thread 0x000000001649e000 1543       3       org.gradle.internal.service.DefaultServiceRegistry$SingletonService::getService (18 bytes)
Event: 8.131 Thread 0x000000001649e000 nmethod 1543 0x00000000032e1ad0 code [0x00000000032e1c60, 0x00000000032e1ed8]
Event: 8.131 Thread 0x000000001649e000 1544       3       org.gradle.internal.service.DefaultServiceRegistry::access$1200 (6 bytes)
Event: 8.131 Thread 0x000000001649e000 nmethod 1544 0x00000000032e1710 code [0x00000000032e1880, 0x00000000032e19e8]
Event: 8.134 Thread 0x0000000016472000 nmethod 1484 0x00000000032e9250 code [0x00000000032e93a0, 0x00000000032e9938]
Event: 8.134 Thread 0x0000000016472000 1536 %     4       com.google.common.io.LineBuffer::add @ 47 (204 bytes)
Event: 8.183 Thread 0x000000001649e000 1545       3       java.lang.Throwable::<init> (39 bytes)
Event: 8.184 Thread 0x000000001649e000 nmethod 1545 0x00000000032e8d10 code [0x00000000032e8e80, 0x00000000032e9188]

GC Heap History (4 events):
Event: 2.745 GC heap before
{Heap before GC invocations=1 (full 0):
 PSYoungGen      total 76288K, used 65536K [0x00000000f5580000, 0x00000000faa80000, 0x0000000100000000)
  eden space 65536K, 100% used [0x00000000f5580000,0x00000000f9580000,0x00000000f9580000)
  from space 10752K, 0% used [0x00000000fa000000,0x00000000fa000000,0x00000000faa80000)
  to   space 10752K, 0% used [0x00000000f9580000,0x00000000f9580000,0x00000000fa000000)
 ParOldGen       total 175104K, used 0K [0x00000000e0000000, 0x00000000eab00000, 0x00000000f5580000)
  object space 175104K, 0% used [0x00000000e0000000,0x00000000e0000000,0x00000000eab00000)
 Metaspace       used 7148K, capacity 7370K, committed 7424K, reserved 1056768K
  class space    used 923K, capacity 1013K, committed 1024K, reserved 1048576K
Event: 2.760 GC heap after
Heap after GC invocations=1 (full 0):
 PSYoungGen      total 76288K, used 5902K [0x00000000f5580000, 0x00000000faa80000, 0x0000000100000000)
  eden space 65536K, 0% used [0x00000000f5580000,0x00000000f5580000,0x00000000f9580000)
  from space 10752K, 54% used [0x00000000f9580000,0x00000000f9b43aa8,0x00000000fa000000)
  to   space 10752K, 0% used [0x00000000fa000000,0x00000000fa000000,0x00000000faa80000)
 ParOldGen       total 175104K, used 8K [0x00000000e0000000, 0x00000000eab00000, 0x00000000f5580000)
  object space 175104K, 0% used [0x00000000e0000000,0x00000000e0002000,0x00000000eab00000)
 Metaspace       used 7148K, capacity 7370K, committed 7424K, reserved 1056768K
  class space    used 923K, capacity 1013K, committed 1024K, reserved 1048576K
}
Event: 7.699 GC heap before
{Heap before GC invocations=2 (full 0):
 PSYoungGen      total 76288K, used 71438K [0x00000000f5580000, 0x00000000faa80000, 0x0000000100000000)
  eden space 65536K, 100% used [0x00000000f5580000,0x00000000f9580000,0x00000000f9580000)
  from space 10752K, 54% used [0x00000000f9580000,0x00000000f9b43aa8,0x00000000fa000000)
  to   space 10752K, 0% used [0x00000000fa000000,0x00000000fa000000,0x00000000faa80000)
 ParOldGen       total 175104K, used 8K [0x00000000e0000000, 0x00000000eab00000, 0x00000000f5580000)
  object space 175104K, 0% used [0x00000000e0000000,0x00000000e0002000,0x00000000eab00000)
 Metaspace       used 14571K, capacity 14854K, committed 15104K, reserved 1062912K
  class space    used 2108K, capacity 2213K, committed 2304K, reserved 1048576K
Event: 7.724 GC heap after
Heap after GC invocations=2 (full 0):
 PSYoungGen      total 76288K, used 9503K [0x00000000f5580000, 0x00000000faa80000, 0x0000000100000000)
  eden space 65536K, 0% used [0x00000000f5580000,0x00000000f5580000,0x00000000f9580000)
  from space 10752K, 88% used [0x00000000fa000000,0x00000000fa947fb0,0x00000000faa80000)
  to   space 10752K, 0% used [0x00000000f9580000,0x00000000f9580000,0x00000000fa000000)
 ParOldGen       total 175104K, used 16K [0x00000000e0000000, 0x00000000eab00000, 0x00000000f5580000)
  object space 175104K, 0% used [0x00000000e0000000,0x00000000e0004000,0x00000000eab00000)
 Metaspace       used 14571K, capacity 14854K, committed 15104K, reserved 1062912K
  class space    used 2108K, capacity 2213K, committed 2304K, reserved 1048576K
}

Deoptimization events (10 events):
Event: 6.907 Thread 0x0000000018828000 Uncommon trap: reason=unstable_if action=reinterpret pc=0x000000000319b5b0 method=java.util.concurrent.ConcurrentHashMap.putVal(Ljava/lang/Object;Ljava/lang/Object;Z)Ljava/lang/Object; @ 206
Event: 7.008 Thread 0x0000000017b8f800 Uncommon trap: reason=bimorphic action=maybe_recompile pc=0x00000000030549a0 method=java.util.HashMap.putVal(ILjava/lang/Object;Ljava/lang/Object;ZZ)Ljava/lang/Object; @ 253
Event: 7.008 Thread 0x0000000017b8f800 Uncommon trap: reason=bimorphic action=maybe_recompile pc=0x00000000030549a0 method=java.util.HashMap.putVal(ILjava/lang/Object;Ljava/lang/Object;ZZ)Ljava/lang/Object; @ 253
Event: 7.008 Thread 0x0000000017b8f800 Uncommon trap: reason=bimorphic action=maybe_recompile pc=0x00000000030549a0 method=java.util.HashMap.putVal(ILjava/lang/Object;Ljava/lang/Object;ZZ)Ljava/lang/Object; @ 253
Event: 7.407 Thread 0x0000000017b8f800 Uncommon trap: reason=class_check action=maybe_recompile pc=0x000000000309e458 method=java.util.regex.Matcher.match(II)Z @ 86
Event: 7.433 Thread 0x0000000017b8f800 Uncommon trap: reason=class_check action=maybe_recompile pc=0x000000000309e458 method=java.util.regex.Matcher.match(II)Z @ 86
Event: 7.434 Thread 0x0000000017b8f800 Uncommon trap: reason=class_check action=maybe_recompile pc=0x000000000309e458 method=java.util.regex.Matcher.match(II)Z @ 86
Event: 7.434 Thread 0x0000000017b8f800 Uncommon trap: reason=class_check action=maybe_recompile pc=0x000000000306499c method=java.util.regex.Matcher.match(II)Z @ 86
Event: 7.957 Thread 0x0000000017b8f800 Uncommon trap: reason=unstable_if action=reinterpret pc=0x00000000031947f4 method=java.lang.String.lastIndexOf([CII[CIII)I @ 66
Event: 7.988 Thread 0x0000000017b8f800 Uncommon trap: reason=unstable_if action=reinterpret pc=0x00000000031ac514 method=java.nio.charset.CoderResult.isUnderflow()Z @ 4

Classes redefined (0 events):
No events

Internal exceptions (10 events):
Event: 3.050 Thread 0x0000000002ca2800 Exception <a 'java/lang/NoSuchFieldError': method resolution failed> (0x00000000f612fe00) thrown at [C:\re\workspace\8-2-build-windows-amd64-cygwin\jdk8u181\11358\hotspot\src\share\vm\prims\methodHandles.cpp, line 1167]
Event: 3.054 Thread 0x0000000002ca2800 Exception <a 'java/lang/NoSuchFieldError': method resolution failed> (0x00000000f613db60) thrown at [C:\re\workspace\8-2-build-windows-amd64-cygwin\jdk8u181\11358\hotspot\src\share\vm\prims\methodHandles.cpp, line 1167]
Event: 6.824 Thread 0x0000000002ca2800 Exception <a 'java/io/IOException'> (0x00000000f695cc68) thrown at [C:\re\workspace\8-2-build-windows-amd64-cygwin\jdk8u181\11358\hotspot\src\share\vm\prims\jni.cpp, line 709]
Event: 6.908 Thread 0x0000000018828000 Exception <a 'java/lang/NoSuchMethodError': <clinit>> (0x00000000f6c4acd8) thrown at [C:\re\workspace\8-2-build-windows-amd64-cygwin\jdk8u181\11358\hotspot\src\share\vm\prims\jni.cpp, line 1613]
Event: 6.911 Thread 0x0000000018828000 Exception <a 'java/lang/NoSuchMethodError': <clinit>> (0x00000000f6c54a88) thrown at [C:\re\workspace\8-2-build-windows-amd64-cygwin\jdk8u181\11358\hotspot\src\share\vm\prims\jni.cpp, line 1613]
Event: 6.914 Thread 0x0000000018828000 Exception <a 'java/lang/NoSuchMethodError': <clinit>> (0x00000000f6c691c8) thrown at [C:\re\workspace\8-2-build-windows-amd64-cygwin\jdk8u181\11358\hotspot\src\share\vm\prims\jni.cpp, line 1613]
Event: 6.933 Thread 0x0000000018828000 Exception <a 'java/lang/NoSuchMethodError': <clinit>> (0x00000000f6cc5770) thrown at [C:\re\workspace\8-2-build-windows-amd64-cygwin\jdk8u181\11358\hotspot\src\share\vm\prims\jni.cpp, line 1613]
Event: 6.944 Thread 0x0000000018828000 Exception <a 'java/lang/NoSuchMethodError': <clinit>> (0x00000000f6cfd788) thrown at [C:\re\workspace\8-2-build-windows-amd64-cygwin\jdk8u181\11358\hotspot\src\share\vm\prims\jni.cpp, line 1613]
Event: 6.953 Thread 0x0000000018828000 Exception <a 'java/lang/NoSuchMethodError': <clinit>> (0x00000000f6d33de8) thrown at [C:\re\workspace\8-2-build-windows-amd64-cygwin\jdk8u181\11358\hotspot\src\share\vm\prims\jni.cpp, line 1613]
Event: 6.955 Thread 0x0000000018828000 Exception <a 'java/lang/NoSuchMethodError': <clinit>> (0x00000000f6d3f188) thrown at [C:\re\workspace\8-2-build-windows-amd64-cygwin\jdk8u181\11358\hotspot\src\share\vm\prims\jni.cpp, line 1613]

Events (10 events):
Event: 8.204 loading class org/gradle/internal/instantiation/AbstractClassGenerator$ClassValidator
Event: 8.204 loading class org/gradle/internal/instantiation/AbstractClassGenerator$ClassValidator done
Event: 8.205 loading class org/gradle/internal/instantiation/AbstractClassGenerator$InjectionAnnotationValidator
Event: 8.205 loading class org/gradle/internal/instantiation/AbstractClassGenerator$InjectionAnnotationValidator done
Event: 8.207 loading class org/gradle/internal/instantiation/AsmBackedClassGenerator$ClassInspectionVisitorImpl
Event: 8.207 loading class org/gradle/internal/instantiation/AsmBackedClassGenerator$ClassInspectionVisitorImpl done
Event: 8.208 loading class org/gradle/internal/instantiation/AbstractClassGenerator$ClassGenerationVisitor
Event: 8.208 loading class org/gradle/internal/instantiation/AbstractClassGenerator$ClassGenerationVisitor done
Event: 8.210 loading class org/gradle/internal/reflect/ClassInspector
Event: 8.210 loading class org/gradle/internal/reflect/ClassInspector done


Dynamic libraries:
0x00007ff745ce0000 - 0x00007ff745d17000 	C:\Program Files\Java\jdk1.8.0_181\bin\java.exe
0x00007ffc37d20000 - 0x00007ffc37f10000 	C:\WINDOWS\SYSTEM32\ntdll.dll
0x00007ffc35de0000 - 0x00007ffc35e92000 	C:\WINDOWS\System32\KERNEL32.DLL
0x00007ffc35aa0000 - 0x00007ffc35d43000 	C:\WINDOWS\System32\KERNELBASE.dll
0x00007ffc36c90000 - 0x00007ffc36d33000 	C:\WINDOWS\System32\ADVAPI32.dll
0x00007ffc37a10000 - 0x00007ffc37aae000 	C:\WINDOWS\System32\msvcrt.dll
0x00007ffc36740000 - 0x00007ffc367d7000 	C:\WINDOWS\System32\sechost.dll
0x00007ffc37b20000 - 0x00007ffc37c40000 	C:\WINDOWS\System32\RPCRT4.dll
0x00007ffc36520000 - 0x00007ffc366b3000 	C:\WINDOWS\System32\USER32.dll
0x00007ffc34e50000 - 0x00007ffc34e71000 	C:\WINDOWS\System32\win32u.dll
0x00007ffc37cb0000 - 0x00007ffc37cd6000 	C:\WINDOWS\System32\GDI32.dll
0x00007ffc34e80000 - 0x00007ffc35014000 	C:\WINDOWS\System32\gdi32full.dll
0x00007ffc34d00000 - 0x00007ffc34d9e000 	C:\WINDOWS\System32\msvcp_win.dll
0x00007ffc35920000 - 0x00007ffc35a1a000 	C:\WINDOWS\System32\ucrtbase.dll
0x00007ffc24dc0000 - 0x00007ffc25045000 	C:\WINDOWS\WinSxS\amd64_microsoft.windows.common-controls_6595b64144ccf1df_6.0.18362.356_none_e6c4af7d130f27cc\COMCTL32.dll
0x00007ffc37620000 - 0x00007ffc37956000 	C:\WINDOWS\System32\combase.dll
0x00007ffc35a20000 - 0x00007ffc35aa0000 	C:\WINDOWS\System32\bcryptPrimitives.dll
0x00007ffc36e10000 - 0x00007ffc36e3e000 	C:\WINDOWS\System32\IMM32.DLL
0x0000000067fc0000 - 0x0000000068092000 	C:\Program Files\Java\jdk1.8.0_181\jre\bin\msvcr100.dll
0x0000000066a20000 - 0x00000000672c2000 	C:\Program Files\Java\jdk1.8.0_181\jre\bin\server\jvm.dll
0x00007ffc35dd0000 - 0x00007ffc35dd8000 	C:\WINDOWS\System32\PSAPI.DLL
0x00007ffc2c750000 - 0x00007ffc2c75a000 	C:\WINDOWS\SYSTEM32\VERSION.dll
0x00007ffc20120000 - 0x00007ffc20129000 	C:\WINDOWS\SYSTEM32\WSOCK32.dll
0x00007ffc26e30000 - 0x00007ffc26e54000 	C:\WINDOWS\SYSTEM32\WINMM.dll
0x00007ffc37ab0000 - 0x00007ffc37b1f000 	C:\WINDOWS\System32\WS2_32.dll
0x00007ffc26df0000 - 0x00007ffc26e1d000 	C:\WINDOWS\SYSTEM32\winmmbase.dll
0x00007ffc34cb0000 - 0x00007ffc34cfa000 	C:\WINDOWS\System32\cfgmgr32.dll
0x0000000068790000 - 0x000000006879f000 	C:\Program Files\Java\jdk1.8.0_181\jre\bin\verify.dll
0x0000000067f90000 - 0x0000000067fb9000 	C:\Program Files\Java\jdk1.8.0_181\jre\bin\java.dll
0x0000000067f70000 - 0x0000000067f86000 	C:\Program Files\Java\jdk1.8.0_181\jre\bin\zip.dll
0x00007ffc36f10000 - 0x00007ffc375f5000 	C:\WINDOWS\System32\SHELL32.dll
0x00007ffc37960000 - 0x00007ffc37a09000 	C:\WINDOWS\System32\shcore.dll
0x00007ffc35050000 - 0x00007ffc357ce000 	C:\WINDOWS\System32\windows.storage.dll
0x00007ffc34c70000 - 0x00007ffc34c8f000 	C:\WINDOWS\System32\profapi.dll
0x00007ffc34c20000 - 0x00007ffc34c6a000 	C:\WINDOWS\System32\powrprof.dll
0x00007ffc34bf0000 - 0x00007ffc34c00000 	C:\WINDOWS\System32\UMPDC.dll
0x00007ffc36bb0000 - 0x00007ffc36c02000 	C:\WINDOWS\System32\shlwapi.dll
0x00007ffc34c00000 - 0x00007ffc34c11000 	C:\WINDOWS\System32\kernel.appcore.dll
0x00007ffc35db0000 - 0x00007ffc35dc7000 	C:\WINDOWS\System32\cryptsp.dll
0x0000000067f50000 - 0x0000000067f6a000 	C:\Program Files\Java\jdk1.8.0_181\jre\bin\net.dll
0x00007ffc34460000 - 0x00007ffc344c7000 	C:\WINDOWS\system32\mswsock.dll
0x0000000067f30000 - 0x0000000067f41000 	C:\Program Files\Java\jdk1.8.0_181\jre\bin\nio.dll
0x00007ffc2c010000 - 0x00007ffc2c036000 	C:\Users\Gerald Lim Wee Koon\.gradle\native\29\windows-amd64\native-platform.dll
0x0000000068780000 - 0x000000006878d000 	C:\Program Files\Java\jdk1.8.0_181\jre\bin\management.dll
0x00007ffc33fd0000 - 0x00007ffc34003000 	C:\WINDOWS\system32\rsaenh.dll
0x00007ffc35020000 - 0x00007ffc35046000 	C:\WINDOWS\System32\bcrypt.dll
0x00007ffc34b10000 - 0x00007ffc34b35000 	C:\WINDOWS\SYSTEM32\USERENV.dll
0x00007ffc34630000 - 0x00007ffc3463c000 	C:\WINDOWS\SYSTEM32\CRYPTBASE.dll
0x00007ffc34170000 - 0x00007ffc341aa000 	C:\WINDOWS\SYSTEM32\IPHLPAPI.DLL
0x00007ffc36a00000 - 0x00007ffc36a08000 	C:\WINDOWS\System32\NSI.dll
0x00007ffc26380000 - 0x00007ffc26396000 	C:\WINDOWS\SYSTEM32\dhcpcsvc6.DLL
0x00007ffc26fd0000 - 0x00007ffc26fec000 	C:\WINDOWS\SYSTEM32\dhcpcsvc.DLL
0x00007ffc341b0000 - 0x00007ffc3427a000 	C:\WINDOWS\SYSTEM32\DNSAPI.dll

VM Arguments:
jvm_args: -XX:MaxMetaspaceSize=256m -XX:+HeapDumpOnOutOfMemoryError -Xms256m -Xmx512m -Dfile.encoding=windows-1252 -Duser.country=US -Duser.language=en -Duser.variant 
java_command: org.gradle.launcher.daemon.bootstrap.GradleDaemon 5.5.1
java_class_path (initial): C:\Users\Gerald Lim Wee Koon\.gradle\wrapper\dists\gradle-5.5.1-all\8yl0syll3fr5m1v472nzznadi\gradle-5.5.1\lib\gradle-launcher-5.5.1.jar
Launcher Type: SUN_STANDARD

Environment Variables:
USERNAME=Gerald Lim Wee Koon
OS=Windows_NT
PROCESSOR_IDENTIFIER=Intel64 Family 6 Model 158 Stepping 9, GenuineIntel



---------------  S Y S T E M  ---------------

OS: Windows 10.0 , 64 bit Build 18362 (10.0.18362.329)

CPU:total 8 (initial active 8) (4 cores per cpu, 2 threads per core) family 6 model 158 stepping 9, cmov, cx8, fxsr, mmx, sse, sse2, sse3, ssse3, sse4.1, sse4.2, popcnt, avx, avx2, aes, clmul, erms, 3dnowpref, lzcnt, ht, tsc, tscinvbit, bmi1, bmi2, adx

Memory: 4k page, physical 8239676k(1284308k free), swap 15772740k(6676k free)

vm_info: Java HotSpot(TM) 64-Bit Server VM (25.181-b13) for windows-amd64 JRE (1.8.0_181-b13), built on Jul  7 2018 04:01:33 by "java_re" with MS VC++ 10.0 (VS2010)

time: Sat Oct 05 15:56:14 2019
elapsed time: 8 seconds (0d 0h 0m 8s)

