#
# There is insufficient memory for the Java Runtime Environment to continue.
# Native memory allocation (malloc) failed to allocate 818816 bytes for Chunk::new
# Possible reasons:
#   The system is out of physical RAM or swap space
#   In 32 bit mode, the process size limit was hit
# Possible solutions:
#   Reduce memory load on the system
#   Increase physical memory or swap space
#   Check if swap backing store is full
#   Use 64 bit Java on a 64 bit OS
#   Decrease Java heap size (-Xmx/-Xms)
#   Decrease number of Java threads
#   Decrease Java thread stack sizes (-Xss)
#   Set larger code cache with -XX:ReservedCodeCacheSize=
# This output file may be truncated or incomplete.
#
#  Out of Memory Error (allocation.cpp:390), pid=5268, tid=0x00000000000030a0
#
# JRE version: Java(TM) SE Runtime Environment (8.0_181-b13) (build 1.8.0_181-b13)
# Java VM: Java HotSpot(TM) 64-Bit Server VM (25.181-b13 mixed mode windows-amd64 compressed oops)
# Failed to write core dump. Minidumps are not enabled by default on client versions of Windows
#

---------------  T H R E A D  ---------------

Current thread (0x000000001671d000):  JavaThread "C2 CompilerThread0" daemon [_thread_in_native, id=12448, stack(0x0000000016ef0000,0x0000000016ff0000)]

Stack: [0x0000000016ef0000,0x0000000016ff0000]
[error occurred during error reporting (printing stack bounds), id 0xc0000005]

Native frames: (J=compiled Java code, j=interpreted, Vv=VM code, C=native code)


Current CompileTask:
C2:   9298 1430       4       java.net.URLClassLoader$1::run (5 bytes)


---------------  P R O C E S S  ---------------

Java Threads: ( => current thread )
  0x00000000181a0800 JavaThread "Cache worker for journal cache (C:\Users\Gerald Lim Wee Koon\.gradle\caches\journal-1)" [_thread_blocked, id=20000, stack(0x000000001a240000,0x000000001a340000)]
  0x00000000181a0000 JavaThread "File lock request listener" [_thread_in_native, id=2488, stack(0x000000001a140000,0x000000001a240000)]
  0x000000001819f000 JavaThread "Cache worker for file hash cache (C:\Users\Gerald Lim Wee Koon\.gradle\caches\5.5.1\fileHashes)" [_thread_blocked, id=21220, stack(0x000000001a040000,0x000000001a140000)]
  0x00000000181b3000 JavaThread "Thread-9" [_thread_blocked, id=14364, stack(0x0000000019f40000,0x000000001a040000)]
  0x0000000017cdf800 JavaThread "Stdin handler" [_thread_blocked, id=21132, stack(0x0000000019e40000,0x0000000019f40000)]
  0x0000000017cde800 JavaThread "Asynchronous log dispatcher for DefaultDaemonConnection: socket connection from /127.0.0.1:60651 to /127.0.0.1:60652" [_thread_blocked, id=20716, stack(0x0000000019c40000,0x0000000019d40000)]
  0x0000000016a8e000 JavaThread "Daemon worker" [_thread_in_vm_trans, id=20324, stack(0x0000000019b40000,0x0000000019c40000)]
  0x0000000017dc6000 JavaThread "Cancel handler" [_thread_blocked, id=20508, stack(0x0000000019a40000,0x0000000019b40000)]
  0x0000000018b90800 JavaThread "Handler for socket connection from /127.0.0.1:60651 to /127.0.0.1:60652" [_thread_in_native, id=21232, stack(0x0000000019740000,0x0000000019840000)]
  0x0000000018b8d000 JavaThread "Daemon" [_thread_blocked, id=4664, stack(0x0000000019640000,0x0000000019740000)]
  0x000000001863d000 JavaThread "Daemon periodic checks" [_thread_blocked, id=9116, stack(0x0000000019540000,0x0000000019640000)]
  0x0000000018206000 JavaThread "Incoming local TCP Connector on port 60651" [_thread_in_native, id=8188, stack(0x0000000019300000,0x0000000019400000)]
  0x000000001864c800 JavaThread "Daemon health stats" [_thread_blocked, id=18316, stack(0x0000000018cc0000,0x0000000018dc0000)]
  0x0000000016796000 JavaThread "Service Thread" daemon [_thread_blocked, id=8552, stack(0x00000000172f0000,0x00000000173f0000)]
  0x0000000016735800 JavaThread "C1 CompilerThread3" daemon [_thread_blocked, id=20616, stack(0x00000000171f0000,0x00000000172f0000)]
  0x000000001672a000 JavaThread "C2 CompilerThread2" daemon [_thread_blocked, id=20496, stack(0x00000000170f0000,0x00000000171f0000)]
  0x0000000016720800 JavaThread "C2 CompilerThread1" daemon [_thread_blocked, id=20624, stack(0x0000000016ff0000,0x00000000170f0000)]
=>0x000000001671d000 JavaThread "C2 CompilerThread0" daemon [_thread_in_native, id=12448, stack(0x0000000016ef0000,0x0000000016ff0000)]
  0x000000001671a000 JavaThread "Attach Listener" daemon [_thread_blocked, id=18252, stack(0x0000000016df0000,0x0000000016ef0000)]
  0x0000000016719000 JavaThread "Signal Dispatcher" daemon [_thread_blocked, id=15500, stack(0x0000000016cf0000,0x0000000016df0000)]
  0x0000000016710800 JavaThread "Finalizer" daemon [_thread_blocked, id=20848, stack(0x0000000016af0000,0x0000000016bf0000)]
  0x0000000002fba000 JavaThread "Reference Handler" daemon [_thread_blocked, id=9368, stack(0x00000000165f0000,0x00000000166f0000)]
  0x0000000002ec2800 JavaThread "main" [_thread_blocked, id=9136, stack(0x0000000002dc0000,0x0000000002ec0000)]

Other Threads:
  0x0000000014829000 VMThread [stack: 0x00000000164f0000,0x00000000165f0000] [id=17012]
  0x0000000016797800 WatcherThread [stack: 0x00000000173f0000,0x00000000174f0000] [id=6800]

VM state:not at safepoint (normal execution)

VM Mutex/Monitor currently owned by a thread: None

Heap:
 PSYoungGen      total 76288K, used 12309K [0x00000000f5580000, 0x00000000faa80000, 0x0000000100000000)
  eden space 65536K, 4% used [0x00000000f5580000,0x00000000f5836958,0x00000000f9580000)
  from space 10752K, 88% used [0x00000000fa000000,0x00000000fa94ebb0,0x00000000faa80000)
  to   space 10752K, 0% used [0x00000000f9580000,0x00000000f9580000,0x00000000fa000000)
 ParOldGen       total 175104K, used 16K [0x00000000e0000000, 0x00000000eab00000, 0x00000000f5580000)
  object space 175104K, 0% used [0x00000000e0000000,0x00000000e0004020,0x00000000eab00000)
 Metaspace       used 14632K, capacity 14948K, committed 15104K, reserved 1062912K
  class space    used 2126K, capacity 2246K, committed 2304K, reserved 1048576K

Card table byte_map: [0x0000000012380000,0x0000000012490000] byte_map_base: 0x0000000011c80000

Marking Bits: (ParMarkBitMap*) 0x0000000067242d00
 Begin Bits: [0x0000000012d40000, 0x0000000013540000)
 End Bits:   [0x0000000013540000, 0x0000000013d40000)

Polling page: 0x0000000000df0000

CodeCache: size=245760Kb used=5204Kb max_used=5211Kb free=240555Kb
 bounds [0x0000000002fc0000, 0x00000000034e0000, 0x0000000011fc0000]
 total_blobs=1848 nmethods=1467 adapters=293
 compilation: enabled

Compilation events (10 events):
Event: 9.270 Thread 0x0000000016735800 nmethod 1459 0x00000000034d2550 code [0x00000000034d2700, 0x00000000034d2d68]
Event: 9.270 Thread 0x0000000016735800 1464       3       org.gradle.internal.service.DefaultServiceRegistry$FactoryMethodService::<init> (29 bytes)
Event: 9.272 Thread 0x0000000016720800 nmethod 1460 0x00000000034cd0d0 code [0x00000000034cd200, 0x00000000034cd338]
Event: 9.273 Thread 0x0000000016735800 nmethod 1464 0x00000000034d4c90 code [0x00000000034d4e60, 0x00000000034d56a8]
Event: 9.273 Thread 0x0000000016735800 1463       3       java.lang.invoke.MethodTypeForm::canonicalize (64 bytes)
Event: 9.274 Thread 0x0000000016735800 nmethod 1463 0x00000000034d4590 code [0x00000000034d4720, 0x00000000034d4b68]
Event: 9.274 Thread 0x0000000016735800 1462       3       java.lang.invoke.LambdaForm::signatureArity (28 bytes)
Event: 9.275 Thread 0x0000000016735800 nmethod 1462 0x00000000034d4050 code [0x00000000034d41c0, 0x00000000034d44a8]
Event: 9.285 Thread 0x000000001672a000 nmethod 1458 0x00000000034d3150 code [0x00000000034d3300, 0x00000000034d3c48]
Event: 9.289 Thread 0x0000000016735800 1465       3       org.gradle.internal.service.RelevantMethods::takesReturnTypeAsParameter (42 bytes)

GC Heap History (4 events):
Event: 3.280 GC heap before
{Heap before GC invocations=1 (full 0):
 PSYoungGen      total 76288K, used 65536K [0x00000000f5580000, 0x00000000faa80000, 0x0000000100000000)
  eden space 65536K, 100% used [0x00000000f5580000,0x00000000f9580000,0x00000000f9580000)
  from space 10752K, 0% used [0x00000000fa000000,0x00000000fa000000,0x00000000faa80000)
  to   space 10752K, 0% used [0x00000000f9580000,0x00000000f9580000,0x00000000fa000000)
 ParOldGen       total 175104K, used 0K [0x00000000e0000000, 0x00000000eab00000, 0x00000000f5580000)
  object space 175104K, 0% used [0x00000000e0000000,0x00000000e0000000,0x00000000eab00000)
 Metaspace       used 7138K, capacity 7366K, committed 7424K, reserved 1056768K
  class space    used 923K, capacity 1013K, committed 1024K, reserved 1048576K
Event: 3.294 GC heap after
Heap after GC invocations=1 (full 0):
 PSYoungGen      total 76288K, used 5995K [0x00000000f5580000, 0x00000000faa80000, 0x0000000100000000)
  eden space 65536K, 0% used [0x00000000f5580000,0x00000000f5580000,0x00000000f9580000)
  from space 10752K, 55% used [0x00000000f9580000,0x00000000f9b5af30,0x00000000fa000000)
  to   space 10752K, 0% used [0x00000000fa000000,0x00000000fa000000,0x00000000faa80000)
 ParOldGen       total 175104K, used 8K [0x00000000e0000000, 0x00000000eab00000, 0x00000000f5580000)
  object space 175104K, 0% used [0x00000000e0000000,0x00000000e0002000,0x00000000eab00000)
 Metaspace       used 7138K, capacity 7366K, committed 7424K, reserved 1056768K
  class space    used 923K, capacity 1013K, committed 1024K, reserved 1048576K
}
Event: 9.230 GC heap before
{Heap before GC invocations=2 (full 0):
 PSYoungGen      total 76288K, used 71531K [0x00000000f5580000, 0x00000000faa80000, 0x0000000100000000)
  eden space 65536K, 100% used [0x00000000f5580000,0x00000000f9580000,0x00000000f9580000)
  from space 10752K, 55% used [0x00000000f9580000,0x00000000f9b5af30,0x00000000fa000000)
  to   space 10752K, 0% used [0x00000000fa000000,0x00000000fa000000,0x00000000faa80000)
 ParOldGen       total 175104K, used 8K [0x00000000e0000000, 0x00000000eab00000, 0x00000000f5580000)
  object space 175104K, 0% used [0x00000000e0000000,0x00000000e0002020,0x00000000eab00000)
 Metaspace       used 14536K, capacity 14850K, committed 15104K, reserved 1062912K
  class space    used 2105K, capacity 2213K, committed 2304K, reserved 1048576K
Event: 9.257 GC heap after
Heap after GC invocations=2 (full 0):
 PSYoungGen      total 76288K, used 9530K [0x00000000f5580000, 0x00000000faa80000, 0x0000000100000000)
  eden space 65536K, 0% used [0x00000000f5580000,0x00000000f5580000,0x00000000f9580000)
  from space 10752K, 88% used [0x00000000fa000000,0x00000000fa94ebb0,0x00000000faa80000)
  to   space 10752K, 0% used [0x00000000f9580000,0x00000000f9580000,0x00000000fa000000)
 ParOldGen       total 175104K, used 16K [0x00000000e0000000, 0x00000000eab00000, 0x00000000f5580000)
  object space 175104K, 0% used [0x00000000e0000000,0x00000000e0004020,0x00000000eab00000)
 Metaspace       used 14536K, capacity 14850K, committed 15104K, reserved 1062912K
  class space    used 2105K, capacity 2213K, committed 2304K, reserved 1048576K
}

Deoptimization events (10 events):
Event: 5.539 Thread 0x0000000002ec2800 Uncommon trap: reason=unstable_if action=reinterpret pc=0x00000000032e3720 method=java.io.WinNTFileSystem.normalize(Ljava/lang/String;)Ljava/lang/String; @ 128
Event: 5.539 Thread 0x0000000002ec2800 Uncommon trap: reason=unstable_if action=reinterpret pc=0x0000000003327110 method=java.io.WinNTFileSystem.normalize(Ljava/lang/String;II)Ljava/lang/String; @ 90
Event: 8.379 Thread 0x0000000018b90800 Uncommon trap: reason=unstable_if action=reinterpret pc=0x00000000033bd2b0 method=java.util.concurrent.ConcurrentHashMap.putVal(Ljava/lang/Object;Ljava/lang/Object;Z)Ljava/lang/Object; @ 206
Event: 8.481 Thread 0x0000000016a8e000 Uncommon trap: reason=bimorphic action=maybe_recompile pc=0x000000000327635c method=java.util.HashMap.putVal(ILjava/lang/Object;Ljava/lang/Object;ZZ)Ljava/lang/Object; @ 253
Event: 8.481 Thread 0x0000000016a8e000 Uncommon trap: reason=bimorphic action=maybe_recompile pc=0x000000000327635c method=java.util.HashMap.putVal(ILjava/lang/Object;Ljava/lang/Object;ZZ)Ljava/lang/Object; @ 253
Event: 8.481 Thread 0x0000000016a8e000 Uncommon trap: reason=bimorphic action=maybe_recompile pc=0x000000000327635c method=java.util.HashMap.putVal(ILjava/lang/Object;Ljava/lang/Object;ZZ)Ljava/lang/Object; @ 253
Event: 8.907 Thread 0x0000000016a8e000 Uncommon trap: reason=class_check action=maybe_recompile pc=0x00000000032b9d04 method=java.util.regex.Matcher.match(II)Z @ 86
Event: 8.937 Thread 0x0000000016a8e000 Uncommon trap: reason=class_check action=maybe_recompile pc=0x00000000032b9d04 method=java.util.regex.Matcher.match(II)Z @ 86
Event: 8.938 Thread 0x0000000016a8e000 Uncommon trap: reason=class_check action=maybe_recompile pc=0x00000000032b9d04 method=java.util.regex.Matcher.match(II)Z @ 86
Event: 8.938 Thread 0x0000000016a8e000 Uncommon trap: reason=class_check action=maybe_recompile pc=0x000000000327ffdc method=java.util.regex.Matcher.match(II)Z @ 86

Classes redefined (0 events):
No events

Internal exceptions (10 events):
Event: 3.640 Thread 0x0000000002ec2800 Exception <a 'java/lang/NoSuchFieldError': method resolution failed> (0x00000000f61302e8) thrown at [C:\re\workspace\8-2-build-windows-amd64-cygwin\jdk8u181\11358\hotspot\src\share\vm\prims\methodHandles.cpp, line 1167]
Event: 3.645 Thread 0x0000000002ec2800 Exception <a 'java/lang/NoSuchFieldError': method resolution failed> (0x00000000f613e028) thrown at [C:\re\workspace\8-2-build-windows-amd64-cygwin\jdk8u181\11358\hotspot\src\share\vm\prims\methodHandles.cpp, line 1167]
Event: 8.283 Thread 0x0000000002ec2800 Exception <a 'java/io/IOException'> (0x00000000f695c6d0) thrown at [C:\re\workspace\8-2-build-windows-amd64-cygwin\jdk8u181\11358\hotspot\src\share\vm\prims\jni.cpp, line 709]
Event: 8.381 Thread 0x0000000018b90800 Exception <a 'java/lang/NoSuchMethodError': <clinit>> (0x00000000f6c7a070) thrown at [C:\re\workspace\8-2-build-windows-amd64-cygwin\jdk8u181\11358\hotspot\src\share\vm\prims\jni.cpp, line 1613]
Event: 8.383 Thread 0x0000000018b90800 Exception <a 'java/lang/NoSuchMethodError': <clinit>> (0x00000000f6c83e20) thrown at [C:\re\workspace\8-2-build-windows-amd64-cygwin\jdk8u181\11358\hotspot\src\share\vm\prims\jni.cpp, line 1613]
Event: 8.386 Thread 0x0000000018b90800 Exception <a 'java/lang/NoSuchMethodError': <clinit>> (0x00000000f6c98560) thrown at [C:\re\workspace\8-2-build-windows-amd64-cygwin\jdk8u181\11358\hotspot\src\share\vm\prims\jni.cpp, line 1613]
Event: 8.405 Thread 0x0000000018b90800 Exception <a 'java/lang/NoSuchMethodError': <clinit>> (0x00000000f6cf4b60) thrown at [C:\re\workspace\8-2-build-windows-amd64-cygwin\jdk8u181\11358\hotspot\src\share\vm\prims\jni.cpp, line 1613]
Event: 8.416 Thread 0x0000000018b90800 Exception <a 'java/lang/NoSuchMethodError': <clinit>> (0x00000000f6d2cb68) thrown at [C:\re\workspace\8-2-build-windows-amd64-cygwin\jdk8u181\11358\hotspot\src\share\vm\prims\jni.cpp, line 1613]
Event: 8.426 Thread 0x0000000018b90800 Exception <a 'java/lang/NoSuchMethodError': <clinit>> (0x00000000f6d631e8) thrown at [C:\re\workspace\8-2-build-windows-amd64-cygwin\jdk8u181\11358\hotspot\src\share\vm\prims\jni.cpp, line 1613]
Event: 8.429 Thread 0x0000000018b90800 Exception <a 'java/lang/NoSuchMethodError': <clinit>> (0x00000000f6d6e588) thrown at [C:\re\workspace\8-2-build-windows-amd64-cygwin\jdk8u181\11358\hotspot\src\share\vm\prims\jni.cpp, line 1613]

Events (10 events):
Event: 9.287 loading class org/gradle/api/artifacts/DependencyResolutionListener
Event: 9.287 loading class org/gradle/api/artifacts/DependencyResolutionListener done
Event: 9.288 loading class org/gradle/initialization/BuildCompletionListener
Event: 9.288 loading class org/gradle/initialization/BuildCompletionListener done
Event: 9.288 loading class org/gradle/api/internal/artifacts/transform/ArtifactTransformListener
Event: 9.288 loading class org/gradle/api/internal/artifacts/transform/ArtifactTransformListener done
Event: 9.289 loading class org/gradle/initialization/DefaultGradleLauncherFactory$NestedBuildFactoryImpl
Event: 9.289 loading class org/gradle/initialization/DefaultGradleLauncherFactory$NestedBuildFactoryImpl done
Event: 9.290 loading class org/gradle/initialization/NestedBuildFactory
Event: 9.290 loading class org/gradle/initialization/NestedBuildFactory done


Dynamic libraries:
0x00007ff745ce0000 - 0x00007ff745d17000 	C:\Program Files\Java\jdk1.8.0_181\bin\java.exe
0x00007ffc37d20000 - 0x00007ffc37f10000 	C:\WINDOWS\SYSTEM32\ntdll.dll
0x00007ffc35de0000 - 0x00007ffc35e92000 	C:\WINDOWS\System32\KERNEL32.DLL
0x00007ffc35aa0000 - 0x00007ffc35d43000 	C:\WINDOWS\System32\KERNELBASE.dll
0x00007ffc36c90000 - 0x00007ffc36d33000 	C:\WINDOWS\System32\ADVAPI32.dll
0x00007ffc37a10000 - 0x00007ffc37aae000 	C:\WINDOWS\System32\msvcrt.dll
0x00007ffc36740000 - 0x00007ffc367d7000 	C:\WINDOWS\System32\sechost.dll
0x00007ffc37b20000 - 0x00007ffc37c40000 	C:\WINDOWS\System32\RPCRT4.dll
0x00007ffc36520000 - 0x00007ffc366b3000 	C:\WINDOWS\System32\USER32.dll
0x00007ffc34e50000 - 0x00007ffc34e71000 	C:\WINDOWS\System32\win32u.dll
0x00007ffc37cb0000 - 0x00007ffc37cd6000 	C:\WINDOWS\System32\GDI32.dll
0x00007ffc34e80000 - 0x00007ffc35014000 	C:\WINDOWS\System32\gdi32full.dll
0x00007ffc34d00000 - 0x00007ffc34d9e000 	C:\WINDOWS\System32\msvcp_win.dll
0x00007ffc35920000 - 0x00007ffc35a1a000 	C:\WINDOWS\System32\ucrtbase.dll
0x00007ffc24dc0000 - 0x00007ffc25045000 	C:\WINDOWS\WinSxS\amd64_microsoft.windows.common-controls_6595b64144ccf1df_6.0.18362.356_none_e6c4af7d130f27cc\COMCTL32.dll
0x00007ffc37620000 - 0x00007ffc37956000 	C:\WINDOWS\System32\combase.dll
0x00007ffc35a20000 - 0x00007ffc35aa0000 	C:\WINDOWS\System32\bcryptPrimitives.dll
0x00007ffc36e10000 - 0x00007ffc36e3e000 	C:\WINDOWS\System32\IMM32.DLL
0x0000000067fc0000 - 0x0000000068092000 	C:\Program Files\Java\jdk1.8.0_181\jre\bin\msvcr100.dll
0x0000000066a20000 - 0x00000000672c2000 	C:\Program Files\Java\jdk1.8.0_181\jre\bin\server\jvm.dll
0x00007ffc35dd0000 - 0x00007ffc35dd8000 	C:\WINDOWS\System32\PSAPI.DLL
0x00007ffc26e30000 - 0x00007ffc26e54000 	C:\WINDOWS\SYSTEM32\WINMM.dll
0x00007ffc2c750000 - 0x00007ffc2c75a000 	C:\WINDOWS\SYSTEM32\VERSION.dll
0x00007ffc20120000 - 0x00007ffc20129000 	C:\WINDOWS\SYSTEM32\WSOCK32.dll
0x00007ffc37ab0000 - 0x00007ffc37b1f000 	C:\WINDOWS\System32\WS2_32.dll
0x00007ffc26df0000 - 0x00007ffc26e1d000 	C:\WINDOWS\SYSTEM32\WINMMBASE.dll
0x00007ffc34cb0000 - 0x00007ffc34cfa000 	C:\WINDOWS\System32\cfgmgr32.dll
0x0000000068790000 - 0x000000006879f000 	C:\Program Files\Java\jdk1.8.0_181\jre\bin\verify.dll
0x0000000067f90000 - 0x0000000067fb9000 	C:\Program Files\Java\jdk1.8.0_181\jre\bin\java.dll
0x0000000067f70000 - 0x0000000067f86000 	C:\Program Files\Java\jdk1.8.0_181\jre\bin\zip.dll
0x00007ffc36f10000 - 0x00007ffc375f5000 	C:\WINDOWS\System32\SHELL32.dll
0x00007ffc37960000 - 0x00007ffc37a09000 	C:\WINDOWS\System32\shcore.dll
0x00007ffc35050000 - 0x00007ffc357ce000 	C:\WINDOWS\System32\windows.storage.dll
0x00007ffc34c70000 - 0x00007ffc34c8f000 	C:\WINDOWS\System32\profapi.dll
0x00007ffc34c20000 - 0x00007ffc34c6a000 	C:\WINDOWS\System32\powrprof.dll
0x00007ffc34bf0000 - 0x00007ffc34c00000 	C:\WINDOWS\System32\UMPDC.dll
0x00007ffc36bb0000 - 0x00007ffc36c02000 	C:\WINDOWS\System32\shlwapi.dll
0x00007ffc34c00000 - 0x00007ffc34c11000 	C:\WINDOWS\System32\kernel.appcore.dll
0x00007ffc35db0000 - 0x00007ffc35dc7000 	C:\WINDOWS\System32\cryptsp.dll
0x0000000067f50000 - 0x0000000067f6a000 	C:\Program Files\Java\jdk1.8.0_181\jre\bin\net.dll
0x00007ffc34460000 - 0x00007ffc344c7000 	C:\WINDOWS\system32\mswsock.dll
0x0000000067f30000 - 0x0000000067f41000 	C:\Program Files\Java\jdk1.8.0_181\jre\bin\nio.dll
0x00007ffc2c010000 - 0x00007ffc2c036000 	C:\Users\Gerald Lim Wee Koon\.gradle\native\29\windows-amd64\native-platform.dll
0x0000000068780000 - 0x000000006878d000 	C:\Program Files\Java\jdk1.8.0_181\jre\bin\management.dll
0x00007ffc33fd0000 - 0x00007ffc34003000 	C:\WINDOWS\system32\rsaenh.dll
0x00007ffc35020000 - 0x00007ffc35046000 	C:\WINDOWS\System32\bcrypt.dll
0x00007ffc34b10000 - 0x00007ffc34b35000 	C:\WINDOWS\SYSTEM32\USERENV.dll
0x00007ffc34630000 - 0x00007ffc3463c000 	C:\WINDOWS\SYSTEM32\CRYPTBASE.dll
0x00007ffc34170000 - 0x00007ffc341aa000 	C:\WINDOWS\SYSTEM32\IPHLPAPI.DLL
0x00007ffc36a00000 - 0x00007ffc36a08000 	C:\WINDOWS\System32\NSI.dll
0x00007ffc26380000 - 0x00007ffc26396000 	C:\WINDOWS\SYSTEM32\dhcpcsvc6.DLL
0x00007ffc26fd0000 - 0x00007ffc26fec000 	C:\WINDOWS\SYSTEM32\dhcpcsvc.DLL
0x00007ffc341b0000 - 0x00007ffc3427a000 	C:\WINDOWS\SYSTEM32\DNSAPI.dll

VM Arguments:
jvm_args: -XX:MaxMetaspaceSize=256m -XX:+HeapDumpOnOutOfMemoryError -Xms256m -Xmx512m -Dfile.encoding=windows-1252 -Duser.country=US -Duser.language=en -Duser.variant 
java_command: org.gradle.launcher.daemon.bootstrap.GradleDaemon 5.5.1
java_class_path (initial): C:\Users\Gerald Lim Wee Koon\.gradle\wrapper\dists\gradle-5.5.1-all\8yl0syll3fr5m1v472nzznadi\gradle-5.5.1\lib\gradle-launcher-5.5.1.jar
Launcher Type: SUN_STANDARD

Environment Variables:
USERNAME=Gerald Lim Wee Koon
OS=Windows_NT
PROCESSOR_IDENTIFIER=Intel64 Family 6 Model 158 Stepping 9, GenuineIntel



---------------  S Y S T E M  ---------------

OS: Windows 10.0 , 64 bit Build 18362 (10.0.18362.329)

CPU:total 8 (initial active 8) (4 cores per cpu, 2 threads per core) family 6 model 158 stepping 9, cmov, cx8, fxsr, mmx, sse, sse2, sse3, ssse3, sse4.1, sse4.2, popcnt, avx, avx2, aes, clmul, erms, 3dnowpref, lzcnt, ht, tsc, tscinvbit, bmi1, bmi2, adx

Memory: 4k page, physical 8239676k(1271080k free), swap 15772740k(8788k free)

vm_info: Java HotSpot(TM) 64-Bit Server VM (25.181-b13) for windows-amd64 JRE (1.8.0_181-b13), built on Jul  7 2018 04:01:33 by "java_re" with MS VC++ 10.0 (VS2010)

time: Sat Oct 05 15:56:43 2019
elapsed time: 9 seconds (0d 0h 0m 9s)

