#
# A fatal error has been detected by the Java Runtime Environment:
#
#  EXCEPTION_ACCESS_VIOLATION (0xc0000005) at pc=0x00007ffe193f4879, pid=18080, tid=7192
#
# JRE version: Java(TM) SE Runtime Environment (11.0.4+10) (build 11.0.4+10-LTS)
# Java VM: Java HotSpot(TM) 64-Bit Server VM (11.0.4+10-LTS, mixed mode, tiered, compressed oops, g1 gc, windows-amd64)
# Problematic frame:
# C  [javafx_font.dll+0x4879]
#
# No core dump will be written. Minidumps are not enabled by default on client versions of Windows
#
# If you would like to submit a bug report, please visit:
#   http://bugreport.java.com/bugreport/crash.jsp
# The crash happened outside the Java Virtual Machine in native code.
# See problematic frame for where to report the bug.
#

---------------  S U M M A R Y ------------

Command Line: -Djava.awt.headless=true -Dorg.gradle.native=false -Dprism.order=sw -Dprism.text=t2k -Dtestfx.headless=true -Dtestfx.robot=glass -Dtestfx.setup.timeout=2500 -Xmx512m -Dfile.encoding=windows-1252 -Duser.country=SG -Duser.language=en -Duser.variant -ea worker.org.gradle.process.internal.worker.GradleWorkerMain 'Gradle Test Executor 1'

Host: Intel(R) Core(TM) i7-8565U CPU @ 1.80GHz, 8 cores, 15G,  Windows 10 , 64 bit Build 17763 (10.0.17763.475)
Time: Wed Oct  9 18:36:58 2019 Malay Peninsula Standard Time elapsed time: 3 seconds (0d 0h 0m 3s)

---------------  T H R E A D  ---------------

Current thread (0x000001ed67e6e000):  JavaThread "QuantumRenderer-0" daemon [_thread_in_native, id=7192, stack(0x000000d6c1700000,0x000000d6c1800000)]

Stack: [0x000000d6c1700000,0x000000d6c1800000],  sp=0x000000d6c17fdd60,  free space=1015k
Native frames: (J=compiled Java code, j=interpreted, Vv=VM code, C=native code)
C  [javafx_font.dll+0x4879]

Java frames: (J=compiled Java code, j=interpreted, Vv=VM code)
j  com.sun.javafx.font.directwrite.OS.CreateBitmap(JIIII)J+0
j  com.sun.javafx.font.directwrite.IWICImagingFactory.CreateBitmap(IIII)Lcom/sun/javafx/font/directwrite/IWICBitmap;+9
j  com.sun.javafx.font.directwrite.DWGlyph.createBitmap(II)Lcom/sun/javafx/font/directwrite/IWICBitmap;+10
j  com.sun.javafx.font.directwrite.DWGlyph.getCachedBitmap()Lcom/sun/javafx/font/directwrite/IWICBitmap;+13
j  com.sun.javafx.font.directwrite.DWGlyph.getD2DMask(FFZ)[B+117
j  com.sun.javafx.font.directwrite.DWGlyph.getPixelData(I)[B+94
j  com.sun.prism.sw.SWGraphics.drawGlyph(Lcom/sun/javafx/font/FontStrike;Lcom/sun/javafx/scene/text/GlyphList;ILcom/sun/javafx/geom/transform/BaseTransform;ZFF)V+85
j  com.sun.prism.sw.SWGraphics.drawString(Lcom/sun/javafx/scene/text/GlyphList;Lcom/sun/javafx/font/FontStrike;FFLcom/sun/prism/paint/Color;II)V+352
j  com.sun.javafx.sg.prism.NGText.renderText(Lcom/sun/prism/Graphics;Lcom/sun/javafx/font/FontStrike;Lcom/sun/javafx/geom/BaseBounds;Lcom/sun/prism/paint/Color;I)V+198
j  com.sun.javafx.sg.prism.NGText.renderContent2D(Lcom/sun/prism/Graphics;Z)V+238
j  com.sun.javafx.sg.prism.NGShape.renderContent(Lcom/sun/prism/Graphics;)V+454
j  com.sun.javafx.sg.prism.NGNode.doRender(Lcom/sun/prism/Graphics;)V+330
j  com.sun.javafx.sg.prism.NGNode.render(Lcom/sun/prism/Graphics;)V+34
j  com.sun.javafx.sg.prism.NGGroup.renderContent(Lcom/sun/prism/Graphics;)V+151
j  com.sun.javafx.sg.prism.NGRegion.renderContent(Lcom/sun/prism/Graphics;)V+111
j  com.sun.javafx.sg.prism.NGNode.doRender(Lcom/sun/prism/Graphics;)V+330
j  com.sun.javafx.sg.prism.NGNode.render(Lcom/sun/prism/Graphics;)V+34
j  com.sun.javafx.tk.quantum.ViewPainter.doPaint(Lcom/sun/prism/Graphics;Lcom/sun/javafx/sg/prism/NodePath;)V+201
j  com.sun.javafx.tk.quantum.ViewPainter.paintImpl(Lcom/sun/prism/Graphics;)V+961
j  com.sun.javafx.tk.quantum.UploadingPainter.run()V+741
j  java.util.concurrent.Executors$RunnableAdapter.call()Ljava/lang/Object;+4 java.base@11.0.4
j  java.util.concurrent.FutureTask.runAndReset()Z+44 java.base@11.0.4
j  com.sun.javafx.tk.RenderJob.run()V+1
j  java.util.concurrent.ThreadPoolExecutor.runWorker(Ljava/util/concurrent/ThreadPoolExecutor$Worker;)V+92 java.base@11.0.4
j  java.util.concurrent.ThreadPoolExecutor$Worker.run()V+5 java.base@11.0.4
j  com.sun.javafx.tk.quantum.QuantumRenderer$PipelineRunnable.run()V+8
j  java.lang.Thread.run()V+11 java.base@11.0.4
v  ~StubRoutines::call_stub

siginfo: EXCEPTION_ACCESS_VIOLATION (0xc0000005), reading address 0x00007ffe3e6df1f8


Register to memory mapping:

RIP=0x00007ffe193f4879 javafx_font.dll
RAX=0x0000000000000001 is an unknown value
RBX=0x0 is NULL
RCX=0x000001ed68999910 points into unknown readable memory: 70 f1 6d 3e fe 7f 00 00
RDX=0x0000000000000100 is an unknown value
RSP=0x000000d6c17fdd60 is pointing into the stack for thread: 0x000001ed67e6e000
RBP=0x000000d6c17fde58 is pointing into the stack for thread: 0x000001ed67e6e000
RSI=0x0000000000000020 is an unknown value
RDI=0x0000000000000100 is an unknown value
R8 =0x0000000000000100 is an unknown value
R9 =0x000000d6c17fdd98 is pointing into the stack for thread: 0x000001ed67e6e000
R10=0x00007ffe3e6df170 is an unknown value
R11=0x000001ed68999910 points into unknown readable memory: 70 f1 6d 3e fe 7f 00 00
R12=0x0 is NULL
R13={method} {0x000001ed6c5169b8} 'CreateBitmap' '(JIIII)J' in 'com/sun/javafx/font/directwrite/OS'
R14=0x000000d6c17fdea0 is pointing into the stack for thread: 0x000001ed67e6e000
R15=0x000001ed67e6e000 is a thread


Registers:
RAX=0x0000000000000001, RBX=0x0000000000000000, RCX=0x000001ed68999910, RDX=0x0000000000000100
RSP=0x000000d6c17fdd60, RBP=0x000000d6c17fde58, RSI=0x0000000000000020, RDI=0x0000000000000100
R8 =0x0000000000000100, R9 =0x000000d6c17fdd98, R10=0x00007ffe3e6df170, R11=0x000001ed68999910
R12=0x0000000000000000, R13=0x000001ed6c5169b0, R14=0x000000d6c17fdea0, R15=0x000001ed67e6e000
RIP=0x00007ffe193f4879, EFLAGS=0x0000000000010206

Top of Stack: (sp=0x000000d6c17fdd60)
0x000000d6c17fdd60:   0000000000000020 000001ed525cba4b
0x000000d6c17fdd70:   000001ed6c5169b0 000001ed67e6e000
0x000000d6c17fdd80:   000001ed00000001 000000d6c17fdd90
0x000000d6c17fdd90:   0000000000000000 4bfe4e036fddc324
0x000000d6c17fdda0:   10c98d76773d85b1 0000d727e47e5b46
0x000000d6c17fddb0:   000001ed52589910 000001ed5258f037
0x000000d6c17fddc0:   000001ed6c5169b0 00007ffdec26dc39
0x000000d6c17fddd0:   000001ed52589910 000001ed5258ed1c
0x000000d6c17fdde0:   000001ed00000100 000001ed00000008
0x000000d6c17fddf0:   0000000000000001 000001ed6e6d8502
0x000000d6c17fde00:   000001ed52589910 000001ed5258ecd6
0x000000d6c17fde10:   000000d6c17fde10 000001ed6c5169b0
0x000000d6c17fde20:   000000d6c17fdea0 000001ed6c517270
0x000000d6c17fde30:   0000000000000000 00000000ef5ad9a0
0x000000d6c17fde40:   000001ed6c5169b0 0000000000000000
0x000000d6c17fde50:   000000d6c17fde78 000000d6c17fdef0 

Instructions: (pc=0x00007ffe193f4879)
0x00007ffe193f4859:   84 24 80 00 00 00 4c 8d 4c 24 38 48 89 44 24 28
0x00007ffe193f4869:   8b d7 8b 84 24 90 00 00 00 49 8b cb 89 44 24 20
0x00007ffe193f4879:   41 ff 92 88 00 00 00 85 c0 48 0f 49 5c 24 30 48
0x00007ffe193f4889:   8b c3 48 8b 4c 24 48 48 33 cc e8 68 44 00 00 48 


Stack slot to memory mapping:
stack at sp + 0 slots: 0x0000000000000020 is an unknown value
stack at sp + 1 slots: 0x000001ed525cba4b is at code_begin+4299 in 
[CodeBlob (0x000001ed525ca910)]
Framesize: 0
BufferBlob (0x000001ed525ca910) used for native signature handlers
stack at sp + 2 slots: {method} {0x000001ed6c5169b8} 'CreateBitmap' '(JIIII)J' in 'com/sun/javafx/font/directwrite/OS'
stack at sp + 3 slots: 0x000001ed67e6e000 is a thread
stack at sp + 4 slots: 0x000001ed00000001 is an unknown value
stack at sp + 5 slots: 0x000000d6c17fdd90 is pointing into the stack for thread: 0x000001ed67e6e000
stack at sp + 6 slots: 0x0 is NULL
stack at sp + 7 slots: 0x4bfe4e036fddc324 is an unknown value


---------------  P R O C E S S  ---------------

Threads class SMR info:
_java_thread_list=0x000001ed68d03030, length=23, elements={
0x000001ed48a17000, 0x000001ed65d60800, 0x000001ed66599800, 0x000001ed65d6e800,
0x000001ed665e4800, 0x000001ed665e7000, 0x000001ed665f3000, 0x000001ed665f7800,
0x000001ed66779800, 0x000001ed66768000, 0x000001ed66e47000, 0x000001ed66ea1800,
0x000001ed66e89800, 0x000001ed69689800, 0x000001ed6926a800, 0x000001ed67e6e000,
0x000001ed67a7f800, 0x000001ed67e5c800, 0x000001ed68269800, 0x000001ed69c4e000,
0x000001ed68df6800, 0x000001ed69206800, 0x000001ed6850f800
}

Java Threads: ( => current thread )
  0x000001ed48a17000 JavaThread "main" [_thread_blocked, id=6308, stack(0x000000d6bf700000,0x000000d6bf800000)]
  0x000001ed65d60800 JavaThread "Reference Handler" daemon [_thread_blocked, id=16660, stack(0x000000d6bfe00000,0x000000d6bff00000)]
  0x000001ed66599800 JavaThread "Finalizer" daemon [_thread_blocked, id=2608, stack(0x000000d6bff00000,0x000000d6c0000000)]
  0x000001ed65d6e800 JavaThread "Signal Dispatcher" daemon [_thread_blocked, id=9944, stack(0x000000d6c0000000,0x000000d6c0100000)]
  0x000001ed665e4800 JavaThread "Attach Listener" daemon [_thread_blocked, id=9676, stack(0x000000d6c0100000,0x000000d6c0200000)]
  0x000001ed665e7000 JavaThread "C2 CompilerThread0" daemon [_thread_blocked, id=17296, stack(0x000000d6c0200000,0x000000d6c0300000)]
  0x000001ed665f3000 JavaThread "C1 CompilerThread0" daemon [_thread_blocked, id=18604, stack(0x000000d6c0300000,0x000000d6c0400000)]
  0x000001ed665f7800 JavaThread "Sweeper thread" daemon [_thread_blocked, id=7948, stack(0x000000d6c0400000,0x000000d6c0500000)]
  0x000001ed66779800 JavaThread "Service Thread" daemon [_thread_blocked, id=8496, stack(0x000000d6c0500000,0x000000d6c0600000)]
  0x000001ed66768000 JavaThread "Common-Cleaner" daemon [_thread_blocked, id=18760, stack(0x000000d6c0700000,0x000000d6c0800000)]
  0x000001ed66e47000 JavaThread "Test worker" [_thread_blocked, id=15588, stack(0x000000d6c0900000,0x000000d6c0a00000)]
  0x000001ed66ea1800 JavaThread "/127.0.0.1:52774 to /127.0.0.1:52773 workers Thread 2" [_thread_blocked, id=16752, stack(0x000000d6c0a00000,0x000000d6c0b00000)]
  0x000001ed66e89800 JavaThread "/127.0.0.1:52774 to /127.0.0.1:52773 workers Thread 3" [_thread_in_native, id=5968, stack(0x000000d6c0b00000,0x000000d6c0c00000)]
  0x000001ed69689800 JavaThread "testfx-async-pool-thread-1" daemon [_thread_blocked, id=11484, stack(0x000000d6c1500000,0x000000d6c1600000)]
  0x000001ed6926a800 JavaThread "JavaFX-Launcher" daemon [_thread_blocked, id=1680, stack(0x000000d6c1600000,0x000000d6c1700000)]
=>0x000001ed67e6e000 JavaThread "QuantumRenderer-0" daemon [_thread_in_native, id=7192, stack(0x000000d6c1700000,0x000000d6c1800000)]
  0x000001ed67a7f800 JavaThread "JavaFX Application Thread" daemon [_thread_blocked, id=18296, stack(0x000000d6c0c00000,0x000000d6c0d00000)]
  0x000001ed67e5c800 JavaThread "Timer-0" daemon [_thread_blocked, id=9428, stack(0x000000d6c1400000,0x000000d6c1500000)]
  0x000001ed68269800 JavaThread "testfx-async-pool-thread-2" daemon [_thread_blocked, id=18048, stack(0x000000d6c1800000,0x000000d6c1900000)]
  0x000001ed69c4e000 JavaThread "C2 CompilerThread1" daemon [_thread_blocked, id=17544, stack(0x000000d6c1a00000,0x000000d6c1b00000)]
  0x000001ed68df6800 JavaThread "Prism Font Disposer" daemon [_thread_blocked, id=7276, stack(0x000000d6c1b00000,0x000000d6c1c00000)]
  0x000001ed69206800 JavaThread "C2 CompilerThread2" daemon [_thread_blocked, id=6496, stack(0x000000d6c1c00000,0x000000d6c1d00000)]
  0x000001ed6850f800 JavaThread "Cleaner-0" daemon [_thread_blocked, id=8448, stack(0x000000d6c1d00000,0x000000d6c1e00000)]

Other Threads:
  0x000001ed65d5c800 VMThread "VM Thread" [stack: 0x000000d6bfd00000,0x000000d6bfe00000] [id=1960]
  0x000001ed6676c800 WatcherThread [stack: 0x000000d6c0600000,0x000000d6c0700000] [id=13028]
  0x000001ed48a2f000 GCTaskThread "GC Thread#0" [stack: 0x000000d6bf800000,0x000000d6bf900000] [id=10500]
  0x000001ed67aea000 GCTaskThread "GC Thread#1" [stack: 0x000000d6c0d00000,0x000000d6c0e00000] [id=3120]
  0x000001ed67aea800 GCTaskThread "GC Thread#2" [stack: 0x000000d6c0e00000,0x000000d6c0f00000] [id=13092]
  0x000001ed670c6000 GCTaskThread "GC Thread#3" [stack: 0x000000d6c0f00000,0x000000d6c1000000] [id=844]
  0x000001ed670c6800 GCTaskThread "GC Thread#4" [stack: 0x000000d6c1000000,0x000000d6c1100000] [id=10992]
  0x000001ed66ff0000 GCTaskThread "GC Thread#5" [stack: 0x000000d6c1100000,0x000000d6c1200000] [id=13588]
  0x000001ed66ff0800 GCTaskThread "GC Thread#6" [stack: 0x000000d6c1200000,0x000000d6c1300000] [id=13716]
  0x000001ed66f3c000 GCTaskThread "GC Thread#7" [stack: 0x000000d6c1300000,0x000000d6c1400000] [id=4848]
  0x000001ed48a40800 ConcurrentGCThread "G1 Main Marker" [stack: 0x000000d6bf900000,0x000000d6bfa00000] [id=10932]
  0x000001ed48a42000 ConcurrentGCThread "G1 Conc#0" [stack: 0x000000d6bfa00000,0x000000d6bfb00000] [id=13332]
  0x000001ed67aa3800 ConcurrentGCThread "G1 Conc#1" [stack: 0x000000d6c1900000,0x000000d6c1a00000] [id=11124]
  0x000001ed48aed800 ConcurrentGCThread "G1 Refine#0" [stack: 0x000000d6bfb00000,0x000000d6bfc00000] [id=17820]
  0x000001ed65bc9800 ConcurrentGCThread "G1 Young RemSet Sampling" [stack: 0x000000d6bfc00000,0x000000d6bfd00000] [id=17044]

Threads with active compile tasks:

VM state:not at safepoint (normal execution)

VM Mutex/Monitor currently owned by a thread: None

Heap address: 0x00000000e0000000, size: 512 MB, Compressed Oops mode: 32-bit
Narrow klass base: 0x0000000000000000, Narrow klass shift: 3
Compressed class space size: 1073741824 Address: 0x0000000100000000

Heap:
 garbage-first heap   total 260096K, used 59595K [0x00000000e0000000, 0x0000000100000000)
  region size 1024K, 35 young (35840K), 5 survivors (5120K)
 Metaspace       used 27250K, capacity 28444K, committed 28544K, reserved 1073152K
  class space    used 3681K, capacity 4222K, committed 4224K, reserved 1048576K
Heap Regions: E=young(eden), S=young(survivor), O=old, HS=humongous(starts), HC=humongous(continues), CS=collection set, F=free, A=archive, TAMS=top-at-mark-start (previous, next)
|   0|0x00000000e0000000, 0x00000000e0100000, 0x00000000e0100000|100%| O|  |TAMS 0x00000000e0100000, 0x00000000e0000000| Untracked 
|   1|0x00000000e0100000, 0x00000000e01ee200, 0x00000000e0200000| 93%| O|  |TAMS 0x00000000e01ee200, 0x00000000e0100000| Untracked 
|   2|0x00000000e0200000, 0x00000000e0300000, 0x00000000e0300000|100%|HS|  |TAMS 0x00000000e0300000, 0x00000000e0200000| Complete 
|   3|0x00000000e0300000, 0x00000000e0400000, 0x00000000e0400000|100%|HC|  |TAMS 0x00000000e0400000, 0x00000000e0300000| Complete 
|   4|0x00000000e0400000, 0x00000000e0500000, 0x00000000e0500000|100%|HC|  |TAMS 0x00000000e0500000, 0x00000000e0400000| Complete 
|   5|0x00000000e0500000, 0x00000000e0600000, 0x00000000e0600000|100%|HC|  |TAMS 0x00000000e0600000, 0x00000000e0500000| Complete 
|   6|0x00000000e0600000, 0x00000000e0700000, 0x00000000e0700000|100%|HS|  |TAMS 0x00000000e0600000, 0x00000000e0600000| Complete 
|   7|0x00000000e0700000, 0x00000000e0800000, 0x00000000e0800000|100%|HC|  |TAMS 0x00000000e0700000, 0x00000000e0700000| Complete 
|   8|0x00000000e0800000, 0x00000000e0900000, 0x00000000e0900000|100%|HC|  |TAMS 0x00000000e0800000, 0x00000000e0800000| Complete 
|   9|0x00000000e0900000, 0x00000000e0a00000, 0x00000000e0a00000|100%|HC|  |TAMS 0x00000000e0900000, 0x00000000e0900000| Complete 
|  10|0x00000000e0a00000, 0x00000000e0b00000, 0x00000000e0b00000|100%|HS|  |TAMS 0x00000000e0a00000, 0x00000000e0a00000| Complete 
|  11|0x00000000e0b00000, 0x00000000e0c00000, 0x00000000e0c00000|100%|HC|  |TAMS 0x00000000e0b00000, 0x00000000e0b00000| Complete 
|  12|0x00000000e0c00000, 0x00000000e0d00000, 0x00000000e0d00000|100%|HC|  |TAMS 0x00000000e0c00000, 0x00000000e0c00000| Complete 
|  13|0x00000000e0d00000, 0x00000000e0e00000, 0x00000000e0e00000|100%|HS|  |TAMS 0x00000000e0d00000, 0x00000000e0d00000| Complete 
|  14|0x00000000e0e00000, 0x00000000e0f00000, 0x00000000e0f00000|100%|HC|  |TAMS 0x00000000e0e00000, 0x00000000e0e00000| Complete 
|  15|0x00000000e0f00000, 0x00000000e1000000, 0x00000000e1000000|100%|HC|  |TAMS 0x00000000e0f00000, 0x00000000e0f00000| Complete 
|  16|0x00000000e1000000, 0x00000000e1100000, 0x00000000e1100000|100%|HC|  |TAMS 0x00000000e1000000, 0x00000000e1000000| Complete 
|  17|0x00000000e1100000, 0x00000000e1200000, 0x00000000e1200000|100%|HS|  |TAMS 0x00000000e1100000, 0x00000000e1100000| Complete 
|  18|0x00000000e1200000, 0x00000000e1300000, 0x00000000e1300000|100%|HC|  |TAMS 0x00000000e1200000, 0x00000000e1200000| Complete 
|  19|0x00000000e1300000, 0x00000000e1400000, 0x00000000e1400000|100%|HC|  |TAMS 0x00000000e1300000, 0x00000000e1300000| Complete 
|  20|0x00000000e1400000, 0x00000000e1500000, 0x00000000e1500000|100%|HC|  |TAMS 0x00000000e1400000, 0x00000000e1400000| Complete 
|  21|0x00000000e1500000, 0x00000000e1600000, 0x00000000e1600000|100%|HC|  |TAMS 0x00000000e1500000, 0x00000000e1500000| Complete 
|  22|0x00000000e1600000, 0x00000000e1700000, 0x00000000e1700000|100%|HC|  |TAMS 0x00000000e1600000, 0x00000000e1600000| Complete 
|  23|0x00000000e1700000, 0x00000000e1800000, 0x00000000e1800000|100%|HC|  |TAMS 0x00000000e1700000, 0x00000000e1700000| Complete 
|  24|0x00000000e1800000, 0x00000000e1900000, 0x00000000e1900000|100%|HC|  |TAMS 0x00000000e1800000, 0x00000000e1800000| Complete 
|  25|0x00000000e1900000, 0x00000000e1a00000, 0x00000000e1a00000|100%|HC|  |TAMS 0x00000000e1900000, 0x00000000e1900000| Complete 
|  26|0x00000000e1a00000, 0x00000000e1a00000, 0x00000000e1b00000|  0%| F|  |TAMS 0x00000000e1a00000, 0x00000000e1a00000| Untracked 
|  27|0x00000000e1b00000, 0x00000000e1b00000, 0x00000000e1c00000|  0%| F|  |TAMS 0x00000000e1b00000, 0x00000000e1b00000| Untracked 
|  28|0x00000000e1c00000, 0x00000000e1c00000, 0x00000000e1d00000|  0%| F|  |TAMS 0x00000000e1c00000, 0x00000000e1c00000| Untracked 
|  29|0x00000000e1d00000, 0x00000000e1d00000, 0x00000000e1e00000|  0%| F|  |TAMS 0x00000000e1d00000, 0x00000000e1d00000| Untracked 
|  30|0x00000000e1e00000, 0x00000000e1e00000, 0x00000000e1f00000|  0%| F|  |TAMS 0x00000000e1e00000, 0x00000000e1e00000| Untracked 
|  31|0x00000000e1f00000, 0x00000000e1f00000, 0x00000000e2000000|  0%| F|  |TAMS 0x00000000e1f00000, 0x00000000e1f00000| Untracked 
|  32|0x00000000e2000000, 0x00000000e2000000, 0x00000000e2100000|  0%| F|  |TAMS 0x00000000e2000000, 0x00000000e2000000| Untracked 
|  33|0x00000000e2100000, 0x00000000e2100000, 0x00000000e2200000|  0%| F|  |TAMS 0x00000000e2100000, 0x00000000e2100000| Untracked 
|  34|0x00000000e2200000, 0x00000000e2200000, 0x00000000e2300000|  0%| F|  |TAMS 0x00000000e2200000, 0x00000000e2200000| Untracked 
|  35|0x00000000e2300000, 0x00000000e2300000, 0x00000000e2400000|  0%| F|  |TAMS 0x00000000e2300000, 0x00000000e2300000| Untracked 
|  36|0x00000000e2400000, 0x00000000e2400000, 0x00000000e2500000|  0%| F|  |TAMS 0x00000000e2400000, 0x00000000e2400000| Untracked 
|  37|0x00000000e2500000, 0x00000000e2500000, 0x00000000e2600000|  0%| F|  |TAMS 0x00000000e2500000, 0x00000000e2500000| Untracked 
|  38|0x00000000e2600000, 0x00000000e2600000, 0x00000000e2700000|  0%| F|  |TAMS 0x00000000e2600000, 0x00000000e2600000| Untracked 
|  39|0x00000000e2700000, 0x00000000e2700000, 0x00000000e2800000|  0%| F|  |TAMS 0x00000000e2700000, 0x00000000e2700000| Untracked 
|  40|0x00000000e2800000, 0x00000000e2800000, 0x00000000e2900000|  0%| F|  |TAMS 0x00000000e2800000, 0x00000000e2800000| Untracked 
|  41|0x00000000e2900000, 0x00000000e2900000, 0x00000000e2a00000|  0%| F|  |TAMS 0x00000000e2900000, 0x00000000e2900000| Untracked 
|  42|0x00000000e2a00000, 0x00000000e2a00000, 0x00000000e2b00000|  0%| F|  |TAMS 0x00000000e2a00000, 0x00000000e2a00000| Untracked 
|  43|0x00000000e2b00000, 0x00000000e2b00000, 0x00000000e2c00000|  0%| F|  |TAMS 0x00000000e2b00000, 0x00000000e2b00000| Untracked 
|  44|0x00000000e2c00000, 0x00000000e2c00000, 0x00000000e2d00000|  0%| F|  |TAMS 0x00000000e2c00000, 0x00000000e2c00000| Untracked 
|  45|0x00000000e2d00000, 0x00000000e2d00000, 0x00000000e2e00000|  0%| F|  |TAMS 0x00000000e2d00000, 0x00000000e2d00000| Untracked 
|  46|0x00000000e2e00000, 0x00000000e2e00000, 0x00000000e2f00000|  0%| F|  |TAMS 0x00000000e2e00000, 0x00000000e2e00000| Untracked 
|  47|0x00000000e2f00000, 0x00000000e2f00000, 0x00000000e3000000|  0%| F|  |TAMS 0x00000000e2f00000, 0x00000000e2f00000| Untracked 
|  48|0x00000000e3000000, 0x00000000e3000000, 0x00000000e3100000|  0%| F|  |TAMS 0x00000000e3000000, 0x00000000e3000000| Untracked 
|  49|0x00000000e3100000, 0x00000000e3100000, 0x00000000e3200000|  0%| F|  |TAMS 0x00000000e3100000, 0x00000000e3100000| Untracked 
|  50|0x00000000e3200000, 0x00000000e3200000, 0x00000000e3300000|  0%| F|  |TAMS 0x00000000e3200000, 0x00000000e3200000| Untracked 
|  51|0x00000000e3300000, 0x00000000e3300000, 0x00000000e3400000|  0%| F|  |TAMS 0x00000000e3300000, 0x00000000e3300000| Untracked 
|  52|0x00000000e3400000, 0x00000000e3400000, 0x00000000e3500000|  0%| F|  |TAMS 0x00000000e3400000, 0x00000000e3400000| Untracked 
|  53|0x00000000e3500000, 0x00000000e3500000, 0x00000000e3600000|  0%| F|  |TAMS 0x00000000e3500000, 0x00000000e3500000| Untracked 
|  54|0x00000000e3600000, 0x00000000e3600000, 0x00000000e3700000|  0%| F|  |TAMS 0x00000000e3600000, 0x00000000e3600000| Untracked 
|  55|0x00000000e3700000, 0x00000000e3700000, 0x00000000e3800000|  0%| F|  |TAMS 0x00000000e3700000, 0x00000000e3700000| Untracked 
|  56|0x00000000e3800000, 0x00000000e3800000, 0x00000000e3900000|  0%| F|  |TAMS 0x00000000e3800000, 0x00000000e3800000| Untracked 
|  57|0x00000000e3900000, 0x00000000e3900000, 0x00000000e3a00000|  0%| F|  |TAMS 0x00000000e3900000, 0x00000000e3900000| Untracked 
|  58|0x00000000e3a00000, 0x00000000e3a00000, 0x00000000e3b00000|  0%| F|  |TAMS 0x00000000e3a00000, 0x00000000e3a00000| Untracked 
|  59|0x00000000e3b00000, 0x00000000e3b00000, 0x00000000e3c00000|  0%| F|  |TAMS 0x00000000e3b00000, 0x00000000e3b00000| Untracked 
|  60|0x00000000e3c00000, 0x00000000e3c00000, 0x00000000e3d00000|  0%| F|  |TAMS 0x00000000e3c00000, 0x00000000e3c00000| Untracked 
|  61|0x00000000e3d00000, 0x00000000e3d00000, 0x00000000e3e00000|  0%| F|  |TAMS 0x00000000e3d00000, 0x00000000e3d00000| Untracked 
|  62|0x00000000e3e00000, 0x00000000e3e00000, 0x00000000e3f00000|  0%| F|  |TAMS 0x00000000e3e00000, 0x00000000e3e00000| Untracked 
|  63|0x00000000e3f00000, 0x00000000e3f00000, 0x00000000e4000000|  0%| F|  |TAMS 0x00000000e3f00000, 0x00000000e3f00000| Untracked 
|  64|0x00000000e4000000, 0x00000000e4000000, 0x00000000e4100000|  0%| F|  |TAMS 0x00000000e4000000, 0x00000000e4000000| Untracked 
|  65|0x00000000e4100000, 0x00000000e4100000, 0x00000000e4200000|  0%| F|  |TAMS 0x00000000e4100000, 0x00000000e4100000| Untracked 
|  66|0x00000000e4200000, 0x00000000e4200000, 0x00000000e4300000|  0%| F|  |TAMS 0x00000000e4200000, 0x00000000e4200000| Untracked 
|  67|0x00000000e4300000, 0x00000000e4300000, 0x00000000e4400000|  0%| F|  |TAMS 0x00000000e4300000, 0x00000000e4300000| Untracked 
|  68|0x00000000e4400000, 0x00000000e4400000, 0x00000000e4500000|  0%| F|  |TAMS 0x00000000e4400000, 0x00000000e4400000| Untracked 
|  69|0x00000000e4500000, 0x00000000e4500000, 0x00000000e4600000|  0%| F|  |TAMS 0x00000000e4500000, 0x00000000e4500000| Untracked 
|  70|0x00000000e4600000, 0x00000000e4600000, 0x00000000e4700000|  0%| F|  |TAMS 0x00000000e4600000, 0x00000000e4600000| Untracked 
|  71|0x00000000e4700000, 0x00000000e4700000, 0x00000000e4800000|  0%| F|  |TAMS 0x00000000e4700000, 0x00000000e4700000| Untracked 
|  72|0x00000000e4800000, 0x00000000e4800000, 0x00000000e4900000|  0%| F|  |TAMS 0x00000000e4800000, 0x00000000e4800000| Untracked 
|  73|0x00000000e4900000, 0x00000000e4900000, 0x00000000e4a00000|  0%| F|  |TAMS 0x00000000e4900000, 0x00000000e4900000| Untracked 
|  74|0x00000000e4a00000, 0x00000000e4a00000, 0x00000000e4b00000|  0%| F|  |TAMS 0x00000000e4a00000, 0x00000000e4a00000| Untracked 
|  75|0x00000000e4b00000, 0x00000000e4b00000, 0x00000000e4c00000|  0%| F|  |TAMS 0x00000000e4b00000, 0x00000000e4b00000| Untracked 
|  76|0x00000000e4c00000, 0x00000000e4c00000, 0x00000000e4d00000|  0%| F|  |TAMS 0x00000000e4c00000, 0x00000000e4c00000| Untracked 
|  77|0x00000000e4d00000, 0x00000000e4d00000, 0x00000000e4e00000|  0%| F|  |TAMS 0x00000000e4d00000, 0x00000000e4d00000| Untracked 
|  78|0x00000000e4e00000, 0x00000000e4e00000, 0x00000000e4f00000|  0%| F|  |TAMS 0x00000000e4e00000, 0x00000000e4e00000| Untracked 
|  79|0x00000000e4f00000, 0x00000000e4f00000, 0x00000000e5000000|  0%| F|  |TAMS 0x00000000e4f00000, 0x00000000e4f00000| Untracked 
|  80|0x00000000e5000000, 0x00000000e5000000, 0x00000000e5100000|  0%| F|  |TAMS 0x00000000e5000000, 0x00000000e5000000| Untracked 
|  81|0x00000000e5100000, 0x00000000e5100000, 0x00000000e5200000|  0%| F|  |TAMS 0x00000000e5100000, 0x00000000e5100000| Untracked 
|  82|0x00000000e5200000, 0x00000000e5200000, 0x00000000e5300000|  0%| F|  |TAMS 0x00000000e5200000, 0x00000000e5200000| Untracked 
|  83|0x00000000e5300000, 0x00000000e5300000, 0x00000000e5400000|  0%| F|  |TAMS 0x00000000e5300000, 0x00000000e5300000| Untracked 
|  84|0x00000000e5400000, 0x00000000e5400000, 0x00000000e5500000|  0%| F|  |TAMS 0x00000000e5400000, 0x00000000e5400000| Untracked 
|  85|0x00000000e5500000, 0x00000000e5500000, 0x00000000e5600000|  0%| F|  |TAMS 0x00000000e5500000, 0x00000000e5500000| Untracked 
|  86|0x00000000e5600000, 0x00000000e5600000, 0x00000000e5700000|  0%| F|  |TAMS 0x00000000e5600000, 0x00000000e5600000| Untracked 
|  87|0x00000000e5700000, 0x00000000e5700000, 0x00000000e5800000|  0%| F|  |TAMS 0x00000000e5700000, 0x00000000e5700000| Untracked 
|  88|0x00000000e5800000, 0x00000000e5800000, 0x00000000e5900000|  0%| F|  |TAMS 0x00000000e5800000, 0x00000000e5800000| Untracked 
|  89|0x00000000e5900000, 0x00000000e5900000, 0x00000000e5a00000|  0%| F|  |TAMS 0x00000000e5900000, 0x00000000e5900000| Untracked 
|  90|0x00000000e5a00000, 0x00000000e5a00000, 0x00000000e5b00000|  0%| F|  |TAMS 0x00000000e5a00000, 0x00000000e5a00000| Untracked 
|  91|0x00000000e5b00000, 0x00000000e5b00000, 0x00000000e5c00000|  0%| F|  |TAMS 0x00000000e5b00000, 0x00000000e5b00000| Untracked 
|  92|0x00000000e5c00000, 0x00000000e5c00000, 0x00000000e5d00000|  0%| F|  |TAMS 0x00000000e5c00000, 0x00000000e5c00000| Untracked 
|  93|0x00000000e5d00000, 0x00000000e5d00000, 0x00000000e5e00000|  0%| F|  |TAMS 0x00000000e5d00000, 0x00000000e5d00000| Untracked 
|  94|0x00000000e5e00000, 0x00000000e5e00000, 0x00000000e5f00000|  0%| F|  |TAMS 0x00000000e5e00000, 0x00000000e5e00000| Untracked 
|  95|0x00000000e5f00000, 0x00000000e5f00000, 0x00000000e6000000|  0%| F|  |TAMS 0x00000000e5f00000, 0x00000000e5f00000| Untracked 
|  96|0x00000000e6000000, 0x00000000e6000000, 0x00000000e6100000|  0%| F|  |TAMS 0x00000000e6000000, 0x00000000e6000000| Untracked 
|  97|0x00000000e6100000, 0x00000000e6100000, 0x00000000e6200000|  0%| F|  |TAMS 0x00000000e6100000, 0x00000000e6100000| Untracked 
|  98|0x00000000e6200000, 0x00000000e6200000, 0x00000000e6300000|  0%| F|  |TAMS 0x00000000e6200000, 0x00000000e6200000| Untracked 
|  99|0x00000000e6300000, 0x00000000e6300000, 0x00000000e6400000|  0%| F|  |TAMS 0x00000000e6300000, 0x00000000e6300000| Untracked 
| 100|0x00000000e6400000, 0x00000000e6400000, 0x00000000e6500000|  0%| F|  |TAMS 0x00000000e6400000, 0x00000000e6400000| Untracked 
| 101|0x00000000e6500000, 0x00000000e6500000, 0x00000000e6600000|  0%| F|  |TAMS 0x00000000e6500000, 0x00000000e6500000| Untracked 
| 102|0x00000000e6600000, 0x00000000e6600000, 0x00000000e6700000|  0%| F|  |TAMS 0x00000000e6600000, 0x00000000e6600000| Untracked 
| 103|0x00000000e6700000, 0x00000000e6700000, 0x00000000e6800000|  0%| F|  |TAMS 0x00000000e6700000, 0x00000000e6700000| Untracked 
| 104|0x00000000e6800000, 0x00000000e6800000, 0x00000000e6900000|  0%| F|  |TAMS 0x00000000e6800000, 0x00000000e6800000| Untracked 
| 105|0x00000000e6900000, 0x00000000e6900000, 0x00000000e6a00000|  0%| F|  |TAMS 0x00000000e6900000, 0x00000000e6900000| Untracked 
| 106|0x00000000e6a00000, 0x00000000e6a00000, 0x00000000e6b00000|  0%| F|  |TAMS 0x00000000e6a00000, 0x00000000e6a00000| Untracked 
| 107|0x00000000e6b00000, 0x00000000e6b00000, 0x00000000e6c00000|  0%| F|  |TAMS 0x00000000e6b00000, 0x00000000e6b00000| Untracked 
| 108|0x00000000e6c00000, 0x00000000e6c00000, 0x00000000e6d00000|  0%| F|  |TAMS 0x00000000e6c00000, 0x00000000e6c00000| Untracked 
| 109|0x00000000e6d00000, 0x00000000e6d00000, 0x00000000e6e00000|  0%| F|  |TAMS 0x00000000e6d00000, 0x00000000e6d00000| Untracked 
| 110|0x00000000e6e00000, 0x00000000e6e00000, 0x00000000e6f00000|  0%| F|  |TAMS 0x00000000e6e00000, 0x00000000e6e00000| Untracked 
| 111|0x00000000e6f00000, 0x00000000e6f00000, 0x00000000e7000000|  0%| F|  |TAMS 0x00000000e6f00000, 0x00000000e6f00000| Untracked 
| 112|0x00000000e7000000, 0x00000000e7000000, 0x00000000e7100000|  0%| F|  |TAMS 0x00000000e7000000, 0x00000000e7000000| Untracked 
| 113|0x00000000e7100000, 0x00000000e7100000, 0x00000000e7200000|  0%| F|  |TAMS 0x00000000e7100000, 0x00000000e7100000| Untracked 
| 114|0x00000000e7200000, 0x00000000e7200000, 0x00000000e7300000|  0%| F|  |TAMS 0x00000000e7200000, 0x00000000e7200000| Untracked 
| 115|0x00000000e7300000, 0x00000000e7300000, 0x00000000e7400000|  0%| F|  |TAMS 0x00000000e7300000, 0x00000000e7300000| Untracked 
| 116|0x00000000e7400000, 0x00000000e7400000, 0x00000000e7500000|  0%| F|  |TAMS 0x00000000e7400000, 0x00000000e7400000| Untracked 
| 117|0x00000000e7500000, 0x00000000e7500000, 0x00000000e7600000|  0%| F|  |TAMS 0x00000000e7500000, 0x00000000e7500000| Untracked 
| 118|0x00000000e7600000, 0x00000000e7600000, 0x00000000e7700000|  0%| F|  |TAMS 0x00000000e7600000, 0x00000000e7600000| Untracked 
| 119|0x00000000e7700000, 0x00000000e7700000, 0x00000000e7800000|  0%| F|  |TAMS 0x00000000e7700000, 0x00000000e7700000| Untracked 
| 120|0x00000000e7800000, 0x00000000e7800000, 0x00000000e7900000|  0%| F|  |TAMS 0x00000000e7800000, 0x00000000e7800000| Untracked 
| 121|0x00000000e7900000, 0x00000000e7900000, 0x00000000e7a00000|  0%| F|  |TAMS 0x00000000e7900000, 0x00000000e7900000| Untracked 
| 122|0x00000000e7a00000, 0x00000000e7a00000, 0x00000000e7b00000|  0%| F|  |TAMS 0x00000000e7a00000, 0x00000000e7a00000| Untracked 
| 123|0x00000000e7b00000, 0x00000000e7b00000, 0x00000000e7c00000|  0%| F|  |TAMS 0x00000000e7b00000, 0x00000000e7b00000| Untracked 
| 124|0x00000000e7c00000, 0x00000000e7c00000, 0x00000000e7d00000|  0%| F|  |TAMS 0x00000000e7c00000, 0x00000000e7c00000| Untracked 
| 125|0x00000000e7d00000, 0x00000000e7d00000, 0x00000000e7e00000|  0%| F|  |TAMS 0x00000000e7d00000, 0x00000000e7d00000| Untracked 
| 126|0x00000000e7e00000, 0x00000000e7e00000, 0x00000000e7f00000|  0%| F|  |TAMS 0x00000000e7e00000, 0x00000000e7e00000| Untracked 
| 127|0x00000000e7f00000, 0x00000000e7f00000, 0x00000000e8000000|  0%| F|  |TAMS 0x00000000e7f00000, 0x00000000e7f00000| Untracked 
| 128|0x00000000e8000000, 0x00000000e8000000, 0x00000000e8100000|  0%| F|  |TAMS 0x00000000e8000000, 0x00000000e8000000| Untracked 
| 129|0x00000000e8100000, 0x00000000e8100000, 0x00000000e8200000|  0%| F|  |TAMS 0x00000000e8100000, 0x00000000e8100000| Untracked 
| 130|0x00000000e8200000, 0x00000000e8200000, 0x00000000e8300000|  0%| F|  |TAMS 0x00000000e8200000, 0x00000000e8200000| Untracked 
| 131|0x00000000e8300000, 0x00000000e8300000, 0x00000000e8400000|  0%| F|  |TAMS 0x00000000e8300000, 0x00000000e8300000| Untracked 
| 132|0x00000000e8400000, 0x00000000e8400000, 0x00000000e8500000|  0%| F|  |TAMS 0x00000000e8400000, 0x00000000e8400000| Untracked 
| 133|0x00000000e8500000, 0x00000000e8500000, 0x00000000e8600000|  0%| F|  |TAMS 0x00000000e8500000, 0x00000000e8500000| Untracked 
| 134|0x00000000e8600000, 0x00000000e8600000, 0x00000000e8700000|  0%| F|  |TAMS 0x00000000e8600000, 0x00000000e8600000| Untracked 
| 135|0x00000000e8700000, 0x00000000e8700000, 0x00000000e8800000|  0%| F|  |TAMS 0x00000000e8700000, 0x00000000e8700000| Untracked 
| 136|0x00000000e8800000, 0x00000000e8800000, 0x00000000e8900000|  0%| F|  |TAMS 0x00000000e8800000, 0x00000000e8800000| Untracked 
| 137|0x00000000e8900000, 0x00000000e8900000, 0x00000000e8a00000|  0%| F|  |TAMS 0x00000000e8900000, 0x00000000e8900000| Untracked 
| 138|0x00000000e8a00000, 0x00000000e8a00000, 0x00000000e8b00000|  0%| F|  |TAMS 0x00000000e8a00000, 0x00000000e8a00000| Untracked 
| 139|0x00000000e8b00000, 0x00000000e8b00000, 0x00000000e8c00000|  0%| F|  |TAMS 0x00000000e8b00000, 0x00000000e8b00000| Untracked 
| 140|0x00000000e8c00000, 0x00000000e8c00000, 0x00000000e8d00000|  0%| F|  |TAMS 0x00000000e8c00000, 0x00000000e8c00000| Untracked 
| 141|0x00000000e8d00000, 0x00000000e8d00000, 0x00000000e8e00000|  0%| F|  |TAMS 0x00000000e8d00000, 0x00000000e8d00000| Untracked 
| 142|0x00000000e8e00000, 0x00000000e8e00000, 0x00000000e8f00000|  0%| F|  |TAMS 0x00000000e8e00000, 0x00000000e8e00000| Untracked 
| 143|0x00000000e8f00000, 0x00000000e8f00000, 0x00000000e9000000|  0%| F|  |TAMS 0x00000000e8f00000, 0x00000000e8f00000| Untracked 
| 144|0x00000000e9000000, 0x00000000e9000000, 0x00000000e9100000|  0%| F|  |TAMS 0x00000000e9000000, 0x00000000e9000000| Untracked 
| 145|0x00000000e9100000, 0x00000000e9100000, 0x00000000e9200000|  0%| F|  |TAMS 0x00000000e9100000, 0x00000000e9100000| Untracked 
| 146|0x00000000e9200000, 0x00000000e9200000, 0x00000000e9300000|  0%| F|  |TAMS 0x00000000e9200000, 0x00000000e9200000| Untracked 
| 147|0x00000000e9300000, 0x00000000e9300000, 0x00000000e9400000|  0%| F|  |TAMS 0x00000000e9300000, 0x00000000e9300000| Untracked 
| 148|0x00000000e9400000, 0x00000000e9400000, 0x00000000e9500000|  0%| F|  |TAMS 0x00000000e9400000, 0x00000000e9400000| Untracked 
| 149|0x00000000e9500000, 0x00000000e9500000, 0x00000000e9600000|  0%| F|  |TAMS 0x00000000e9500000, 0x00000000e9500000| Untracked 
| 150|0x00000000e9600000, 0x00000000e9600000, 0x00000000e9700000|  0%| F|  |TAMS 0x00000000e9600000, 0x00000000e9600000| Untracked 
| 151|0x00000000e9700000, 0x00000000e9700000, 0x00000000e9800000|  0%| F|  |TAMS 0x00000000e9700000, 0x00000000e9700000| Untracked 
| 152|0x00000000e9800000, 0x00000000e9800000, 0x00000000e9900000|  0%| F|  |TAMS 0x00000000e9800000, 0x00000000e9800000| Untracked 
| 153|0x00000000e9900000, 0x00000000e9900000, 0x00000000e9a00000|  0%| F|  |TAMS 0x00000000e9900000, 0x00000000e9900000| Untracked 
| 154|0x00000000e9a00000, 0x00000000e9a00000, 0x00000000e9b00000|  0%| F|  |TAMS 0x00000000e9a00000, 0x00000000e9a00000| Untracked 
| 155|0x00000000e9b00000, 0x00000000e9b00000, 0x00000000e9c00000|  0%| F|  |TAMS 0x00000000e9b00000, 0x00000000e9b00000| Untracked 
| 156|0x00000000e9c00000, 0x00000000e9c00000, 0x00000000e9d00000|  0%| F|  |TAMS 0x00000000e9c00000, 0x00000000e9c00000| Untracked 
| 157|0x00000000e9d00000, 0x00000000e9d00000, 0x00000000e9e00000|  0%| F|  |TAMS 0x00000000e9d00000, 0x00000000e9d00000| Untracked 
| 158|0x00000000e9e00000, 0x00000000e9e00000, 0x00000000e9f00000|  0%| F|  |TAMS 0x00000000e9e00000, 0x00000000e9e00000| Untracked 
| 159|0x00000000e9f00000, 0x00000000e9f00000, 0x00000000ea000000|  0%| F|  |TAMS 0x00000000e9f00000, 0x00000000e9f00000| Untracked 
| 160|0x00000000ea000000, 0x00000000ea000000, 0x00000000ea100000|  0%| F|  |TAMS 0x00000000ea000000, 0x00000000ea000000| Untracked 
| 161|0x00000000ea100000, 0x00000000ea100000, 0x00000000ea200000|  0%| F|  |TAMS 0x00000000ea100000, 0x00000000ea100000| Untracked 
| 162|0x00000000ea200000, 0x00000000ea200000, 0x00000000ea300000|  0%| F|  |TAMS 0x00000000ea200000, 0x00000000ea200000| Untracked 
| 163|0x00000000ea300000, 0x00000000ea300000, 0x00000000ea400000|  0%| F|  |TAMS 0x00000000ea300000, 0x00000000ea300000| Untracked 
| 164|0x00000000ea400000, 0x00000000ea400000, 0x00000000ea500000|  0%| F|  |TAMS 0x00000000ea400000, 0x00000000ea400000| Untracked 
| 165|0x00000000ea500000, 0x00000000ea500000, 0x00000000ea600000|  0%| F|  |TAMS 0x00000000ea500000, 0x00000000ea500000| Untracked 
| 166|0x00000000ea600000, 0x00000000ea600000, 0x00000000ea700000|  0%| F|  |TAMS 0x00000000ea600000, 0x00000000ea600000| Untracked 
| 167|0x00000000ea700000, 0x00000000ea700000, 0x00000000ea800000|  0%| F|  |TAMS 0x00000000ea700000, 0x00000000ea700000| Untracked 
| 168|0x00000000ea800000, 0x00000000ea800000, 0x00000000ea900000|  0%| F|  |TAMS 0x00000000ea800000, 0x00000000ea800000| Untracked 
| 169|0x00000000ea900000, 0x00000000ea900000, 0x00000000eaa00000|  0%| F|  |TAMS 0x00000000ea900000, 0x00000000ea900000| Untracked 
| 170|0x00000000eaa00000, 0x00000000eaa00000, 0x00000000eab00000|  0%| F|  |TAMS 0x00000000eaa00000, 0x00000000eaa00000| Untracked 
| 171|0x00000000eab00000, 0x00000000eab00000, 0x00000000eac00000|  0%| F|  |TAMS 0x00000000eab00000, 0x00000000eab00000| Untracked 
| 172|0x00000000eac00000, 0x00000000eac00000, 0x00000000ead00000|  0%| F|  |TAMS 0x00000000eac00000, 0x00000000eac00000| Untracked 
| 173|0x00000000ead00000, 0x00000000ead00000, 0x00000000eae00000|  0%| F|  |TAMS 0x00000000ead00000, 0x00000000ead00000| Untracked 
| 174|0x00000000eae00000, 0x00000000eae00000, 0x00000000eaf00000|  0%| F|  |TAMS 0x00000000eae00000, 0x00000000eae00000| Untracked 
| 175|0x00000000eaf00000, 0x00000000eaf00000, 0x00000000eb000000|  0%| F|  |TAMS 0x00000000eaf00000, 0x00000000eaf00000| Untracked 
| 176|0x00000000eb000000, 0x00000000eb000000, 0x00000000eb100000|  0%| F|  |TAMS 0x00000000eb000000, 0x00000000eb000000| Untracked 
| 177|0x00000000eb100000, 0x00000000eb100000, 0x00000000eb200000|  0%| F|  |TAMS 0x00000000eb100000, 0x00000000eb100000| Untracked 
| 178|0x00000000eb200000, 0x00000000eb200000, 0x00000000eb300000|  0%| F|  |TAMS 0x00000000eb200000, 0x00000000eb200000| Untracked 
| 179|0x00000000eb300000, 0x00000000eb300000, 0x00000000eb400000|  0%| F|  |TAMS 0x00000000eb300000, 0x00000000eb300000| Untracked 
| 180|0x00000000eb400000, 0x00000000eb400000, 0x00000000eb500000|  0%| F|  |TAMS 0x00000000eb400000, 0x00000000eb400000| Untracked 
| 181|0x00000000eb500000, 0x00000000eb500000, 0x00000000eb600000|  0%| F|  |TAMS 0x00000000eb500000, 0x00000000eb500000| Untracked 
| 182|0x00000000eb600000, 0x00000000eb600000, 0x00000000eb700000|  0%| F|  |TAMS 0x00000000eb600000, 0x00000000eb600000| Untracked 
| 183|0x00000000eb700000, 0x00000000eb700000, 0x00000000eb800000|  0%| F|  |TAMS 0x00000000eb700000, 0x00000000eb700000| Untracked 
| 184|0x00000000eb800000, 0x00000000eb800000, 0x00000000eb900000|  0%| F|  |TAMS 0x00000000eb800000, 0x00000000eb800000| Untracked 
| 185|0x00000000eb900000, 0x00000000eb900000, 0x00000000eba00000|  0%| F|  |TAMS 0x00000000eb900000, 0x00000000eb900000| Untracked 
| 186|0x00000000eba00000, 0x00000000eba00000, 0x00000000ebb00000|  0%| F|  |TAMS 0x00000000eba00000, 0x00000000eba00000| Untracked 
| 187|0x00000000ebb00000, 0x00000000ebb00000, 0x00000000ebc00000|  0%| F|  |TAMS 0x00000000ebb00000, 0x00000000ebb00000| Untracked 
| 188|0x00000000ebc00000, 0x00000000ebc00000, 0x00000000ebd00000|  0%| F|  |TAMS 0x00000000ebc00000, 0x00000000ebc00000| Untracked 
| 189|0x00000000ebd00000, 0x00000000ebd00000, 0x00000000ebe00000|  0%| F|  |TAMS 0x00000000ebd00000, 0x00000000ebd00000| Untracked 
| 190|0x00000000ebe00000, 0x00000000ebe00000, 0x00000000ebf00000|  0%| F|  |TAMS 0x00000000ebe00000, 0x00000000ebe00000| Untracked 
| 191|0x00000000ebf00000, 0x00000000ebf00000, 0x00000000ec000000|  0%| F|  |TAMS 0x00000000ebf00000, 0x00000000ebf00000| Untracked 
| 192|0x00000000ec000000, 0x00000000ec000000, 0x00000000ec100000|  0%| F|  |TAMS 0x00000000ec000000, 0x00000000ec000000| Untracked 
| 193|0x00000000ec100000, 0x00000000ec100000, 0x00000000ec200000|  0%| F|  |TAMS 0x00000000ec100000, 0x00000000ec100000| Untracked 
| 194|0x00000000ec200000, 0x00000000ec200000, 0x00000000ec300000|  0%| F|  |TAMS 0x00000000ec200000, 0x00000000ec200000| Untracked 
| 195|0x00000000ec300000, 0x00000000ec300000, 0x00000000ec400000|  0%| F|  |TAMS 0x00000000ec300000, 0x00000000ec300000| Untracked 
| 196|0x00000000ec400000, 0x00000000ec400000, 0x00000000ec500000|  0%| F|  |TAMS 0x00000000ec400000, 0x00000000ec400000| Untracked 
| 197|0x00000000ec500000, 0x00000000ec500000, 0x00000000ec600000|  0%| F|  |TAMS 0x00000000ec500000, 0x00000000ec500000| Untracked 
| 198|0x00000000ec600000, 0x00000000ec600000, 0x00000000ec700000|  0%| F|  |TAMS 0x00000000ec600000, 0x00000000ec600000| Untracked 
| 199|0x00000000ec700000, 0x00000000ec700000, 0x00000000ec800000|  0%| F|  |TAMS 0x00000000ec700000, 0x00000000ec700000| Untracked 
| 200|0x00000000ec800000, 0x00000000ec800000, 0x00000000ec900000|  0%| F|  |TAMS 0x00000000ec800000, 0x00000000ec800000| Untracked 
| 201|0x00000000ec900000, 0x00000000ec944cd0, 0x00000000eca00000| 26%| S|CS|TAMS 0x00000000ec900000, 0x00000000ec900000| Complete 
| 202|0x00000000eca00000, 0x00000000ecb00000, 0x00000000ecb00000|100%| S|CS|TAMS 0x00000000eca00000, 0x00000000eca00000| Complete 
| 203|0x00000000ecb00000, 0x00000000ecc00000, 0x00000000ecc00000|100%| S|CS|TAMS 0x00000000ecb00000, 0x00000000ecb00000| Complete 
| 204|0x00000000ecc00000, 0x00000000ecd00000, 0x00000000ecd00000|100%| S|CS|TAMS 0x00000000ecc00000, 0x00000000ecc00000| Complete 
| 205|0x00000000ecd00000, 0x00000000ece00000, 0x00000000ece00000|100%| S|CS|TAMS 0x00000000ecd00000, 0x00000000ecd00000| Complete 
| 206|0x00000000ece00000, 0x00000000ece00000, 0x00000000ecf00000|  0%| F|  |TAMS 0x00000000ece00000, 0x00000000ece00000| Untracked 
| 207|0x00000000ecf00000, 0x00000000ecf00000, 0x00000000ed000000|  0%| F|  |TAMS 0x00000000ecf00000, 0x00000000ecf00000| Untracked 
| 208|0x00000000ed000000, 0x00000000ed000000, 0x00000000ed100000|  0%| F|  |TAMS 0x00000000ed000000, 0x00000000ed000000| Untracked 
| 209|0x00000000ed100000, 0x00000000ed100000, 0x00000000ed200000|  0%| F|  |TAMS 0x00000000ed100000, 0x00000000ed100000| Untracked 
| 210|0x00000000ed200000, 0x00000000ed200000, 0x00000000ed300000|  0%| F|  |TAMS 0x00000000ed200000, 0x00000000ed200000| Untracked 
| 211|0x00000000ed300000, 0x00000000ed300000, 0x00000000ed400000|  0%| F|  |TAMS 0x00000000ed300000, 0x00000000ed300000| Untracked 
| 212|0x00000000ed400000, 0x00000000ed400000, 0x00000000ed500000|  0%| F|  |TAMS 0x00000000ed400000, 0x00000000ed400000| Untracked 
| 213|0x00000000ed500000, 0x00000000ed500000, 0x00000000ed600000|  0%| F|  |TAMS 0x00000000ed500000, 0x00000000ed500000| Untracked 
| 214|0x00000000ed600000, 0x00000000ed600000, 0x00000000ed700000|  0%| F|  |TAMS 0x00000000ed600000, 0x00000000ed600000| Untracked 
| 215|0x00000000ed700000, 0x00000000ed700000, 0x00000000ed800000|  0%| F|  |TAMS 0x00000000ed700000, 0x00000000ed700000| Untracked 
| 216|0x00000000ed800000, 0x00000000ed800000, 0x00000000ed900000|  0%| F|  |TAMS 0x00000000ed800000, 0x00000000ed800000| Untracked 
| 217|0x00000000ed900000, 0x00000000ed900000, 0x00000000eda00000|  0%| F|  |TAMS 0x00000000ed900000, 0x00000000ed900000| Untracked 
| 218|0x00000000eda00000, 0x00000000eda00000, 0x00000000edb00000|  0%| F|  |TAMS 0x00000000eda00000, 0x00000000eda00000| Untracked 
| 219|0x00000000edb00000, 0x00000000edb00000, 0x00000000edc00000|  0%| F|  |TAMS 0x00000000edb00000, 0x00000000edb00000| Untracked 
| 220|0x00000000edc00000, 0x00000000edc00000, 0x00000000edd00000|  0%| F|  |TAMS 0x00000000edc00000, 0x00000000edc00000| Untracked 
| 221|0x00000000edd00000, 0x00000000edd00000, 0x00000000ede00000|  0%| F|  |TAMS 0x00000000edd00000, 0x00000000edd00000| Untracked 
| 222|0x00000000ede00000, 0x00000000ede00000, 0x00000000edf00000|  0%| F|  |TAMS 0x00000000ede00000, 0x00000000ede00000| Untracked 
| 223|0x00000000edf00000, 0x00000000edf00000, 0x00000000ee000000|  0%| F|  |TAMS 0x00000000edf00000, 0x00000000edf00000| Untracked 
| 224|0x00000000ee000000, 0x00000000ee0763d8, 0x00000000ee100000| 46%| E|  |TAMS 0x00000000ee000000, 0x00000000ee000000| Complete 
| 225|0x00000000ee100000, 0x00000000ee200000, 0x00000000ee200000|100%| E|CS|TAMS 0x00000000ee100000, 0x00000000ee100000| Complete 
| 226|0x00000000ee200000, 0x00000000ee300000, 0x00000000ee300000|100%| E|CS|TAMS 0x00000000ee200000, 0x00000000ee200000| Complete 
| 227|0x00000000ee300000, 0x00000000ee400000, 0x00000000ee400000|100%| E|  |TAMS 0x00000000ee300000, 0x00000000ee300000| Complete 
| 228|0x00000000ee400000, 0x00000000ee500000, 0x00000000ee500000|100%| E|CS|TAMS 0x00000000ee400000, 0x00000000ee400000| Complete 
| 229|0x00000000ee500000, 0x00000000ee600000, 0x00000000ee600000|100%| E|CS|TAMS 0x00000000ee500000, 0x00000000ee500000| Complete 
| 230|0x00000000ee600000, 0x00000000ee700000, 0x00000000ee700000|100%| E|CS|TAMS 0x00000000ee600000, 0x00000000ee600000| Complete 
| 231|0x00000000ee700000, 0x00000000ee800000, 0x00000000ee800000|100%| E|CS|TAMS 0x00000000ee700000, 0x00000000ee700000| Complete 
| 232|0x00000000ee800000, 0x00000000ee900000, 0x00000000ee900000|100%| E|CS|TAMS 0x00000000ee800000, 0x00000000ee800000| Complete 
| 233|0x00000000ee900000, 0x00000000eea00000, 0x00000000eea00000|100%| E|CS|TAMS 0x00000000ee900000, 0x00000000ee900000| Complete 
| 234|0x00000000eea00000, 0x00000000eeb00000, 0x00000000eeb00000|100%| E|CS|TAMS 0x00000000eea00000, 0x00000000eea00000| Complete 
| 235|0x00000000eeb00000, 0x00000000eec00000, 0x00000000eec00000|100%| E|CS|TAMS 0x00000000eeb00000, 0x00000000eeb00000| Complete 
| 236|0x00000000eec00000, 0x00000000eed00000, 0x00000000eed00000|100%| E|CS|TAMS 0x00000000eec00000, 0x00000000eec00000| Complete 
| 237|0x00000000eed00000, 0x00000000eee00000, 0x00000000eee00000|100%| E|CS|TAMS 0x00000000eed00000, 0x00000000eed00000| Complete 
| 238|0x00000000eee00000, 0x00000000eef00000, 0x00000000eef00000|100%| E|CS|TAMS 0x00000000eee00000, 0x00000000eee00000| Complete 
| 239|0x00000000eef00000, 0x00000000ef000000, 0x00000000ef000000|100%| E|CS|TAMS 0x00000000eef00000, 0x00000000eef00000| Complete 
| 240|0x00000000ef000000, 0x00000000ef100000, 0x00000000ef100000|100%| E|CS|TAMS 0x00000000ef000000, 0x00000000ef000000| Complete 
| 241|0x00000000ef100000, 0x00000000ef200000, 0x00000000ef200000|100%| E|CS|TAMS 0x00000000ef100000, 0x00000000ef100000| Complete 
| 242|0x00000000ef200000, 0x00000000ef300000, 0x00000000ef300000|100%| E|CS|TAMS 0x00000000ef200000, 0x00000000ef200000| Complete 
| 243|0x00000000ef300000, 0x00000000ef400000, 0x00000000ef400000|100%| E|CS|TAMS 0x00000000ef300000, 0x00000000ef300000| Complete 
| 244|0x00000000ef400000, 0x00000000ef500000, 0x00000000ef500000|100%| E|CS|TAMS 0x00000000ef400000, 0x00000000ef400000| Complete 
| 245|0x00000000ef500000, 0x00000000ef600000, 0x00000000ef600000|100%| E|CS|TAMS 0x00000000ef500000, 0x00000000ef500000| Complete 
| 246|0x00000000ef600000, 0x00000000ef700000, 0x00000000ef700000|100%| E|CS|TAMS 0x00000000ef600000, 0x00000000ef600000| Complete 
| 247|0x00000000ef700000, 0x00000000ef800000, 0x00000000ef800000|100%| E|CS|TAMS 0x00000000ef700000, 0x00000000ef700000| Complete 
| 248|0x00000000ef800000, 0x00000000ef900000, 0x00000000ef900000|100%| E|CS|TAMS 0x00000000ef800000, 0x00000000ef800000| Complete 
| 249|0x00000000ef900000, 0x00000000efa00000, 0x00000000efa00000|100%| E|CS|TAMS 0x00000000ef900000, 0x00000000ef900000| Complete 
| 250|0x00000000efa00000, 0x00000000efb00000, 0x00000000efb00000|100%| E|CS|TAMS 0x00000000efa00000, 0x00000000efa00000| Complete 
| 251|0x00000000efb00000, 0x00000000efc00000, 0x00000000efc00000|100%| E|CS|TAMS 0x00000000efb00000, 0x00000000efb00000| Complete 
| 252|0x00000000efc00000, 0x00000000efd00000, 0x00000000efd00000|100%| E|CS|TAMS 0x00000000efc00000, 0x00000000efc00000| Complete 
| 253|0x00000000efd00000, 0x00000000efe00000, 0x00000000efe00000|100%| E|CS|TAMS 0x00000000efd00000, 0x00000000efd00000| Complete 

Card table byte_map: [0x000001ed620f0000,0x000001ed621f0000] _byte_map_base: 0x000001ed619f0000

Marking Bits (Prev, Next): (CMBitMap*) 0x000001ed48a3de10, (CMBitMap*) 0x000001ed48a3ddd8
 Prev Bits: [0x000001ed62af0000, 0x000001ed632f0000)
 Next Bits: [0x000001ed622f0000, 0x000001ed62af0000)

Polling page: 0x000001ed487d0000

Metaspace:

Usage:
  Non-class:     23.65 MB capacity,    23.02 MB ( 97%) used,   531.08 KB (  2%) free+waste,   122.25 KB ( <1%) overhead. 
      Class:      4.12 MB capacity,     3.60 MB ( 87%) used,   476.05 KB ( 11%) free+waste,    64.56 KB (  2%) overhead. 
       Both:     27.78 MB capacity,    26.61 MB ( 96%) used,  1007.13 KB (  4%) free+waste,   186.81 KB ( <1%) overhead. 

Virtual space:
  Non-class space:       24.00 MB reserved,      23.75 MB ( 99%) committed 
      Class space:        1.00 GB reserved,       4.13 MB ( <1%) committed 
             Both:        1.02 GB reserved,      27.88 MB (  3%) committed 

Chunk freelists:
   Non-Class:  4.25 KB
       Class:  256 bytes
        Both:  4.50 KB

CodeHeap 'non-profiled nmethods': size=120000Kb used=1258Kb max_used=1258Kb free=118742Kb
 bounds [0x000001ed5a050000, 0x000001ed5a2c0000, 0x000001ed61580000]
CodeHeap 'profiled nmethods': size=120000Kb used=4288Kb max_used=4288Kb free=115711Kb
 bounds [0x000001ed52b20000, 0x000001ed52f60000, 0x000001ed5a050000]
CodeHeap 'non-nmethods': size=5760Kb used=1316Kb max_used=1406Kb free=4443Kb
 bounds [0x000001ed52580000, 0x000001ed527f0000, 0x000001ed52b20000]
 total_blobs=3434 nmethods=2160 adapters=648
 compilation: enabled
              stopped_count=0, restarted_count=0
 full_count=0

Compilation events (10 events):
Event: 3.955 Thread 0x000001ed665f3000 2169       3       jdk.internal.misc.Unsafe::putInt (8 bytes)
Event: 3.955 Thread 0x000001ed665f3000 nmethod 2169 0x000001ed52f4e910 code [0x000001ed52f4eac0, 0x000001ed52f4ec38]
Event: 3.955 Thread 0x000001ed665f3000 2170       3       sun.misc.Unsafe::putInt (9 bytes)
Event: 3.955 Thread 0x000001ed665f3000 nmethod 2170 0x000001ed52f4ed10 code [0x000001ed52f4eec0, 0x000001ed52f4f098]
Event: 3.955 Thread 0x000001ed665f3000 2171       3       java.lang.Double::isNaN (12 bytes)
Event: 3.956 Thread 0x000001ed665f3000 nmethod 2171 0x000001ed52f4f190 code [0x000001ed52f4f340, 0x000001ed52f4f4f8]
Event: 3.957 Thread 0x000001ed665f3000 2172       3       com.sun.pisces.GradientColorMap::pad (96 bytes)
Event: 3.957 Thread 0x000001ed665f3000 nmethod 2172 0x000001ed52f4f590 code [0x000001ed52f4f780, 0x000001ed52f4fc00]
Event: 3.957 Thread 0x000001ed665f3000 2173       3       com.sun.pisces.GradientColorMap::findStop (33 bytes)
Event: 3.957 Thread 0x000001ed665f3000 nmethod 2173 0x000001ed52f4fd10 code [0x000001ed52f4fee0, 0x000001ed52f50158]

GC Heap History (4 events):
Event: 0.910 GC heap before
{Heap before GC invocations=0 (full 0):
 garbage-first heap   total 260096K, used 23552K [0x00000000e0000000, 0x0000000100000000)
  region size 1024K, 24 young (24576K), 0 survivors (0K)
 Metaspace       used 13604K, capacity 13884K, committed 13952K, reserved 1060864K
  class space    used 1464K, capacity 1603K, committed 1664K, reserved 1048576K
}
Event: 0.915 GC heap after
{Heap after GC invocations=1 (full 0):
 garbage-first heap   total 260096K, used 5048K [0x00000000e0000000, 0x0000000100000000)
  region size 1024K, 3 young (3072K), 3 survivors (3072K)
 Metaspace       used 13604K, capacity 13884K, committed 13952K, reserved 1060864K
  class space    used 1464K, capacity 1603K, committed 1664K, reserved 1048576K
}
Event: 3.225 GC heap before
{Heap before GC invocations=1 (full 0):
 garbage-first heap   total 260096K, used 54200K [0x00000000e0000000, 0x0000000100000000)
  region size 1024K, 48 young (49152K), 3 survivors (3072K)
 Metaspace       used 20352K, capacity 21172K, committed 21248K, reserved 1067008K
  class space    used 2465K, capacity 2813K, committed 2816K, reserved 1048576K
}
Event: 3.232 GC heap after
{Heap after GC invocations=2 (full 0):
 garbage-first heap   total 260096K, used 10443K [0x00000000e0000000, 0x0000000100000000)
  region size 1024K, 5 young (5120K), 5 survivors (5120K)
 Metaspace       used 20352K, capacity 21172K, committed 21248K, reserved 1067008K
  class space    used 2465K, capacity 2813K, committed 2816K, reserved 1048576K
}

Deoptimization events (10 events):
Event: 3.464 Thread 0x000001ed67a7f800 Uncommon trap: reason=unstable_if action=reinterpret pc=0x000001ed5a123fdc method=java.io.ByteArrayInputStream.read()I @ 8 c2
Event: 3.592 Thread 0x000001ed67a7f800 Uncommon trap: reason=unstable_if action=reinterpret pc=0x000001ed5a125400 method=java.util.HashMap.hash(Ljava/lang/Object;)I @ 1 c2
Event: 3.717 Thread 0x000001ed67a7f800 Uncommon trap: reason=class_check action=maybe_recompile pc=0x000001ed5a07d1e4 method=java.lang.String.equals(Ljava/lang/Object;)Z @ 8 c2
Event: 3.717 Thread 0x000001ed67a7f800 Uncommon trap: reason=class_check action=maybe_recompile pc=0x000001ed5a07d1e4 method=java.lang.String.equals(Ljava/lang/Object;)Z @ 8 c2
Event: 3.717 Thread 0x000001ed67a7f800 Uncommon trap: reason=class_check action=maybe_recompile pc=0x000001ed5a07d1e4 method=java.lang.String.equals(Ljava/lang/Object;)Z @ 8 c2
Event: 3.718 Thread 0x000001ed67a7f800 Uncommon trap: reason=class_check action=maybe_recompile pc=0x000001ed5a07d1e4 method=java.lang.String.equals(Ljava/lang/Object;)Z @ 8 c2
Event: 3.725 Thread 0x000001ed67a7f800 Uncommon trap: reason=unstable_if action=reinterpret pc=0x000001ed5a10dbd8 method=java.net.URL.<init>(Ljava/net/URL;Ljava/lang/String;Ljava/net/URLStreamHandler;)V @ 347 c2
Event: 3.757 Thread 0x000001ed67a7f800 Uncommon trap: reason=unstable_if action=reinterpret pc=0x000001ed5a114fb4 method=java.lang.ClassLoader.checkName(Ljava/lang/String;)Z @ 20 c2
Event: 3.864 Thread 0x000001ed67a7f800 Uncommon trap: reason=unstable_if action=reinterpret pc=0x000001ed5a0dae24 method=jdk.internal.org.objectweb.asm.Type.getArgumentsAndReturnSizes(Ljava/lang/String;)I @ 47 c2
Event: 3.865 Thread 0x000001ed67a7f800 Uncommon trap: reason=unstable_if action=reinterpret pc=0x000001ed5a0f9614 method=jdk.internal.org.objectweb.asm.Frame.push(Ljdk/internal/org/objectweb/asm/ClassWriter;Ljava/lang/String;)V @ 18 c2

Classes redefined (0 events):
No events

Internal exceptions (10 events):
Event: 3.441 Thread 0x000001ed67a7f800 Exception <a 'java/lang/NoSuchMethodError'{0x00000000ef3dacc0}: java.lang.invoke.DelegatingMethodHandle$Holder.reinvoke_L(Ljava/lang/Object;Ljava/lang/Object;IIIIIILjava/lang/Object;Ljava/lang/Object;)Ljava/lang/Object;> (0x00000000ef3dacc0) thrown at [t:
Event: 3.445 Thread 0x000001ed67a7f800 Exception <a 'java/lang/NoSuchMethodError'{0x00000000ef2379e8}: java.lang.invoke.DirectMethodHandle$Holder.invokeSpecial(Ljava/lang/Object;Ljava/lang/Object;IIIIIIILjava/lang/Object;Ljava/lang/Object;)Ljava/lang/Object;> (0x00000000ef2379e8) thrown at [t:
Event: 3.445 Thread 0x000001ed67a7f800 Exception <a 'java/lang/NoSuchMethodError'{0x00000000ef23b168}: java.lang.invoke.DelegatingMethodHandle$Holder.reinvoke_L(Ljava/lang/Object;IIIIIIILjava/lang/Object;Ljava/lang/Object;)Ljava/lang/Object;> (0x00000000ef23b168) thrown at [t:/workspace/open/s
Event: 3.445 Thread 0x000001ed67a7f800 Exception <a 'java/lang/NoSuchMethodError'{0x00000000ef242ae0}: java.lang.invoke.DirectMethodHandle$Holder.invokeStatic(Ljava/lang/Object;Ljava/lang/Object;Ljava/lang/Object;Ljava/lang/Object;Ljava/lang/Object;I)Ljava/lang/Object;> (0x00000000ef242ae0) th
Event: 3.592 Thread 0x000001ed67a7f800 Implicit null exception at 0x000001ed5a125215 to 0x000001ed5a1253ee
Event: 3.839 Thread 0x000001ed67a7f800 Exception <a 'java/lang/IncompatibleClassChangeError'{0x00000000ee5efb80}: Found class java.lang.Object, but interface was expected> (0x00000000ee5efb80) thrown at [t:/workspace/open/src/hotspot/share/interpreter/linkResolver.cpp, line 838]
Event: 3.863 Thread 0x000001ed66e47000 Exception <a 'java/lang/NoSuchMethodError'{0x00000000ee4cc9f0}: java.lang.invoke.DirectMethodHandle$Holder.invokeVirtual(Ljava/lang/Object;Ljava/lang/Object;)V> (0x00000000ee4cc9f0) thrown at [t:/workspace/open/src/hotspot/share/interpreter/linkResolver.c
Event: 3.865 Thread 0x000001ed67a7f800 Exception <a 'java/lang/NoSuchMethodError'{0x00000000ee4ba950}: java.lang.invoke.DirectMethodHandle$Holder.invokeStaticInit(Ljava/lang/Object;Ljava/lang/Object;Ljava/lang/Object;)J> (0x00000000ee4ba950) thrown at [t:/workspace/open/src/hotspot/share/inter
Event: 3.868 Thread 0x000001ed67a7f800 Exception <a 'java/lang/NoSuchMethodError'{0x00000000ee3399b8}: java.lang.invoke.DirectMethodHandle$Holder.invokeStatic(Ljava/lang/Object;Ljava/lang/Object;J)Ljava/lang/Object;> (0x00000000ee3399b8) thrown at [t:/workspace/open/src/hotspot/share/interpret
Event: 3.868 Thread 0x000001ed67a7f800 Exception <a 'java/lang/NoSuchMethodError'{0x00000000ee33fb30}: java.lang.invoke.Invokers$Holder.linkToTargetMethod(Ljava/lang/Object;JLjava/lang/Object;)Ljava/lang/Object;> (0x00000000ee33fb30) thrown at [t:/workspace/open/src/hotspot/share/interpreter/l

Events (10 events):
Event: 3.958 loading class com/sun/scenario/effect/impl/prism/PrEffectHelper
Event: 3.958 loading class com/sun/scenario/effect/impl/prism/PrEffectHelper done
Event: 3.958 loading class com/sun/prism/PrinterGraphics
Event: 3.958 loading class com/sun/prism/PrinterGraphics done
Event: 3.959 Executing VM operation: RevokeBias
Event: 3.959 Executing VM operation: RevokeBias done
Event: 3.960 loading class com/sun/javafx/font/directwrite/IDWriteGlyphRunAnalysis
Event: 3.960 loading class com/sun/javafx/font/directwrite/IDWriteGlyphRunAnalysis done
Event: 3.964 loading class com/sun/javafx/font/directwrite/IWICImagingFactory
Event: 3.964 loading class com/sun/javafx/font/directwrite/IWICImagingFactory done


Dynamic libraries:
0x00007ff666b50000 - 0x00007ff666b97000 	C:\Program Files\Java\jdk-11.0.4\bin\java.exe
0x00007ffe50630000 - 0x00007ffe5081d000 	C:\Windows\SYSTEM32\ntdll.dll
0x00007ffe50100000 - 0x00007ffe501b3000 	C:\Windows\System32\KERNEL32.DLL
0x00007ffe4c860000 - 0x00007ffe4caf3000 	C:\Windows\System32\KERNELBASE.dll
0x00007ffe50550000 - 0x00007ffe505f3000 	C:\Windows\System32\ADVAPI32.dll
0x00007ffe4faf0000 - 0x00007ffe4fb8e000 	C:\Windows\System32\msvcrt.dll
0x00007ffe4dd40000 - 0x00007ffe4ddde000 	C:\Windows\System32\sechost.dll
0x00007ffe4fc20000 - 0x00007ffe4fd42000 	C:\Windows\System32\RPCRT4.dll
0x00007ffe4fdb0000 - 0x00007ffe4ff47000 	C:\Windows\System32\USER32.dll
0x00007ffe4cb00000 - 0x00007ffe4cb20000 	C:\Windows\System32\win32u.dll
0x00007ffe4fa50000 - 0x00007ffe4fa79000 	C:\Windows\System32\GDI32.dll
0x00007ffe4d3a0000 - 0x00007ffe4d539000 	C:\Windows\System32\gdi32full.dll
0x00007ffe4c7a0000 - 0x00007ffe4c840000 	C:\Windows\System32\msvcp_win.dll
0x00007ffe4d540000 - 0x00007ffe4d63a000 	C:\Windows\System32\ucrtbase.dll
0x00007ffe3f5b0000 - 0x00007ffe3f829000 	C:\Windows\WinSxS\amd64_microsoft.windows.common-controls_6595b64144ccf1df_6.0.17763.737_none_05b6437c071e554b\COMCTL32.dll
0x00007ffe42550000 - 0x00007ffe4255a000 	C:\Windows\SYSTEM32\VERSION.dll
0x00007ffe50220000 - 0x00007ffe5054c000 	C:\Windows\System32\combase.dll
0x00007ffe4d320000 - 0x00007ffe4d39e000 	C:\Windows\System32\bcryptPrimitives.dll
0x00007ffe4fbf0000 - 0x00007ffe4fc1e000 	C:\Windows\System32\IMM32.DLL
0x00007ffe40de0000 - 0x00007ffe40df6000 	C:\Program Files\Java\jdk-11.0.4\bin\vcruntime140.dll
0x00007ffdfb8b0000 - 0x00007ffdfb95a000 	C:\Program Files\Java\jdk-11.0.4\bin\msvcp140.dll
0x00007ffdebc80000 - 0x00007ffdec7a7000 	C:\Program Files\Java\jdk-11.0.4\bin\server\jvm.dll
0x00007ffe50070000 - 0x00007ffe50078000 	C:\Windows\System32\PSAPI.DLL
0x00007ffe300e0000 - 0x00007ffe300e9000 	C:\Windows\SYSTEM32\WSOCK32.dll
0x00007ffe3fc60000 - 0x00007ffe3fc84000 	C:\Windows\SYSTEM32\WINMM.dll
0x00007ffe50000000 - 0x00007ffe5006d000 	C:\Windows\System32\WS2_32.dll
0x00007ffe3fcb0000 - 0x00007ffe3fcdd000 	C:\Windows\SYSTEM32\WINMMBASE.dll
0x00007ffe4c750000 - 0x00007ffe4c79a000 	C:\Windows\System32\cfgmgr32.dll
0x00007ffe4c620000 - 0x00007ffe4c631000 	C:\Windows\System32\kernel.appcore.dll
0x00007ffe40600000 - 0x00007ffe40611000 	C:\Program Files\Java\jdk-11.0.4\bin\verify.dll
0x00007ffe47f70000 - 0x00007ffe4815d000 	C:\Windows\SYSTEM32\DBGHELP.DLL
0x00007ffe3a060000 - 0x00007ffe3a08a000 	C:\Windows\SYSTEM32\dbgcore.DLL
0x00007ffe35e10000 - 0x00007ffe35e39000 	C:\Program Files\Java\jdk-11.0.4\bin\java.dll
0x00007ffe3a6d0000 - 0x00007ffe3a6e6000 	C:\Program Files\Java\jdk-11.0.4\bin\zip.dll
0x00007ffe40e60000 - 0x00007ffe40e6a000 	C:\Program Files\Java\jdk-11.0.4\bin\jimage.dll
0x00007ffe4dff0000 - 0x00007ffe4f4e2000 	C:\Windows\System32\SHELL32.dll
0x00007ffe4ff50000 - 0x00007ffe4fff8000 	C:\Windows\System32\shcore.dll
0x00007ffe4cbd0000 - 0x00007ffe4d31a000 	C:\Windows\System32\windows.storage.dll
0x00007ffe4c6a0000 - 0x00007ffe4c6c4000 	C:\Windows\System32\profapi.dll
0x00007ffe4c640000 - 0x00007ffe4c69d000 	C:\Windows\System32\powrprof.dll
0x00007ffe501c0000 - 0x00007ffe50212000 	C:\Windows\System32\shlwapi.dll
0x00007ffe4c840000 - 0x00007ffe4c857000 	C:\Windows\System32\cryptsp.dll
0x00007ffe1e340000 - 0x00007ffe1e359000 	C:\Program Files\Java\jdk-11.0.4\bin\net.dll
0x00007ffe44700000 - 0x00007ffe447f2000 	C:\Windows\SYSTEM32\WINHTTP.dll
0x00007ffe37bb0000 - 0x00007ffe37d87000 	C:\Windows\SYSTEM32\urlmon.dll
0x00007ffe37900000 - 0x00007ffe37ba8000 	C:\Windows\SYSTEM32\iertutil.dll
0x00007ffe4c060000 - 0x00007ffe4c06c000 	C:\Windows\SYSTEM32\CRYPTBASE.DLL
0x00007ffe4be90000 - 0x00007ffe4bef7000 	C:\Windows\system32\mswsock.dll
0x00007ffe15aa0000 - 0x00007ffe15ab3000 	C:\Program Files\Java\jdk-11.0.4\bin\nio.dll
0x00007ffe4ba10000 - 0x00007ffe4ba43000 	C:\Windows\system32\rsaenh.dll
0x00007ffe4d640000 - 0x00007ffe4d666000 	C:\Windows\System32\bcrypt.dll
0x00007ffe4c520000 - 0x00007ffe4c548000 	C:\Windows\SYSTEM32\USERENV.dll
0x00007ffe4bbb0000 - 0x00007ffe4bbed000 	C:\Windows\SYSTEM32\IPHLPAPI.DLL
0x00007ffe4fa40000 - 0x00007ffe4fa48000 	C:\Windows\System32\NSI.dll
0x00007ffe40b00000 - 0x00007ffe40b16000 	C:\Windows\SYSTEM32\dhcpcsvc6.DLL
0x00007ffe41ad0000 - 0x00007ffe41aec000 	C:\Windows\SYSTEM32\dhcpcsvc.DLL
0x00007ffe4bc00000 - 0x00007ffe4bcc6000 	C:\Windows\SYSTEM32\DNSAPI.dll
0x000001ed48b50000 - 0x000001ed48b53000 	C:\Program Files\Java\jdk-11.0.4\bin\api-ms-win-core-console-l1-1-0.dll
0x000001ed6af40000 - 0x000001ed6af43000 	C:\Program Files\Java\jdk-11.0.4\bin\api-ms-win-core-datetime-l1-1-0.dll
0x000001ed6af50000 - 0x000001ed6af53000 	C:\Program Files\Java\jdk-11.0.4\bin\api-ms-win-core-debug-l1-1-0.dll
0x000001ed6af60000 - 0x000001ed6af63000 	C:\Program Files\Java\jdk-11.0.4\bin\api-ms-win-core-errorhandling-l1-1-0.dll
0x000001ed6af70000 - 0x000001ed6af74000 	C:\Program Files\Java\jdk-11.0.4\bin\api-ms-win-core-file-l1-1-0.dll
0x000001ed6af80000 - 0x000001ed6af83000 	C:\Program Files\Java\jdk-11.0.4\bin\api-ms-win-core-file-l1-2-0.dll
0x000001ed6af90000 - 0x000001ed6af93000 	C:\Program Files\Java\jdk-11.0.4\bin\api-ms-win-core-file-l2-1-0.dll
0x000001ed6c0a0000 - 0x000001ed6c0a3000 	C:\Program Files\Java\jdk-11.0.4\bin\api-ms-win-core-handle-l1-1-0.dll
0x000001ed6c0b0000 - 0x000001ed6c0b3000 	C:\Program Files\Java\jdk-11.0.4\bin\api-ms-win-core-heap-l1-1-0.dll
0x000001ed6c0c0000 - 0x000001ed6c0c3000 	C:\Program Files\Java\jdk-11.0.4\bin\api-ms-win-core-interlocked-l1-1-0.dll
0x000001ed6c0d0000 - 0x000001ed6c0d3000 	C:\Program Files\Java\jdk-11.0.4\bin\api-ms-win-core-libraryloader-l1-1-0.dll
0x000001ed6c0e0000 - 0x000001ed6c0e3000 	C:\Program Files\Java\jdk-11.0.4\bin\api-ms-win-core-localization-l1-2-0.dll
0x000001ed6c0f0000 - 0x000001ed6c0f3000 	C:\Program Files\Java\jdk-11.0.4\bin\api-ms-win-core-memory-l1-1-0.dll
0x000001ed6c100000 - 0x000001ed6c103000 	C:\Program Files\Java\jdk-11.0.4\bin\api-ms-win-core-namedpipe-l1-1-0.dll
0x000001ed6c110000 - 0x000001ed6c113000 	C:\Program Files\Java\jdk-11.0.4\bin\api-ms-win-core-processenvironment-l1-1-0.dll
0x000001ed6c120000 - 0x000001ed6c123000 	C:\Program Files\Java\jdk-11.0.4\bin\api-ms-win-core-processthreads-l1-1-0.dll
0x000001ed6c130000 - 0x000001ed6c133000 	C:\Program Files\Java\jdk-11.0.4\bin\api-ms-win-core-processthreads-l1-1-1.dll
0x000001ed6c140000 - 0x000001ed6c143000 	C:\Program Files\Java\jdk-11.0.4\bin\api-ms-win-core-profile-l1-1-0.dll
0x000001ed6c150000 - 0x000001ed6c153000 	C:\Program Files\Java\jdk-11.0.4\bin\api-ms-win-core-rtlsupport-l1-1-0.dll
0x000001ed6c160000 - 0x000001ed6c163000 	C:\Program Files\Java\jdk-11.0.4\bin\api-ms-win-core-string-l1-1-0.dll
0x000001ed6c170000 - 0x000001ed6c173000 	C:\Program Files\Java\jdk-11.0.4\bin\api-ms-win-core-synch-l1-1-0.dll
0x000001ed6c180000 - 0x000001ed6c183000 	C:\Program Files\Java\jdk-11.0.4\bin\api-ms-win-core-synch-l1-2-0.dll
0x000001ed6c3d0000 - 0x000001ed6c3d3000 	C:\Program Files\Java\jdk-11.0.4\bin\api-ms-win-core-sysinfo-l1-1-0.dll
0x000001ed6c630000 - 0x000001ed6c633000 	C:\Program Files\Java\jdk-11.0.4\bin\api-ms-win-core-timezone-l1-1-0.dll
0x000001ed6ae20000 - 0x000001ed6ae23000 	C:\Program Files\Java\jdk-11.0.4\bin\api-ms-win-core-util-l1-1-0.dll
0x000001ed6ae30000 - 0x000001ed6ae33000 	C:\Program Files\Java\jdk-11.0.4\bin\api-ms-win-crt-conio-l1-1-0.dll
0x000001ed6ae40000 - 0x000001ed6ae44000 	C:\Program Files\Java\jdk-11.0.4\bin\api-ms-win-crt-convert-l1-1-0.dll
0x000001ed6ae50000 - 0x000001ed6ae53000 	C:\Program Files\Java\jdk-11.0.4\bin\api-ms-win-crt-environment-l1-1-0.dll
0x000001ed6ae60000 - 0x000001ed6ae63000 	C:\Program Files\Java\jdk-11.0.4\bin\api-ms-win-crt-filesystem-l1-1-0.dll
0x000001ed6ae70000 - 0x000001ed6ae73000 	C:\Program Files\Java\jdk-11.0.4\bin\api-ms-win-crt-heap-l1-1-0.dll
0x000001ed6ae80000 - 0x000001ed6ae83000 	C:\Program Files\Java\jdk-11.0.4\bin\api-ms-win-crt-locale-l1-1-0.dll
0x000001ed6ae90000 - 0x000001ed6ae95000 	C:\Program Files\Java\jdk-11.0.4\bin\api-ms-win-crt-math-l1-1-0.dll
0x000001ed6aea0000 - 0x000001ed6aea5000 	C:\Program Files\Java\jdk-11.0.4\bin\api-ms-win-crt-multibyte-l1-1-0.dll
0x000001ed6aeb0000 - 0x000001ed6aec0000 	C:\Program Files\Java\jdk-11.0.4\bin\api-ms-win-crt-private-l1-1-0.dll
0x000001ed6aec0000 - 0x000001ed6aec3000 	C:\Program Files\Java\jdk-11.0.4\bin\api-ms-win-crt-process-l1-1-0.dll
0x000001ed6aed0000 - 0x000001ed6aed4000 	C:\Program Files\Java\jdk-11.0.4\bin\api-ms-win-crt-runtime-l1-1-0.dll
0x000001ed6aee0000 - 0x000001ed6aee4000 	C:\Program Files\Java\jdk-11.0.4\bin\api-ms-win-crt-stdio-l1-1-0.dll
0x000001ed6aef0000 - 0x000001ed6aef4000 	C:\Program Files\Java\jdk-11.0.4\bin\api-ms-win-crt-string-l1-1-0.dll
0x000001ed6af00000 - 0x000001ed6af03000 	C:\Program Files\Java\jdk-11.0.4\bin\api-ms-win-crt-time-l1-1-0.dll
0x000001ed6af10000 - 0x000001ed6af13000 	C:\Program Files\Java\jdk-11.0.4\bin\api-ms-win-crt-utility-l1-1-0.dll
0x00007ffe12530000 - 0x00007ffe12626000 	C:\Program Files\Java\jdk-11.0.4\bin\ucrtbase.dll
0x00007ffe19410000 - 0x00007ffe19461000 	C:\Windows\System32\concrt140.dll
0x00007ffe38630000 - 0x00007ffe3864c000 	C:\Users\65839\.openjfx\cache\11.0.2\prism_sw.dll
0x00007ffe193f0000 - 0x00007ffe19404000 	C:\Users\65839\.openjfx\cache\11.0.2\javafx_font.dll
0x00007ffe4dde0000 - 0x00007ffe4df35000 	C:\Windows\System32\ole32.dll
0x00007ffe471a0000 - 0x00007ffe4723c000 	C:\Windows\system32\uxtheme.dll
0x00007ffe236b0000 - 0x00007ffe239ac000 	C:\Windows\SYSTEM32\dwrite.dll
0x00007ffe4df40000 - 0x00007ffe4dfe2000 	C:\Windows\System32\clbcatq.dll

dbghelp: loaded successfully - version: 4.0.5 - missing functions: none
symbol engine: initialized successfully - sym options: 0x614 - pdb path: .;C:\Program Files\Java\jdk-11.0.4\bin;C:\Windows\SYSTEM32;C:\Windows\WinSxS\amd64_microsoft.windows.common-controls_6595b64144ccf1df_6.0.17763.737_none_05b6437c071e554b;C:\Program Files\Java\jdk-11.0.4\bin\server;C:\Users\65839\.openjfx\cache\11.0.2

VM Arguments:
jvm_args: -Djava.awt.headless=true -Dorg.gradle.native=false -Dprism.order=sw -Dprism.text=t2k -Dtestfx.headless=true -Dtestfx.robot=glass -Dtestfx.setup.timeout=2500 -Xmx512m -Dfile.encoding=windows-1252 -Duser.country=SG -Duser.language=en -Duser.variant -ea 
java_command: worker.org.gradle.process.internal.worker.GradleWorkerMain 'Gradle Test Executor 1'
java_class_path (initial): C:\\Users\\65839\\.gradle\\caches\\5.5.1\\workerMain\\gradle-worker.jar;C:\\Users\\65839\\Downloads\\main\\build\\classes\\java\\test;C:\\Users\\65839\\Downloads\\main\\build\\resources\\test;C:\\Users\\65839\\Downloads\\main\\build\\classes\\java\\main;C:\\Users\\65839\\Downloads\\main\\build\\resources\\main;C:\\Users\\65839\\.gradle\\caches\\modules-2\\files-2.1\\org.testfx\\openjfx-monocle\\jdk-11+23\\49c00e5efae81dd5905b7d1dfa500f74d23067b0\\openjfx-monocle-jdk-11+23.jar;C:\\Users\\65839\\.gradle\\caches\\modules-2\\files-2.1\\org.openjfx\\javafx-fxml\\11.0.2\\b3242e4c031558574de2a1da685bb5fcdbb8a530\\javafx-fxml-11.0.2-win.jar;C:\\Users\\65839\\.gradle\\caches\\modules-2\\files-2.1\\org.openjfx\\javafx-controls\\11.0.2\\6c763707769c18adce406904c771c2ad1fcc370b\\javafx-controls-11.0.2-win.jar;C:\\Users\\65839\\.gradle\\caches\\modules-2\\files-2.1\\org.openjfx\\javafx-controls\\11.0.2\\4ab633cf1eea60f76e2ae9905aedac862da88b08\\javafx-controls-11.0.2.jar;C:\\Users\\65839\\.gradle\\caches\\modules-2\\files-2.1\\org.openjfx\\javafx-media\\11.0.2\\a9d052aba5dc676f26b5cfcd33a68e381f08a47a\\javafx-media-11.0.2-win.jar;C:\\Users\\65839\\.gradle\\caches\\modules-2\\files-2.1\\org.openjfx\\javafx-swing\\11-ea+19\\14cc7e2e2b91f706200dca410515d3411497c4c3\\javafx-swing-11-ea+19-win.jar;C:\\Users\\65839\\.gradle\\caches\\modules-2\\files-2.1\\org.openjfx\\javafx-graphics\\11.0.2\\20459ea2cf714942bcbeb78a7f70ba3531dc1a44\\javafx-graphics-11.0.2-win.jar;C:\\Users\\65839\\.gradle\\caches\\modules-2\\files-2.1\\org.openjfx\\javafx-graphics\\11.0.2\\e522eb4ea422eceeee207b1c266ba3db19b2343a\\javafx-graphics-11.0.2.jar;C:\\Users\\65839\\.gradle\\caches\\modules-2\\files-2.1\\org.openjfx\\javafx-base\\11.0.2\\1852e57b8cf9a9b6488c33605bccd5d06ff210e1\\javafx-base-11.0.2-win.jar;C:\\Users\\65839\\.gradle\\caches\\modules-2\\files-2.1\\org.openjfx\\javafx-base\\11.0.2\\7fb2e4a8528ec9e434a9ac9ee98b39af79e6dcb8\\javafx-base-11.0.2.jar;C:\\Users\\65839\\.gra
Launcher Type: SUN_STANDARD

[Global flags]
     intx CICompilerCount                          = 4                                         {product} {ergonomic}
     uint ConcGCThreads                            = 2                                         {product} {ergonomic}
     uint G1ConcRefinementThreads                  = 8                                         {product} {ergonomic}
   size_t G1HeapRegionSize                         = 1048576                                   {product} {ergonomic}
    uintx GCDrainStackTargetSize                   = 64                                        {product} {ergonomic}
   size_t InitialHeapSize                          = 266338304                                 {product} {ergonomic}
   size_t MarkStackSize                            = 4194304                                   {product} {ergonomic}
   size_t MaxHeapSize                              = 536870912                                 {product} {command line}
   size_t MaxNewSize                               = 321912832                                 {product} {ergonomic}
   size_t MinHeapDeltaBytes                        = 1048576                                   {product} {ergonomic}
    uintx NonNMethodCodeHeapSize                   = 5835340                                {pd product} {ergonomic}
    uintx NonProfiledCodeHeapSize                  = 122911450                              {pd product} {ergonomic}
    uintx ProfiledCodeHeapSize                     = 122911450                              {pd product} {ergonomic}
    uintx ReservedCodeCacheSize                    = 251658240                              {pd product} {ergonomic}
     bool SegmentedCodeCache                       = true                                      {product} {ergonomic}
     bool UseCompressedClassPointers               = true                                 {lp64_product} {ergonomic}
     bool UseCompressedOops                        = true                                 {lp64_product} {ergonomic}
     bool UseG1GC                                  = true                                      {product} {ergonomic}
     bool UseLargePagesIndividualAllocation        = false                                  {pd product} {ergonomic}

Logging:
Log output configuration:
 #0: stdout all=warning uptime,level,tags
 #1: stderr all=off uptime,level,tags

Environment Variables:
CLASSPATH=C:\Users\65839\Downloads\main\\gradle\wrapper\gradle-wrapper.jar
PATH=C:\Windows\system32;C:\Windows;C:\Windows\System32\Wbem;C:\Windows\System32\WindowsPowerShell\v1.0\;C:\Windows\System32\OpenSSH\;C:\Program Files (x86)\NVIDIA Corporation\PhysX\Common;C:\Program Files\Intel\WiFi\bin\;C:\Program Files\Common Files\Intel\WirelessCommon\;C:\Program Files\dotnet\;C:\Program Files\Git\cmd;C:\Program Files\Java\jdk-11.0.4\bin;C:\Users\65839\AppData\Local\Microsoft\WindowsApps;
USERNAME=carrie
OS=Windows_NT
PROCESSOR_IDENTIFIER=Intel64 Family 6 Model 142 Stepping 11, GenuineIntel



---------------  S Y S T E M  ---------------

OS: Windows 10 , 64 bit Build 17763 (10.0.17763.475)

CPU:total 8 (initial active 8) (4 cores per cpu, 2 threads per core) family 6 model 142 stepping 11, cmov, cx8, fxsr, mmx, sse, sse2, sse3, ssse3, sse4.1, sse4.2, popcnt, avx, avx2, aes, clmul, erms, 3dnowpref, lzcnt, ht, tsc, tscinvbit, bmi1, bmi2, adx, fma

Memory: 4k page, system-wide physical 16198M (7571M free)
TotalPageFile size 18630M (AvailPageFile size 7272M)
current process WorkingSet (physical memory assigned to process): 194M, peak: 207M
current process commit charge ("private bytes"): 412M, peak: 427M

vm_info: Java HotSpot(TM) 64-Bit Server VM (11.0.4+10-LTS) for windows-amd64 JRE (11.0.4+10-LTS), built on Jul  4 2019 16:28:13 by "mach5one" with MS VC++ 15.5 (VS2017)

END.
