2019-11-11 15:15:07.984 DEBUG [Main] - Start Coach Manager
2019-11-11 15:15:19.915 DEBUG [ScheduleStorage] - Load from file outside resources
2019-11-11 15:22:26.119 DEBUG [ScheduleStorage] - Load from file outside resources
2019-11-11 15:22:26.699 DEBUG [ScheduleStorage] - Load from file outside resources
2019-11-11 15:31:43.508 DEBUG [ScheduleStorage] - Load from file outside resources
2019-11-11 15:37:12.185 DEBUG [Main] - Start Coach Manager
2019-11-11 15:37:19.597 DEBUG [ParserSchedule] - Get the monthly schedule
2019-11-11 15:37:24.615 DEBUG [ScheduleStorage] - Load from file outside resources
2019-11-11 18:40:44.268 DEBUG [Main] - Start Coach Manager
2019-11-11 18:40:48.653 DEBUG [ParserSchedule] - Get the monthly schedule
2019-11-11 18:40:53.776 DEBUG [ScheduleStorage] - Load from file outside resources
2019-11-11 18:41:12.687 DEBUG [Main] - Start Coach Manager
2019-11-11 18:41:19.913 DEBUG [ParserSchedule] - Get the monthly schedule
2019-11-11 18:41:25.017 DEBUG [ScheduleStorage] - Load from file outside resources
2019-11-11 18:43:00.182 DEBUG [Main] - Start Coach Manager
2019-11-11 18:43:14.777 DEBUG [Main] - Start Coach Manager
2019-11-11 18:43:26.323 DEBUG [ParserSchedule] - Get the monthly schedule
2019-11-11 18:43:30.378 DEBUG [ScheduleStorage] - Load from file outside resources
2019-11-11 18:44:10.832 DEBUG [Main] - Start Coach Manager
2019-11-11 18:44:17.222 DEBUG [ParserSchedule] - Get the monthly schedule
2019-11-11 18:44:22.277 DEBUG [ScheduleStorage] - Load from file outside resources
2019-11-11 18:44:47.042 DEBUG [Main] - Start Coach Manager
2019-11-11 18:45:00.553 DEBUG [ParserSchedule] - Get the monthly schedule
2019-11-11 18:45:05.607 DEBUG [ScheduleStorage] - Load from file outside resources
2019-11-11 18:47:12.077 DEBUG [Main] - Start Coach Manager
2019-11-11 18:47:24.042 DEBUG [ParserSchedule] - Get the monthly schedule
2019-11-11 18:47:28.089 DEBUG [ScheduleStorage] - Load from file outside resources
2019-11-11 18:48:28.212 DEBUG [Main] - Start Coach Manager
2019-11-11 18:48:32.732 DEBUG [ParserSchedule] - Get the monthly schedule
2019-11-11 18:48:36.776 DEBUG [ScheduleStorage] - Load from file outside resources
2019-11-11 18:49:02.856 DEBUG [Main] - Start Coach Manager
2019-11-11 18:49:08.212 DEBUG [ParserSchedule] - Get the monthly schedule
2019-11-11 18:49:13.277 DEBUG [ScheduleStorage] - Load from file outside resources
2019-11-11 18:49:22.812 DEBUG [Main] - Start Coach Manager
2019-11-11 18:50:52.124 DEBUG [ParserSchedule] - Get the monthly schedule
2019-11-11 18:50:55.135 DEBUG [ScheduleStorage] - Load from file outside resources
2019-11-11 19:18:25.961 DEBUG [Main] - Start Coach Manager
2019-11-11 19:18:31.196 DEBUG [ParserSchedule] - Get the monthly schedule
2019-11-11 19:18:35.199 DEBUG [ParserSchedule] - Select month
2019-11-11 19:18:37.207 DEBUG [ScheduleStorage] - Load from file outside resources
2019-11-11 19:19:49.232 DEBUG [Schedule] - Wrong input format for adding to table
2019-11-11 19:19:49.233 DEBUG [ScheduleStorage] - Load from file outside resources
2019-11-11 19:19:49.541 DEBUG [ScheduleStorage] - Load from file outside resources
2019-11-11 19:25:01.807 DEBUG [Main] - Start Coach Manager
2019-11-11 19:25:07.345 DEBUG [ParserSchedule] - Get the monthly schedule
2019-11-11 19:25:11.347 DEBUG [ParserSchedule] - Select month
2019-11-11 19:25:12.352 DEBUG [ScheduleStorage] - Load from file outside resources
2019-11-11 19:25:36.359 DEBUG [Schedule] - Wrong input format for adding to table
2019-11-11 19:25:36.359 DEBUG [Schedule] - Cannot save file
2019-11-11 19:25:36.360 DEBUG [ScheduleStorage] - Load from file outside resources
2019-11-11 19:26:18.580 DEBUG [Main] - Start Coach Manager
2019-11-11 19:26:23.096 DEBUG [ParserSchedule] - Get the monthly schedule
2019-11-11 19:26:25.097 DEBUG [ParserSchedule] - Select month
2019-11-11 19:26:28.105 DEBUG [ScheduleStorage] - Load from file outside resources
2019-11-11 19:26:35.103 DEBUG [Schedule] - Wrong input format for adding to table
2019-11-11 19:26:35.104 DEBUG [Schedule] - Cannot save file
2019-11-11 19:26:35.105 DEBUG [ScheduleStorage] - Load from file outside resources
2019-11-11 19:27:36.133 DEBUG [DateHandler] - Valid time and format in convertTime
2019-11-11 19:27:36.134 DEBUG [DateHandler] - Invalid time or format in convertTime
2019-11-11 19:28:10.171 DEBUG [DateHandler] - Valid time and format in convertTime
2019-11-11 19:28:10.172 DEBUG [ScheduleStorage] - Load from file outside resources
2019-11-11 19:28:10.382 DEBUG [ScheduleStorage] - Load from file outside resources
2019-11-11 19:29:22.045 DEBUG [Main] - Start Coach Manager
2019-11-11 19:29:26.539 DEBUG [ParserSchedule] - Get the monthly schedule
2019-11-11 19:29:28.540 DEBUG [ParserSchedule] - Select month
2019-11-11 19:29:29.547 DEBUG [ScheduleStorage] - Load from file outside resources
2019-11-11 20:14:58.793 DEBUG [Schedule] - Wrong input format for adding to table
2019-11-11 20:14:58.811 DEBUG [DateHandler] - Valid time and format in convertTime
2019-11-11 20:14:58.811 DEBUG [DateHandler] - Valid time and format in convertTime
2019-11-11 20:14:58.813 DEBUG [ParseScheduleTable] - Correct Time
2019-11-11 20:15:20.957 DEBUG [Schedule] - Wrong input format for adding to table
2019-11-11 20:15:20.973 DEBUG [DateHandler] - Valid time and format in convertTime
2019-11-11 20:15:20.973 DEBUG [DateHandler] - Valid time and format in convertTime
2019-11-11 20:15:20.974 DEBUG [ParseScheduleTable] - Correct Time
2019-11-11 20:15:27.561 DEBUG [Schedule] - Wrong input format for adding to table
2019-11-11 20:15:27.577 DEBUG [DateHandler] - Valid time and format in convertTime
2019-11-11 20:15:27.577 DEBUG [DateHandler] - Valid time and format in convertTime
2019-11-11 20:15:27.578 DEBUG [ParseScheduleTable] - Correct Time
2019-11-11 20:24:25.457 DEBUG [DateHandler] - Valid time and format in convertTime
2019-11-11 20:24:25.466 DEBUG [DateHandler] - Invalid time or format in convertTime
2019-11-11 20:25:13.735 DEBUG [DateHandler] - Valid time and format in convertTime
2019-11-11 20:25:13.739 DEBUG [DateHandler] - Invalid time or format in convertTime
2019-11-11 20:25:58.232 DEBUG [DateHandler] - Valid time and format in convertTime
2019-11-11 20:25:58.235 DEBUG [DateHandler] - Invalid time or format in convertTime
2019-11-11 20:46:26.502 DEBUG [Schedule] - Wrong input format for adding to table
2019-11-11 20:46:26.510 DEBUG [DateHandler] - Valid time and format in convertTime
2019-11-11 20:46:26.510 DEBUG [DateHandler] - Valid time and format in convertTime
2019-11-11 20:46:26.510 DEBUG [ParseScheduleTable] - Correct Time
2019-11-11 20:46:26.519 DEBUG [DateHandler] - Valid time and format in convertTime
2019-11-11 20:46:26.519 DEBUG [DateHandler] - Invalid time or format in convertTime
